{"C:\\Users\\Admin\\Desktop\\SkillSync\\components\\AnimatedInput.tsx": {"path":"C:\\Users\\Admin\\Desktop\\SkillSync\\components\\AnimatedInput.tsx","statementMap":{"0":{"start":{"line":22,"column":29},"end":{"line":133,"column":2}},"1":{"start":{"line":33,"column":28},"end":{"line":33,"column":38}},"2":{"start":{"line":34,"column":20},"end":{"line":34,"column":99}},"3":{"start":{"line":35,"column":22},"end":{"line":35,"column":55}},"4":{"start":{"line":37,"column":36},"end":{"line":37,"column":51}},"5":{"start":{"line":38,"column":20},"end":{"line":38,"column":37}},"6":{"start":{"line":39,"column":20},"end":{"line":39,"column":37}},"7":{"start":{"line":42,"column":22},"end":{"line":47,"column":3}},"8":{"start":{"line":43,"column":4},"end":{"line":43,"column":23}},"9":{"start":{"line":44,"column":4},"end":{"line":44,"column":55}},"10":{"start":{"line":45,"column":4},"end":{"line":45,"column":58}},"11":{"start":{"line":46,"column":4},"end":{"line":46,"column":17}},"12":{"start":{"line":50,"column":21},"end":{"line":55,"column":3}},"13":{"start":{"line":51,"column":4},"end":{"line":51,"column":24}},"14":{"start":{"line":52,"column":4},"end":{"line":52,"column":55}},"15":{"start":{"line":53,"column":4},"end":{"line":53,"column":55}},"16":{"start":{"line":54,"column":4},"end":{"line":54,"column":16}},"17":{"start":{"line":58,"column":24},"end":{"line":70,"column":4}},"18":{"start":{"line":59,"column":4},"end":{"line":69,"column":6}},"19":{"start":{"line":73,"column":25},"end":{"line":87,"column":3}},"20":{"start":{"line":89,"column":2},"end":{"line":132,"column":4}},"21":{"start":{"line":135,"column":0},"end":{"line":135,"column":44}},"22":{"start":{"line":137,"column":15},"end":{"line":166,"column":2}}},"fnMap":{"0":{"name":"(anonymous_0)","decl":{"start":{"line":22,"column":71},"end":{"line":22,"column":72}},"loc":{"start":{"line":32,"column":11},"end":{"line":133,"column":1}},"line":32},"1":{"name":"(anonymous_1)","decl":{"start":{"line":42,"column":22},"end":{"line":42,"column":23}},"loc":{"start":{"line":42,"column":34},"end":{"line":47,"column":3}},"line":42},"2":{"name":"(anonymous_2)","decl":{"start":{"line":50,"column":21},"end":{"line":50,"column":22}},"loc":{"start":{"line":50,"column":33},"end":{"line":55,"column":3}},"line":50},"3":{"name":"(anonymous_3)","decl":{"start":{"line":58,"column":41},"end":{"line":58,"column":42}},"loc":{"start":{"line":58,"column":47},"end":{"line":70,"column":3}},"line":58}},"branchMap":{"0":{"loc":{"start":{"line":34,"column":20},"end":{"line":34,"column":99}},"type":"cond-expr","locations":[{"start":{"line":34,"column":76},"end":{"line":34,"column":89}},{"start":{"line":34,"column":92},"end":{"line":34,"column":99}}],"line":34},"1":{"loc":{"start":{"line":34,"column":20},"end":{"line":34,"column":73}},"type":"binary-expr","locations":[{"start":{"line":34,"column":20},"end":{"line":34,"column":45}},{"start":{"line":34,"column":49},"end":{"line":34,"column":73}}],"line":34},"2":{"loc":{"start":{"line":35,"column":22},"end":{"line":35,"column":55}},"type":"binary-expr","locations":[{"start":{"line":35,"column":22},"end":{"line":35,"column":39}},{"start":{"line":35,"column":43},"end":{"line":35,"column":55}}],"line":35},"3":{"loc":{"start":{"line":79,"column":21},"end":{"line":79,"column":50}},"type":"cond-expr","locations":[{"start":{"line":79,"column":45},"end":{"line":79,"column":46}},{"start":{"line":79,"column":49},"end":{"line":79,"column":50}}],"line":79},"4":{"loc":{"start":{"line":81,"column":17},"end":{"line":81,"column":68}},"type":"cond-expr","locations":[{"start":{"line":81,"column":29},"end":{"line":81,"column":47}},{"start":{"line":81,"column":50},"end":{"line":81,"column":68}}],"line":81},"5":{"loc":{"start":{"line":92,"column":9},"end":{"line":98,"column":9}},"type":"binary-expr","locations":[{"start":{"line":92,"column":9},"end":{"line":92,"column":13}},{"start":{"line":93,"column":10},"end":{"line":97,"column":12}}],"line":92},"6":{"loc":{"start":{"line":96,"column":19},"end":{"line":96,"column":77}},"type":"cond-expr","locations":[{"start":{"line":96,"column":31},"end":{"line":96,"column":49}},{"start":{"line":96,"column":52},"end":{"line":96,"column":77}}],"line":96},"7":{"loc":{"start":{"line":115,"column":9},"end":{"line":124,"column":9}},"type":"binary-expr","locations":[{"start":{"line":115,"column":9},"end":{"line":115,"column":18}},{"start":{"line":116,"column":10},"end":{"line":123,"column":29}}],"line":115},"8":{"loc":{"start":{"line":126,"column":7},"end":{"line":130,"column":7}},"type":"binary-expr","locations":[{"start":{"line":126,"column":7},"end":{"line":126,"column":12}},{"start":{"line":127,"column":8},"end":{"line":129,"column":24}}],"line":126},"9":{"loc":{"start":{"line":151,"column":8},"end":{"line":156,"column":5}},"type":"binary-expr","locations":[{"start":{"line":151,"column":8},"end":{"line":151,"column":29}},{"start":{"line":151,"column":33},"end":{"line":156,"column":5}}],"line":151}},"s":{"0":0,"1":0,"2":0,"3":0,"4":0,"5":0,"6":0,"7":0,"8":0,"9":0,"10":0,"11":0,"12":0,"13":0,"14":0,"15":0,"16":0,"17":0,"18":0,"19":0,"20":0,"21":0,"22":0},"f":{"0":0,"1":0,"2":0,"3":0},"b":{"0":[0,0],"1":[0,0],"2":[0,0],"3":[0,0],"4":[0,0],"5":[0,0],"6":[0,0],"7":[0,0],"8":[0,0],"9":[0,0]}}
,"C:\\Users\\Admin\\Desktop\\SkillSync\\components\\AnimatedLogo.tsx": {"path":"C:\\Users\\Admin\\Desktop\\SkillSync\\components\\AnimatedLogo.tsx","statementMap":{"0":{"start":{"line":23,"column":21},"end":{"line":23,"column":58}},"1":{"start":{"line":24,"column":21},"end":{"line":24,"column":58}},"2":{"start":{"line":25,"column":20},"end":{"line":25,"column":59}},"3":{"start":{"line":28,"column":2},"end":{"line":80,"column":95}},"4":{"start":{"line":30,"column":4},"end":{"line":35,"column":15}},"5":{"start":{"line":38,"column":28},"end":{"line":75,"column":5}},"6":{"start":{"line":40,"column":6},"end":{"line":53,"column":16}},"7":{"start":{"line":56,"column":6},"end":{"line":74,"column":16}},"8":{"start":{"line":78,"column":18},"end":{"line":78,"column":50}},"9":{"start":{"line":79,"column":4},"end":{"line":79,"column":37}},"10":{"start":{"line":79,"column":17},"end":{"line":79,"column":36}},"11":{"start":{"line":82,"column":2},"end":{"line":99,"column":4}}},"fnMap":{"0":{"name":"AnimatedLogo","decl":{"start":{"line":16,"column":24},"end":{"line":16,"column":36}},"loc":{"start":{"line":22,"column":22},"end":{"line":100,"column":1}},"line":22},"1":{"name":"(anonymous_1)","decl":{"start":{"line":28,"column":12},"end":{"line":28,"column":13}},"loc":{"start":{"line":28,"column":18},"end":{"line":80,"column":3}},"line":28},"2":{"name":"(anonymous_2)","decl":{"start":{"line":38,"column":28},"end":{"line":38,"column":29}},"loc":{"start":{"line":38,"column":34},"end":{"line":75,"column":5}},"line":38},"3":{"name":"(anonymous_3)","decl":{"start":{"line":79,"column":11},"end":{"line":79,"column":12}},"loc":{"start":{"line":79,"column":17},"end":{"line":79,"column":36}},"line":79}},"branchMap":{"0":{"loc":{"start":{"line":17,"column":2},"end":{"line":17,"column":12}},"type":"default-arg","locations":[{"start":{"line":17,"column":9},"end":{"line":17,"column":12}}],"line":17},"1":{"loc":{"start":{"line":19,"column":2},"end":{"line":19,"column":23}},"type":"default-arg","locations":[{"start":{"line":19,"column":20},"end":{"line":19,"column":23}}],"line":19},"2":{"loc":{"start":{"line":20,"column":2},"end":{"line":20,"column":21}},"type":"default-arg","locations":[{"start":{"line":20,"column":20},"end":{"line":20,"column":21}}],"line":20},"3":{"loc":{"start":{"line":21,"column":2},"end":{"line":21,"column":26}},"type":"default-arg","locations":[{"start":{"line":21,"column":22},"end":{"line":21,"column":26}}],"line":21}},"s":{"0":0,"1":0,"2":0,"3":0,"4":0,"5":0,"6":0,"7":0,"8":0,"9":0,"10":0,"11":0},"f":{"0":0,"1":0,"2":0,"3":0},"b":{"0":[0],"1":[0],"2":[0],"3":[0]}}
,"C:\\Users\\Admin\\Desktop\\SkillSync\\components\\DiaryItem.tsx": {"path":"C:\\Users\\Admin\\Desktop\\SkillSync\\components\\DiaryItem.tsx","statementMap":{"0":{"start":{"line":16,"column":44},"end":{"line":34,"column":1}},"1":{"start":{"line":17,"column":28},"end":{"line":17,"column":38}},"2":{"start":{"line":18,"column":20},"end":{"line":18,"column":99}},"3":{"start":{"line":19,"column":22},"end":{"line":19,"column":55}},"4":{"start":{"line":20,"column":24},"end":{"line":20,"column":55}},"5":{"start":{"line":21,"column":2},"end":{"line":33,"column":4}},"6":{"start":{"line":36,"column":15},"end":{"line":58,"column":2}}},"fnMap":{"0":{"name":"(anonymous_0)","decl":{"start":{"line":16,"column":44},"end":{"line":16,"column":45}},"loc":{"start":{"line":16,"column":71},"end":{"line":34,"column":1}},"line":16}},"branchMap":{"0":{"loc":{"start":{"line":18,"column":20},"end":{"line":18,"column":99}},"type":"cond-expr","locations":[{"start":{"line":18,"column":76},"end":{"line":18,"column":89}},{"start":{"line":18,"column":92},"end":{"line":18,"column":99}}],"line":18},"1":{"loc":{"start":{"line":18,"column":20},"end":{"line":18,"column":73}},"type":"binary-expr","locations":[{"start":{"line":18,"column":20},"end":{"line":18,"column":45}},{"start":{"line":18,"column":49},"end":{"line":18,"column":73}}],"line":18},"2":{"loc":{"start":{"line":19,"column":22},"end":{"line":19,"column":55}},"type":"binary-expr","locations":[{"start":{"line":19,"column":22},"end":{"line":19,"column":39}},{"start":{"line":19,"column":43},"end":{"line":19,"column":55}}],"line":19},"3":{"loc":{"start":{"line":25,"column":9},"end":{"line":27,"column":9}},"type":"binary-expr","locations":[{"start":{"line":25,"column":9},"end":{"line":25,"column":14}},{"start":{"line":25,"column":18},"end":{"line":25,"column":27}},{"start":{"line":26,"column":10},"end":{"line":26,"column":85}}],"line":25},"4":{"loc":{"start":{"line":30,"column":9},"end":{"line":30,"column":20}},"type":"binary-expr","locations":[{"start":{"line":30,"column":9},"end":{"line":30,"column":13}},{"start":{"line":30,"column":17},"end":{"line":30,"column":20}}],"line":30}},"s":{"0":0,"1":0,"2":0,"3":0,"4":0,"5":0,"6":0},"f":{"0":0},"b":{"0":[0,0],"1":[0,0],"2":[0,0],"3":[0,0,0],"4":[0,0]}}
,"C:\\Users\\Admin\\Desktop\\SkillSync\\components\\HapticTab.tsx": {"path":"C:\\Users\\Admin\\Desktop\\SkillSync\\components\\HapticTab.tsx","statementMap":{"0":{"start":{"line":6,"column":2},"end":{"line":17,"column":4}},"1":{"start":{"line":10,"column":8},"end":{"line":13,"column":9}},"2":{"start":{"line":12,"column":10},"end":{"line":12,"column":65}},"3":{"start":{"line":14,"column":8},"end":{"line":14,"column":30}}},"fnMap":{"0":{"name":"HapticTab","decl":{"start":{"line":5,"column":16},"end":{"line":5,"column":25}},"loc":{"start":{"line":5,"column":58},"end":{"line":18,"column":1}},"line":5},"1":{"name":"(anonymous_1)","decl":{"start":{"line":9,"column":17},"end":{"line":9,"column":18}},"loc":{"start":{"line":9,"column":25},"end":{"line":15,"column":7}},"line":9}},"branchMap":{"0":{"loc":{"start":{"line":10,"column":8},"end":{"line":13,"column":9}},"type":"if","locations":[{"start":{"line":10,"column":8},"end":{"line":13,"column":9}},{"start":{},"end":{}}],"line":10}},"s":{"0":0,"1":0,"2":0,"3":0},"f":{"0":0,"1":0},"b":{"0":[0,0]}}
,"C:\\Users\\Admin\\Desktop\\SkillSync\\components\\LanguageSelector.tsx": {"path":"C:\\Users\\Admin\\Desktop\\SkillSync\\components\\LanguageSelector.tsx","statementMap":{"0":{"start":{"line":15,"column":61},"end":{"line":15,"column":74}},"1":{"start":{"line":16,"column":28},"end":{"line":16,"column":38}},"2":{"start":{"line":17,"column":20},"end":{"line":17,"column":99}},"3":{"start":{"line":18,"column":22},"end":{"line":18,"column":55}},"4":{"start":{"line":21,"column":31},"end":{"line":30,"column":3}},"5":{"start":{"line":22,"column":4},"end":{"line":22,"column":59}},"6":{"start":{"line":24,"column":4},"end":{"line":29,"column":5}},"7":{"start":{"line":25,"column":6},"end":{"line":25,"column":37}},"8":{"start":{"line":26,"column":6},"end":{"line":26,"column":35}},"9":{"start":{"line":28,"column":6},"end":{"line":28,"column":57}},"10":{"start":{"line":32,"column":17},"end":{"line":89,"column":4}},"11":{"start":{"line":91,"column":2},"end":{"line":133,"column":4}},"12":{"start":{"line":104,"column":27},"end":{"line":104,"column":51}},"13":{"start":{"line":105,"column":10},"end":{"line":129,"column":12}},"14":{"start":{"line":109,"column":29},"end":{"line":109,"column":76}}},"fnMap":{"0":{"name":"LanguageSelector","decl":{"start":{"line":14,"column":24},"end":{"line":14,"column":40}},"loc":{"start":{"line":14,"column":86},"end":{"line":134,"column":1}},"line":14},"1":{"name":"(anonymous_1)","decl":{"start":{"line":21,"column":31},"end":{"line":21,"column":32}},"loc":{"start":{"line":21,"column":70},"end":{"line":30,"column":3}},"line":21},"2":{"name":"(anonymous_2)","decl":{"start":{"line":103,"column":49},"end":{"line":103,"column":50}},"loc":{"start":{"line":103,"column":67},"end":{"line":130,"column":9}},"line":103},"3":{"name":"(anonymous_3)","decl":{"start":{"line":109,"column":23},"end":{"line":109,"column":24}},"loc":{"start":{"line":109,"column":29},"end":{"line":109,"column":76}},"line":109}},"branchMap":{"0":{"loc":{"start":{"line":17,"column":20},"end":{"line":17,"column":99}},"type":"cond-expr","locations":[{"start":{"line":17,"column":76},"end":{"line":17,"column":89}},{"start":{"line":17,"column":92},"end":{"line":17,"column":99}}],"line":17},"1":{"loc":{"start":{"line":17,"column":20},"end":{"line":17,"column":73}},"type":"binary-expr","locations":[{"start":{"line":17,"column":20},"end":{"line":17,"column":45}},{"start":{"line":17,"column":49},"end":{"line":17,"column":73}}],"line":17},"2":{"loc":{"start":{"line":18,"column":22},"end":{"line":18,"column":55}},"type":"binary-expr","locations":[{"start":{"line":18,"column":22},"end":{"line":18,"column":39}},{"start":{"line":18,"column":43},"end":{"line":18,"column":55}}],"line":18},"3":{"loc":{"start":{"line":95,"column":7},"end":{"line":100,"column":7}},"type":"binary-expr","locations":[{"start":{"line":95,"column":7},"end":{"line":95,"column":20}},{"start":{"line":96,"column":8},"end":{"line":99,"column":15}}],"line":95},"4":{"loc":{"start":{"line":108,"column":45},"end":{"line":108,"column":84}},"type":"binary-expr","locations":[{"start":{"line":108,"column":45},"end":{"line":108,"column":53}},{"start":{"line":108,"column":57},"end":{"line":108,"column":84}}],"line":108},"5":{"loc":{"start":{"line":115,"column":23},"end":{"line":115,"column":80}},"type":"cond-expr","locations":[{"start":{"line":115,"column":34},"end":{"line":115,"column":52}},{"start":{"line":115,"column":55},"end":{"line":115,"column":80}}],"line":115},"6":{"loc":{"start":{"line":117,"column":49},"end":{"line":117,"column":86}},"type":"binary-expr","locations":[{"start":{"line":117,"column":49},"end":{"line":117,"column":57}},{"start":{"line":117,"column":61},"end":{"line":117,"column":86}}],"line":117},"7":{"loc":{"start":{"line":120,"column":15},"end":{"line":127,"column":15}},"type":"binary-expr","locations":[{"start":{"line":120,"column":15},"end":{"line":120,"column":23}},{"start":{"line":121,"column":16},"end":{"line":126,"column":18}}],"line":120}},"s":{"0":0,"1":0,"2":0,"3":0,"4":0,"5":0,"6":0,"7":0,"8":0,"9":0,"10":0,"11":0,"12":0,"13":0,"14":0},"f":{"0":0,"1":0,"2":0,"3":0},"b":{"0":[0,0],"1":[0,0],"2":[0,0],"3":[0,0],"4":[0,0],"5":[0,0],"6":[0,0],"7":[0,0]}}
,"C:\\Users\\Admin\\Desktop\\SkillSync\\components\\Logo.tsx": {"path":"C:\\Users\\Admin\\Desktop\\SkillSync\\components\\Logo.tsx","statementMap":{"0":{"start":{"line":13,"column":2},"end":{"line":25,"column":4}}},"fnMap":{"0":{"name":"Logo","decl":{"start":{"line":12,"column":24},"end":{"line":12,"column":28}},"loc":{"start":{"line":12,"column":63},"end":{"line":26,"column":1}},"line":12}},"branchMap":{"0":{"loc":{"start":{"line":12,"column":31},"end":{"line":12,"column":41}},"type":"default-arg","locations":[{"start":{"line":12,"column":38},"end":{"line":12,"column":41}}],"line":12}},"s":{"0":0},"f":{"0":0},"b":{"0":[0]}}
,"C:\\Users\\Admin\\Desktop\\SkillSync\\components\\OptimizedSkillCard.tsx": {"path":"C:\\Users\\Admin\\Desktop\\SkillSync\\components\\OptimizedSkillCard.tsx","statementMap":{"0":{"start":{"line":22,"column":27},"end":{"line":487,"column":2}},"1":{"start":{"line":34,"column":28},"end":{"line":34,"column":38}},"2":{"start":{"line":35,"column":20},"end":{"line":35,"column":99}},"3":{"start":{"line":36,"column":22},"end":{"line":36,"column":55}},"4":{"start":{"line":38,"column":48},"end":{"line":38,"column":61}},"5":{"start":{"line":39,"column":46},"end":{"line":39,"column":60}},"6":{"start":{"line":40,"column":60},"end":{"line":40,"column":87}},"7":{"start":{"line":43,"column":20},"end":{"line":43,"column":57}},"8":{"start":{"line":44,"column":22},"end":{"line":44,"column":59}},"9":{"start":{"line":45,"column":20},"end":{"line":45,"column":57}},"10":{"start":{"line":46,"column":20},"end":{"line":46,"column":57}},"11":{"start":{"line":47,"column":21},"end":{"line":47,"column":58}},"12":{"start":{"line":50,"column":23},"end":{"line":54,"column":57}},"13":{"start":{"line":51,"column":31},"end":{"line":51,"column":102}},"14":{"start":{"line":52,"column":26},"end":{"line":52,"column":94}},"15":{"start":{"line":53,"column":4},"end":{"line":53,"column":49}},"16":{"start":{"line":57,"column":24},"end":{"line":69,"column":22}},"17":{"start":{"line":58,"column":4},"end":{"line":58,"column":32}},"18":{"start":{"line":58,"column":22},"end":{"line":58,"column":32}},"19":{"start":{"line":60,"column":17},"end":{"line":60,"column":38}},"20":{"start":{"line":61,"column":16},"end":{"line":61,"column":26}},"21":{"start":{"line":62,"column":21},"end":{"line":62,"column":61}},"22":{"start":{"line":63,"column":21},"end":{"line":63,"column":64}},"23":{"start":{"line":65,"column":4},"end":{"line":65,"column":51}},"24":{"start":{"line":65,"column":24},"end":{"line":65,"column":51}},"25":{"start":{"line":66,"column":4},"end":{"line":66,"column":59}},"26":{"start":{"line":66,"column":22},"end":{"line":66,"column":59}},"27":{"start":{"line":67,"column":4},"end":{"line":67,"column":70}},"28":{"start":{"line":67,"column":23},"end":{"line":67,"column":70}},"29":{"start":{"line":68,"column":4},"end":{"line":68,"column":53}},"30":{"start":{"line":72,"column":2},"end":{"line":105,"column":58}},"31":{"start":{"line":75,"column":29},"end":{"line":95,"column":5}},"32":{"start":{"line":76,"column":6},"end":{"line":94,"column":7}},"33":{"start":{"line":77,"column":8},"end":{"line":90,"column":9}},"34":{"start":{"line":78,"column":34},"end":{"line":78,"column":77}},"35":{"start":{"line":79,"column":34},"end":{"line":79,"column":93}},"36":{"start":{"line":81,"column":39},"end":{"line":81,"column":75}},"37":{"start":{"line":82,"column":39},"end":{"line":82,"column":98}},"38":{"start":{"line":84,"column":10},"end":{"line":84,"column":69}},"39":{"start":{"line":85,"column":10},"end":{"line":85,"column":76}},"40":{"start":{"line":87,"column":10},"end":{"line":87,"column":54}},"41":{"start":{"line":88,"column":10},"end":{"line":88,"column":45}},"42":{"start":{"line":89,"column":10},"end":{"line":89,"column":54}},"43":{"start":{"line":92,"column":8},"end":{"line":92,"column":43}},"44":{"start":{"line":93,"column":8},"end":{"line":93,"column":52}},"45":{"start":{"line":98,"column":4},"end":{"line":98,"column":50}},"46":{"start":{"line":100,"column":4},"end":{"line":104,"column":6}},"47":{"start":{"line":101,"column":6},"end":{"line":103,"column":7}},"48":{"start":{"line":102,"column":8},"end":{"line":102,"column":32}},"49":{"start":{"line":108,"column":2},"end":{"line":129,"column":37}},"50":{"start":{"line":109,"column":4},"end":{"line":128,"column":5}},"51":{"start":{"line":110,"column":19},"end":{"line":115,"column":7}},"52":{"start":{"line":116,"column":24},"end":{"line":121,"column":7}},"53":{"start":{"line":122,"column":6},"end":{"line":122,"column":19}},"54":{"start":{"line":123,"column":6},"end":{"line":123,"column":24}},"55":{"start":{"line":124,"column":6},"end":{"line":127,"column":8}},"56":{"start":{"line":125,"column":8},"end":{"line":125,"column":20}},"57":{"start":{"line":126,"column":8},"end":{"line":126,"column":25}},"58":{"start":{"line":132,"column":24},"end":{"line":137,"column":30}},"59":{"start":{"line":133,"column":4},"end":{"line":136,"column":15}},"60":{"start":{"line":139,"column":25},"end":{"line":144,"column":30}},"61":{"start":{"line":140,"column":4},"end":{"line":143,"column":15}},"62":{"start":{"line":146,"column":21},"end":{"line":148,"column":18}},"63":{"start":{"line":147,"column":4},"end":{"line":147,"column":15}},"64":{"start":{"line":150,"column":26},"end":{"line":155,"column":29}},"65":{"start":{"line":151,"column":4},"end":{"line":154,"column":33}},"66":{"start":{"line":154,"column":19},"end":{"line":154,"column":31}},"67":{"start":{"line":157,"column":23},"end":{"line":170,"column":39}},"68":{"start":{"line":158,"column":4},"end":{"line":169,"column":6}},"69":{"start":{"line":166,"column":25},"end":{"line":166,"column":37}},"70":{"start":{"line":172,"column":28},"end":{"line":177,"column":32}},"71":{"start":{"line":173,"column":4},"end":{"line":176,"column":35}},"72":{"start":{"line":176,"column":19},"end":{"line":176,"column":33}},"73":{"start":{"line":180,"column":17},"end":{"line":365,"column":20}},"74":{"start":{"line":180,"column":31},"end":{"line":365,"column":4}},"75":{"start":{"line":368,"column":21},"end":{"line":371,"column":19}},"76":{"start":{"line":369,"column":18},"end":{"line":369,"column":50}},"77":{"start":{"line":370,"column":4},"end":{"line":370,"column":66}},"78":{"start":{"line":374,"column":2},"end":{"line":486,"column":4}},"79":{"start":{"line":489,"column":0},"end":{"line":489,"column":54}}},"fnMap":{"0":{"name":"(anonymous_0)","decl":{"start":{"line":22,"column":63},"end":{"line":22,"column":64}},"loc":{"start":{"line":33,"column":6},"end":{"line":487,"column":1}},"line":33},"1":{"name":"(anonymous_1)","decl":{"start":{"line":50,"column":31},"end":{"line":50,"column":32}},"loc":{"start":{"line":50,"column":37},"end":{"line":54,"column":3}},"line":50},"2":{"name":"(anonymous_2)","decl":{"start":{"line":57,"column":32},"end":{"line":57,"column":33}},"loc":{"start":{"line":57,"column":38},"end":{"line":69,"column":3}},"line":57},"3":{"name":"(anonymous_3)","decl":{"start":{"line":72,"column":12},"end":{"line":72,"column":13}},"loc":{"start":{"line":72,"column":18},"end":{"line":105,"column":3}},"line":72},"4":{"name":"(anonymous_4)","decl":{"start":{"line":75,"column":29},"end":{"line":75,"column":30}},"loc":{"start":{"line":75,"column":41},"end":{"line":95,"column":5}},"line":75},"5":{"name":"(anonymous_5)","decl":{"start":{"line":100,"column":11},"end":{"line":100,"column":12}},"loc":{"start":{"line":100,"column":17},"end":{"line":104,"column":5}},"line":100},"6":{"name":"(anonymous_6)","decl":{"start":{"line":108,"column":12},"end":{"line":108,"column":13}},"loc":{"start":{"line":108,"column":18},"end":{"line":129,"column":3}},"line":108},"7":{"name":"(anonymous_7)","decl":{"start":{"line":124,"column":13},"end":{"line":124,"column":14}},"loc":{"start":{"line":124,"column":19},"end":{"line":127,"column":7}},"line":124},"8":{"name":"(anonymous_8)","decl":{"start":{"line":132,"column":36},"end":{"line":132,"column":37}},"loc":{"start":{"line":132,"column":42},"end":{"line":137,"column":3}},"line":132},"9":{"name":"(anonymous_9)","decl":{"start":{"line":139,"column":37},"end":{"line":139,"column":38}},"loc":{"start":{"line":139,"column":43},"end":{"line":144,"column":3}},"line":139},"10":{"name":"(anonymous_10)","decl":{"start":{"line":146,"column":33},"end":{"line":146,"column":34}},"loc":{"start":{"line":146,"column":39},"end":{"line":148,"column":3}},"line":146},"11":{"name":"(anonymous_11)","decl":{"start":{"line":150,"column":38},"end":{"line":150,"column":39}},"loc":{"start":{"line":150,"column":44},"end":{"line":155,"column":3}},"line":150},"12":{"name":"(anonymous_12)","decl":{"start":{"line":154,"column":13},"end":{"line":154,"column":14}},"loc":{"start":{"line":154,"column":19},"end":{"line":154,"column":31}},"line":154},"13":{"name":"(anonymous_13)","decl":{"start":{"line":157,"column":35},"end":{"line":157,"column":36}},"loc":{"start":{"line":157,"column":41},"end":{"line":170,"column":3}},"line":157},"14":{"name":"(anonymous_14)","decl":{"start":{"line":166,"column":19},"end":{"line":166,"column":20}},"loc":{"start":{"line":166,"column":25},"end":{"line":166,"column":37}},"line":166},"15":{"name":"(anonymous_15)","decl":{"start":{"line":172,"column":40},"end":{"line":172,"column":41}},"loc":{"start":{"line":172,"column":46},"end":{"line":177,"column":3}},"line":172},"16":{"name":"(anonymous_16)","decl":{"start":{"line":176,"column":13},"end":{"line":176,"column":14}},"loc":{"start":{"line":176,"column":19},"end":{"line":176,"column":33}},"line":176},"17":{"name":"(anonymous_17)","decl":{"start":{"line":180,"column":25},"end":{"line":180,"column":26}},"loc":{"start":{"line":180,"column":31},"end":{"line":365,"column":4}},"line":180},"18":{"name":"(anonymous_18)","decl":{"start":{"line":368,"column":29},"end":{"line":368,"column":30}},"loc":{"start":{"line":368,"column":35},"end":{"line":371,"column":3}},"line":368}},"branchMap":{"0":{"loc":{"start":{"line":31,"column":2},"end":{"line":31,"column":18}},"type":"default-arg","locations":[{"start":{"line":31,"column":17},"end":{"line":31,"column":18}}],"line":31},"1":{"loc":{"start":{"line":32,"column":2},"end":{"line":32,"column":12}},"type":"default-arg","locations":[{"start":{"line":32,"column":11},"end":{"line":32,"column":12}}],"line":32},"2":{"loc":{"start":{"line":35,"column":20},"end":{"line":35,"column":99}},"type":"cond-expr","locations":[{"start":{"line":35,"column":76},"end":{"line":35,"column":89}},{"start":{"line":35,"column":92},"end":{"line":35,"column":99}}],"line":35},"3":{"loc":{"start":{"line":35,"column":20},"end":{"line":35,"column":73}},"type":"binary-expr","locations":[{"start":{"line":35,"column":20},"end":{"line":35,"column":45}},{"start":{"line":35,"column":49},"end":{"line":35,"column":73}}],"line":35},"4":{"loc":{"start":{"line":36,"column":22},"end":{"line":36,"column":55}},"type":"binary-expr","locations":[{"start":{"line":36,"column":22},"end":{"line":36,"column":39}},{"start":{"line":36,"column":43},"end":{"line":36,"column":55}}],"line":36},"5":{"loc":{"start":{"line":40,"column":69},"end":{"line":40,"column":86}},"type":"binary-expr","locations":[{"start":{"line":40,"column":69},"end":{"line":40,"column":80}},{"start":{"line":40,"column":84},"end":{"line":40,"column":86}}],"line":40},"6":{"loc":{"start":{"line":51,"column":49},"end":{"line":51,"column":92}},"type":"cond-expr","locations":[{"start":{"line":51,"column":80},"end":{"line":51,"column":88}},{"start":{"line":51,"column":91},"end":{"line":51,"column":92}}],"line":51},"7":{"loc":{"start":{"line":52,"column":26},"end":{"line":52,"column":94}},"type":"cond-expr","locations":[{"start":{"line":52,"column":54},"end":{"line":52,"column":73}},{"start":{"line":52,"column":76},"end":{"line":52,"column":94}}],"line":52},"8":{"loc":{"start":{"line":58,"column":4},"end":{"line":58,"column":32}},"type":"if","locations":[{"start":{"line":58,"column":4},"end":{"line":58,"column":32}},{"start":{},"end":{}}],"line":58},"9":{"loc":{"start":{"line":65,"column":4},"end":{"line":65,"column":51}},"type":"if","locations":[{"start":{"line":65,"column":4},"end":{"line":65,"column":51}},{"start":{},"end":{}}],"line":65},"10":{"loc":{"start":{"line":66,"column":4},"end":{"line":66,"column":59}},"type":"if","locations":[{"start":{"line":66,"column":4},"end":{"line":66,"column":59}},{"start":{},"end":{}}],"line":66},"11":{"loc":{"start":{"line":67,"column":4},"end":{"line":67,"column":70}},"type":"if","locations":[{"start":{"line":67,"column":4},"end":{"line":67,"column":70}},{"start":{},"end":{}}],"line":67},"12":{"loc":{"start":{"line":76,"column":6},"end":{"line":94,"column":7}},"type":"if","locations":[{"start":{"line":76,"column":6},"end":{"line":94,"column":7}},{"start":{"line":91,"column":13},"end":{"line":94,"column":7}}],"line":76},"13":{"loc":{"start":{"line":78,"column":34},"end":{"line":78,"column":77}},"type":"cond-expr","locations":[{"start":{"line":78,"column":56},"end":{"line":78,"column":67}},{"start":{"line":78,"column":70},"end":{"line":78,"column":77}}],"line":78},"14":{"loc":{"start":{"line":78,"column":34},"end":{"line":78,"column":53}},"type":"binary-expr","locations":[{"start":{"line":78,"column":34},"end":{"line":78,"column":38}},{"start":{"line":78,"column":42},"end":{"line":78,"column":53}}],"line":78},"15":{"loc":{"start":{"line":79,"column":34},"end":{"line":79,"column":93}},"type":"cond-expr","locations":[{"start":{"line":79,"column":70},"end":{"line":79,"column":88}},{"start":{"line":79,"column":91},"end":{"line":79,"column":93}}],"line":79},"16":{"loc":{"start":{"line":79,"column":34},"end":{"line":79,"column":67}},"type":"binary-expr","locations":[{"start":{"line":79,"column":34},"end":{"line":79,"column":45}},{"start":{"line":79,"column":49},"end":{"line":79,"column":67}}],"line":79},"17":{"loc":{"start":{"line":82,"column":39},"end":{"line":82,"column":98}},"type":"cond-expr","locations":[{"start":{"line":82,"column":57},"end":{"line":82,"column":93}},{"start":{"line":82,"column":96},"end":{"line":82,"column":98}}],"line":82},"18":{"loc":{"start":{"line":84,"column":28},"end":{"line":84,"column":67}},"type":"binary-expr","locations":[{"start":{"line":84,"column":28},"end":{"line":84,"column":48}},{"start":{"line":84,"column":52},"end":{"line":84,"column":67}}],"line":84},"19":{"loc":{"start":{"line":85,"column":35},"end":{"line":85,"column":74}},"type":"binary-expr","locations":[{"start":{"line":85,"column":35},"end":{"line":85,"column":55}},{"start":{"line":85,"column":59},"end":{"line":85,"column":74}}],"line":85},"20":{"loc":{"start":{"line":88,"column":28},"end":{"line":88,"column":43}},"type":"binary-expr","locations":[{"start":{"line":88,"column":28},"end":{"line":88,"column":32}},{"start":{"line":88,"column":36},"end":{"line":88,"column":43}}],"line":88},"21":{"loc":{"start":{"line":89,"column":35},"end":{"line":89,"column":52}},"type":"binary-expr","locations":[{"start":{"line":89,"column":35},"end":{"line":89,"column":46}},{"start":{"line":89,"column":50},"end":{"line":89,"column":52}}],"line":89},"22":{"loc":{"start":{"line":92,"column":26},"end":{"line":92,"column":41}},"type":"binary-expr","locations":[{"start":{"line":92,"column":26},"end":{"line":92,"column":30}},{"start":{"line":92,"column":34},"end":{"line":92,"column":41}}],"line":92},"23":{"loc":{"start":{"line":93,"column":33},"end":{"line":93,"column":50}},"type":"binary-expr","locations":[{"start":{"line":93,"column":33},"end":{"line":93,"column":44}},{"start":{"line":93,"column":48},"end":{"line":93,"column":50}}],"line":93},"24":{"loc":{"start":{"line":101,"column":6},"end":{"line":103,"column":7}},"type":"if","locations":[{"start":{"line":101,"column":6},"end":{"line":103,"column":7}},{"start":{},"end":{}}],"line":101},"25":{"loc":{"start":{"line":109,"column":4},"end":{"line":128,"column":5}},"type":"if","locations":[{"start":{"line":109,"column":4},"end":{"line":128,"column":5}},{"start":{},"end":{}}],"line":109},"26":{"loc":{"start":{"line":200,"column":19},"end":{"line":200,"column":65}},"type":"binary-expr","locations":[{"start":{"line":200,"column":19},"end":{"line":200,"column":55}},{"start":{"line":200,"column":59},"end":{"line":200,"column":65}}],"line":200},"27":{"loc":{"start":{"line":325,"column":20},"end":{"line":325,"column":107}},"type":"cond-expr","locations":[{"start":{"line":325,"column":55},"end":{"line":325,"column":86}},{"start":{"line":325,"column":89},"end":{"line":325,"column":107}}],"line":325},"28":{"loc":{"start":{"line":370,"column":11},"end":{"line":370,"column":65}},"type":"cond-expr","locations":[{"start":{"line":370,"column":39},"end":{"line":370,"column":44}},{"start":{"line":370,"column":47},"end":{"line":370,"column":65}}],"line":370},"29":{"loc":{"start":{"line":379,"column":49},"end":{"line":379,"column":95}},"type":"binary-expr","locations":[{"start":{"line":379,"column":49},"end":{"line":379,"column":85}},{"start":{"line":379,"column":89},"end":{"line":379,"column":95}}],"line":379},"30":{"loc":{"start":{"line":396,"column":19},"end":{"line":396,"column":40}},"type":"binary-expr","locations":[{"start":{"line":396,"column":19},"end":{"line":396,"column":33}},{"start":{"line":396,"column":37},"end":{"line":396,"column":40}}],"line":396},"31":{"loc":{"start":{"line":398,"column":17},"end":{"line":402,"column":17}},"type":"binary-expr","locations":[{"start":{"line":398,"column":17},"end":{"line":398,"column":40}},{"start":{"line":399,"column":18},"end":{"line":401,"column":25}}],"line":398},"32":{"loc":{"start":{"line":406,"column":17},"end":{"line":421,"column":17}},"type":"binary-expr","locations":[{"start":{"line":406,"column":17},"end":{"line":406,"column":27}},{"start":{"line":407,"column":18},"end":{"line":420,"column":34}}],"line":406},"33":{"loc":{"start":{"line":449,"column":19},"end":{"line":449,"column":113}},"type":"cond-expr","locations":[{"start":{"line":449,"column":60},"end":{"line":449,"column":73}},{"start":{"line":449,"column":76},"end":{"line":449,"column":113}}],"line":449},"34":{"loc":{"start":{"line":476,"column":11},"end":{"line":482,"column":11}},"type":"binary-expr","locations":[{"start":{"line":476,"column":11},"end":{"line":476,"column":24}},{"start":{"line":477,"column":12},"end":{"line":481,"column":19}}],"line":476}},"s":{"0":0,"1":0,"2":0,"3":0,"4":0,"5":0,"6":0,"7":0,"8":0,"9":0,"10":0,"11":0,"12":0,"13":0,"14":0,"15":0,"16":0,"17":0,"18":0,"19":0,"20":0,"21":0,"22":0,"23":0,"24":0,"25":0,"26":0,"27":0,"28":0,"29":0,"30":0,"31":0,"32":0,"33":0,"34":0,"35":0,"36":0,"37":0,"38":0,"39":0,"40":0,"41":0,"42":0,"43":0,"44":0,"45":0,"46":0,"47":0,"48":0,"49":0,"50":0,"51":0,"52":0,"53":0,"54":0,"55":0,"56":0,"57":0,"58":0,"59":0,"60":0,"61":0,"62":0,"63":0,"64":0,"65":0,"66":0,"67":0,"68":0,"69":0,"70":0,"71":0,"72":0,"73":0,"74":0,"75":0,"76":0,"77":0,"78":0,"79":0},"f":{"0":0,"1":0,"2":0,"3":0,"4":0,"5":0,"6":0,"7":0,"8":0,"9":0,"10":0,"11":0,"12":0,"13":0,"14":0,"15":0,"16":0,"17":0,"18":0},"b":{"0":[0],"1":[0],"2":[0,0],"3":[0,0],"4":[0,0],"5":[0,0],"6":[0,0],"7":[0,0],"8":[0,0],"9":[0,0],"10":[0,0],"11":[0,0],"12":[0,0],"13":[0,0],"14":[0,0],"15":[0,0],"16":[0,0],"17":[0,0],"18":[0,0],"19":[0,0],"20":[0,0],"21":[0,0],"22":[0,0],"23":[0,0],"24":[0,0],"25":[0,0],"26":[0,0],"27":[0,0],"28":[0,0],"29":[0,0],"30":[0,0],"31":[0,0],"32":[0,0],"33":[0,0],"34":[0,0]}}
,"C:\\Users\\Admin\\Desktop\\SkillSync\\components\\PerformanceDashboard.tsx": {"path":"C:\\Users\\Admin\\Desktop\\SkillSync\\components\\PerformanceDashboard.tsx","statementMap":{"0":{"start":{"line":27,"column":66},"end":{"line":357,"column":1}},"1":{"start":{"line":32,"column":28},"end":{"line":32,"column":38}},"2":{"start":{"line":33,"column":20},"end":{"line":33,"column":99}},"3":{"start":{"line":34,"column":22},"end":{"line":34,"column":55}},"4":{"start":{"line":36,"column":38},"end":{"line":36,"column":53}},"5":{"start":{"line":37,"column":38},"end":{"line":37,"column":49}},"6":{"start":{"line":39,"column":27},"end":{"line":55,"column":20}},"7":{"start":{"line":40,"column":4},"end":{"line":54,"column":6}},"8":{"start":{"line":49,"column":12},"end":{"line":49,"column":27}},"9":{"start":{"line":50,"column":12},"end":{"line":50,"column":44}},"10":{"start":{"line":50,"column":34},"end":{"line":50,"column":42}},"11":{"start":{"line":57,"column":24},"end":{"line":60,"column":17}},"12":{"start":{"line":58,"column":4},"end":{"line":58,"column":16}},"13":{"start":{"line":59,"column":4},"end":{"line":59,"column":36}},"14":{"start":{"line":59,"column":26},"end":{"line":59,"column":34}},"15":{"start":{"line":62,"column":30},"end":{"line":85,"column":15}},"16":{"start":{"line":63,"column":25},"end":{"line":63,"column":100}},"17":{"start":{"line":63,"column":79},"end":{"line":63,"column":96}},"18":{"start":{"line":64,"column":25},"end":{"line":64,"column":145}},"19":{"start":{"line":64,"column":79},"end":{"line":64,"column":98}},"20":{"start":{"line":67,"column":16},"end":{"line":67,"column":19}},"21":{"start":{"line":70,"column":4},"end":{"line":70,"column":40}},"22":{"start":{"line":70,"column":28},"end":{"line":70,"column":40}},"23":{"start":{"line":71,"column":4},"end":{"line":71,"column":40}},"24":{"start":{"line":71,"column":28},"end":{"line":71,"column":40}},"25":{"start":{"line":72,"column":4},"end":{"line":72,"column":41}},"26":{"start":{"line":72,"column":29},"end":{"line":72,"column":41}},"27":{"start":{"line":75,"column":4},"end":{"line":75,"column":40}},"28":{"start":{"line":75,"column":28},"end":{"line":75,"column":40}},"29":{"start":{"line":76,"column":4},"end":{"line":76,"column":40}},"30":{"start":{"line":76,"column":28},"end":{"line":76,"column":40}},"31":{"start":{"line":79,"column":4},"end":{"line":82,"column":5}},"32":{"start":{"line":80,"column":28},"end":{"line":80,"column":61}},"33":{"start":{"line":81,"column":6},"end":{"line":81,"column":43}},"34":{"start":{"line":81,"column":31},"end":{"line":81,"column":43}},"35":{"start":{"line":84,"column":4},"end":{"line":84,"column":45}},"36":{"start":{"line":87,"column":24},"end":{"line":91,"column":19}},"37":{"start":{"line":88,"column":4},"end":{"line":88,"column":48}},"38":{"start":{"line":88,"column":21},"end":{"line":88,"column":48}},"39":{"start":{"line":89,"column":4},"end":{"line":89,"column":70}},"40":{"start":{"line":89,"column":21},"end":{"line":89,"column":70}},"41":{"start":{"line":90,"column":4},"end":{"line":90,"column":29}},"42":{"start":{"line":93,"column":24},"end":{"line":98,"column":8}},"43":{"start":{"line":94,"column":4},"end":{"line":94,"column":40}},"44":{"start":{"line":94,"column":21},"end":{"line":94,"column":40}},"45":{"start":{"line":95,"column":4},"end":{"line":95,"column":35}},"46":{"start":{"line":95,"column":21},"end":{"line":95,"column":35}},"47":{"start":{"line":96,"column":4},"end":{"line":96,"column":35}},"48":{"start":{"line":96,"column":21},"end":{"line":96,"column":35}},"49":{"start":{"line":97,"column":4},"end":{"line":97,"column":18}},"50":{"start":{"line":100,"column":27},"end":{"line":100,"column":48}},"51":{"start":{"line":101,"column":21},"end":{"line":101,"column":52}},"52":{"start":{"line":102,"column":21},"end":{"line":102,"column":52}},"53":{"start":{"line":104,"column":17},"end":{"line":237,"column":4}},"54":{"start":{"line":239,"column":2},"end":{"line":356,"column":4}},"55":{"start":{"line":245,"column":25},"end":{"line":245,"column":51}},"56":{"start":{"line":281,"column":69},"end":{"line":281,"column":86}},"57":{"start":{"line":289,"column":76},"end":{"line":289,"column":95}},"58":{"start":{"line":299,"column":16},"end":{"line":315,"column":23}},"59":{"start":{"line":324,"column":16},"end":{"line":324,"column":70}}},"fnMap":{"0":{"name":"(anonymous_0)","decl":{"start":{"line":27,"column":66},"end":{"line":27,"column":67}},"loc":{"start":{"line":31,"column":6},"end":{"line":357,"column":1}},"line":31},"1":{"name":"(anonymous_1)","decl":{"start":{"line":39,"column":39},"end":{"line":39,"column":40}},"loc":{"start":{"line":39,"column":45},"end":{"line":55,"column":3}},"line":39},"2":{"name":"(anonymous_2)","decl":{"start":{"line":48,"column":19},"end":{"line":48,"column":20}},"loc":{"start":{"line":48,"column":25},"end":{"line":51,"column":11}},"line":48},"3":{"name":"(anonymous_3)","decl":{"start":{"line":50,"column":26},"end":{"line":50,"column":27}},"loc":{"start":{"line":50,"column":34},"end":{"line":50,"column":42}},"line":50},"4":{"name":"(anonymous_4)","decl":{"start":{"line":57,"column":36},"end":{"line":57,"column":37}},"loc":{"start":{"line":57,"column":42},"end":{"line":60,"column":3}},"line":57},"5":{"name":"(anonymous_5)","decl":{"start":{"line":59,"column":18},"end":{"line":59,"column":19}},"loc":{"start":{"line":59,"column":26},"end":{"line":59,"column":34}},"line":59},"6":{"name":"(anonymous_6)","decl":{"start":{"line":62,"column":42},"end":{"line":62,"column":43}},"loc":{"start":{"line":62,"column":48},"end":{"line":85,"column":3}},"line":62},"7":{"name":"(anonymous_7)","decl":{"start":{"line":63,"column":63},"end":{"line":63,"column":64}},"loc":{"start":{"line":63,"column":79},"end":{"line":63,"column":96}},"line":63},"8":{"name":"(anonymous_8)","decl":{"start":{"line":64,"column":63},"end":{"line":64,"column":64}},"loc":{"start":{"line":64,"column":79},"end":{"line":64,"column":98}},"line":64},"9":{"name":"(anonymous_9)","decl":{"start":{"line":87,"column":36},"end":{"line":87,"column":37}},"loc":{"start":{"line":87,"column":55},"end":{"line":91,"column":3}},"line":87},"10":{"name":"(anonymous_10)","decl":{"start":{"line":93,"column":36},"end":{"line":93,"column":37}},"loc":{"start":{"line":93,"column":55},"end":{"line":98,"column":3}},"line":93},"11":{"name":"(anonymous_11)","decl":{"start":{"line":245,"column":19},"end":{"line":245,"column":20}},"loc":{"start":{"line":245,"column":25},"end":{"line":245,"column":51}},"line":245},"12":{"name":"(anonymous_12)","decl":{"start":{"line":281,"column":53},"end":{"line":281,"column":54}},"loc":{"start":{"line":281,"column":69},"end":{"line":281,"column":86}},"line":281},"13":{"name":"(anonymous_13)","decl":{"start":{"line":289,"column":60},"end":{"line":289,"column":61}},"loc":{"start":{"line":289,"column":76},"end":{"line":289,"column":95}},"line":289},"14":{"name":"(anonymous_14)","decl":{"start":{"line":298,"column":51},"end":{"line":298,"column":52}},"loc":{"start":{"line":299,"column":16},"end":{"line":315,"column":23}},"line":299},"15":{"name":"(anonymous_15)","decl":{"start":{"line":323,"column":51},"end":{"line":323,"column":52}},"loc":{"start":{"line":324,"column":16},"end":{"line":324,"column":70}},"line":324}},"branchMap":{"0":{"loc":{"start":{"line":33,"column":20},"end":{"line":33,"column":99}},"type":"cond-expr","locations":[{"start":{"line":33,"column":76},"end":{"line":33,"column":89}},{"start":{"line":33,"column":92},"end":{"line":33,"column":99}}],"line":33},"1":{"loc":{"start":{"line":33,"column":20},"end":{"line":33,"column":73}},"type":"binary-expr","locations":[{"start":{"line":33,"column":20},"end":{"line":33,"column":45}},{"start":{"line":33,"column":49},"end":{"line":33,"column":73}}],"line":33},"2":{"loc":{"start":{"line":34,"column":22},"end":{"line":34,"column":55}},"type":"binary-expr","locations":[{"start":{"line":34,"column":22},"end":{"line":34,"column":39}},{"start":{"line":34,"column":43},"end":{"line":34,"column":55}}],"line":34},"3":{"loc":{"start":{"line":64,"column":25},"end":{"line":64,"column":145}},"type":"binary-expr","locations":[{"start":{"line":64,"column":25},"end":{"line":64,"column":140}},{"start":{"line":64,"column":144},"end":{"line":64,"column":145}}],"line":64},"4":{"loc":{"start":{"line":70,"column":4},"end":{"line":70,"column":40}},"type":"if","locations":[{"start":{"line":70,"column":4},"end":{"line":70,"column":40}},{"start":{},"end":{}}],"line":70},"5":{"loc":{"start":{"line":71,"column":4},"end":{"line":71,"column":40}},"type":"if","locations":[{"start":{"line":71,"column":4},"end":{"line":71,"column":40}},{"start":{},"end":{}}],"line":71},"6":{"loc":{"start":{"line":72,"column":4},"end":{"line":72,"column":41}},"type":"if","locations":[{"start":{"line":72,"column":4},"end":{"line":72,"column":41}},{"start":{},"end":{}}],"line":72},"7":{"loc":{"start":{"line":75,"column":4},"end":{"line":75,"column":40}},"type":"if","locations":[{"start":{"line":75,"column":4},"end":{"line":75,"column":40}},{"start":{},"end":{}}],"line":75},"8":{"loc":{"start":{"line":76,"column":4},"end":{"line":76,"column":40}},"type":"if","locations":[{"start":{"line":76,"column":4},"end":{"line":76,"column":40}},{"start":{},"end":{}}],"line":76},"9":{"loc":{"start":{"line":79,"column":4},"end":{"line":82,"column":5}},"type":"if","locations":[{"start":{"line":79,"column":4},"end":{"line":82,"column":5}},{"start":{},"end":{}}],"line":79},"10":{"loc":{"start":{"line":79,"column":8},"end":{"line":79,"column":50}},"type":"binary-expr","locations":[{"start":{"line":79,"column":8},"end":{"line":79,"column":30}},{"start":{"line":79,"column":34},"end":{"line":79,"column":50}}],"line":79},"11":{"loc":{"start":{"line":81,"column":6},"end":{"line":81,"column":43}},"type":"if","locations":[{"start":{"line":81,"column":6},"end":{"line":81,"column":43}},{"start":{},"end":{}}],"line":81},"12":{"loc":{"start":{"line":88,"column":4},"end":{"line":88,"column":48}},"type":"if","locations":[{"start":{"line":88,"column":4},"end":{"line":88,"column":48}},{"start":{},"end":{}}],"line":88},"13":{"loc":{"start":{"line":89,"column":4},"end":{"line":89,"column":70}},"type":"if","locations":[{"start":{"line":89,"column":4},"end":{"line":89,"column":70}},{"start":{},"end":{}}],"line":89},"14":{"loc":{"start":{"line":89,"column":28},"end":{"line":89,"column":69}},"type":"binary-expr","locations":[{"start":{"line":89,"column":28},"end":{"line":89,"column":47}},{"start":{"line":89,"column":51},"end":{"line":89,"column":69}}],"line":89},"15":{"loc":{"start":{"line":94,"column":4},"end":{"line":94,"column":40}},"type":"if","locations":[{"start":{"line":94,"column":4},"end":{"line":94,"column":40}},{"start":{},"end":{}}],"line":94},"16":{"loc":{"start":{"line":95,"column":4},"end":{"line":95,"column":35}},"type":"if","locations":[{"start":{"line":95,"column":4},"end":{"line":95,"column":35}},{"start":{},"end":{}}],"line":95},"17":{"loc":{"start":{"line":96,"column":4},"end":{"line":96,"column":35}},"type":"if","locations":[{"start":{"line":96,"column":4},"end":{"line":96,"column":35}},{"start":{},"end":{}}],"line":96},"18":{"loc":{"start":{"line":248,"column":18},"end":{"line":248,"column":60}},"type":"cond-expr","locations":[{"start":{"line":248,"column":31},"end":{"line":248,"column":43}},{"start":{"line":248,"column":46},"end":{"line":248,"column":60}}],"line":248},"19":{"loc":{"start":{"line":271,"column":7},"end":{"line":334,"column":7}},"type":"binary-expr","locations":[{"start":{"line":271,"column":7},"end":{"line":271,"column":17}},{"start":{"line":272,"column":8},"end":{"line":333,"column":21}}],"line":271},"20":{"loc":{"start":{"line":288,"column":15},"end":{"line":290,"column":23}},"type":"cond-expr","locations":[{"start":{"line":289,"column":18},"end":{"line":289,"column":153}},{"start":{"line":290,"column":18},"end":{"line":290,"column":23}}],"line":288},"21":{"loc":{"start":{"line":295,"column":11},"end":{"line":318,"column":11}},"type":"binary-expr","locations":[{"start":{"line":295,"column":11},"end":{"line":295,"column":50}},{"start":{"line":296,"column":12},"end":{"line":317,"column":19}}],"line":295},"22":{"loc":{"start":{"line":320,"column":11},"end":{"line":332,"column":11}},"type":"binary-expr","locations":[{"start":{"line":320,"column":11},"end":{"line":320,"column":40}},{"start":{"line":321,"column":12},"end":{"line":331,"column":19}}],"line":320},"23":{"loc":{"start":{"line":326,"column":15},"end":{"line":330,"column":15}},"type":"binary-expr","locations":[{"start":{"line":326,"column":15},"end":{"line":326,"column":45}},{"start":{"line":327,"column":16},"end":{"line":329,"column":23}}],"line":326}},"s":{"0":0,"1":0,"2":0,"3":0,"4":0,"5":0,"6":0,"7":0,"8":0,"9":0,"10":0,"11":0,"12":0,"13":0,"14":0,"15":0,"16":0,"17":0,"18":0,"19":0,"20":0,"21":0,"22":0,"23":0,"24":0,"25":0,"26":0,"27":0,"28":0,"29":0,"30":0,"31":0,"32":0,"33":0,"34":0,"35":0,"36":0,"37":0,"38":0,"39":0,"40":0,"41":0,"42":0,"43":0,"44":0,"45":0,"46":0,"47":0,"48":0,"49":0,"50":0,"51":0,"52":0,"53":0,"54":0,"55":0,"56":0,"57":0,"58":0,"59":0},"f":{"0":0,"1":0,"2":0,"3":0,"4":0,"5":0,"6":0,"7":0,"8":0,"9":0,"10":0,"11":0,"12":0,"13":0,"14":0,"15":0},"b":{"0":[0,0],"1":[0,0],"2":[0,0],"3":[0,0],"4":[0,0],"5":[0,0],"6":[0,0],"7":[0,0],"8":[0,0],"9":[0,0],"10":[0,0],"11":[0,0],"12":[0,0],"13":[0,0],"14":[0,0],"15":[0,0],"16":[0,0],"17":[0,0],"18":[0,0],"19":[0,0],"20":[0,0],"21":[0,0],"22":[0,0],"23":[0,0]}}
,"C:\\Users\\Admin\\Desktop\\SkillSync\\components\\ProfilePicture.tsx": {"path":"C:\\Users\\Admin\\Desktop\\SkillSync\\components\\ProfilePicture.tsx","statementMap":{"0":{"start":{"line":27,"column":54},"end":{"line":299,"column":1}},"1":{"start":{"line":34,"column":28},"end":{"line":34,"column":38}},"2":{"start":{"line":35,"column":20},"end":{"line":35,"column":99}},"3":{"start":{"line":36,"column":22},"end":{"line":36,"column":55}},"4":{"start":{"line":38,"column":40},"end":{"line":38,"column":55}},"5":{"start":{"line":39,"column":44},"end":{"line":39,"column":62}},"6":{"start":{"line":41,"column":20},"end":{"line":41,"column":63}},"7":{"start":{"line":42,"column":20},"end":{"line":42,"column":63}},"8":{"start":{"line":45,"column":2},"end":{"line":58,"column":17}},"9":{"start":{"line":46,"column":4},"end":{"line":46,"column":31}},"10":{"start":{"line":49,"column":4},"end":{"line":57,"column":5}},"11":{"start":{"line":50,"column":6},"end":{"line":56,"column":11}},"12":{"start":{"line":55,"column":10},"end":{"line":55,"column":73}},"13":{"start":{"line":60,"column":24},"end":{"line":68,"column":3}},"14":{"start":{"line":61,"column":4},"end":{"line":61,"column":26}},"15":{"start":{"line":61,"column":19},"end":{"line":61,"column":26}},"16":{"start":{"line":63,"column":4},"end":{"line":67,"column":15}},"17":{"start":{"line":70,"column":25},"end":{"line":78,"column":3}},"18":{"start":{"line":71,"column":4},"end":{"line":71,"column":26}},"19":{"start":{"line":71,"column":19},"end":{"line":71,"column":26}},"20":{"start":{"line":73,"column":4},"end":{"line":77,"column":15}},"21":{"start":{"line":80,"column":30},"end":{"line":95,"column":3}},"22":{"start":{"line":81,"column":4},"end":{"line":94,"column":14}},"23":{"start":{"line":97,"column":29},"end":{"line":100,"column":3}},"24":{"start":{"line":98,"column":4},"end":{"line":98,"column":30}},"25":{"start":{"line":99,"column":4},"end":{"line":99,"column":26}},"26":{"start":{"line":103,"column":29},"end":{"line":123,"column":3}},"27":{"start":{"line":104,"column":4},"end":{"line":121,"column":5}},"28":{"start":{"line":107,"column":6},"end":{"line":111,"column":7}},"29":{"start":{"line":108,"column":8},"end":{"line":108,"column":77}},"30":{"start":{"line":110,"column":8},"end":{"line":110,"column":83}},"31":{"start":{"line":113,"column":6},"end":{"line":120,"column":7}},"32":{"start":{"line":114,"column":8},"end":{"line":118,"column":10}},"33":{"start":{"line":119,"column":8},"end":{"line":119,"column":21}},"34":{"start":{"line":122,"column":4},"end":{"line":122,"column":16}},"35":{"start":{"line":126,"column":20},"end":{"line":146,"column":3}},"36":{"start":{"line":127,"column":4},"end":{"line":127,"column":26}},"37":{"start":{"line":127,"column":19},"end":{"line":127,"column":26}},"38":{"start":{"line":129,"column":26},"end":{"line":129,"column":52}},"39":{"start":{"line":130,"column":4},"end":{"line":130,"column":31}},"40":{"start":{"line":130,"column":24},"end":{"line":130,"column":31}},"41":{"start":{"line":132,"column":4},"end":{"line":145,"column":5}},"42":{"start":{"line":133,"column":21},"end":{"line":137,"column":8}},"43":{"start":{"line":139,"column":6},"end":{"line":141,"column":7}},"44":{"start":{"line":140,"column":8},"end":{"line":140,"column":48}},"45":{"start":{"line":143,"column":6},"end":{"line":143,"column":51}},"46":{"start":{"line":144,"column":6},"end":{"line":144,"column":70}},"47":{"start":{"line":149,"column":20},"end":{"line":169,"column":3}},"48":{"start":{"line":150,"column":4},"end":{"line":150,"column":26}},"49":{"start":{"line":150,"column":19},"end":{"line":150,"column":26}},"50":{"start":{"line":152,"column":26},"end":{"line":152,"column":56}},"51":{"start":{"line":153,"column":4},"end":{"line":153,"column":31}},"52":{"start":{"line":153,"column":24},"end":{"line":153,"column":31}},"53":{"start":{"line":155,"column":4},"end":{"line":168,"column":5}},"54":{"start":{"line":156,"column":21},"end":{"line":160,"column":8}},"55":{"start":{"line":162,"column":6},"end":{"line":164,"column":7}},"56":{"start":{"line":163,"column":8},"end":{"line":163,"column":48}},"57":{"start":{"line":166,"column":6},"end":{"line":166,"column":50}},"58":{"start":{"line":167,"column":6},"end":{"line":167,"column":70}},"59":{"start":{"line":172,"column":22},"end":{"line":193,"column":3}},"60":{"start":{"line":173,"column":4},"end":{"line":192,"column":5}},"61":{"start":{"line":174,"column":6},"end":{"line":174,"column":27}},"62":{"start":{"line":175,"column":6},"end":{"line":175,"column":28}},"63":{"start":{"line":176,"column":6},"end":{"line":176,"column":62}},"64":{"start":{"line":178,"column":26},"end":{"line":178,"column":81}},"65":{"start":{"line":180,"column":6},"end":{"line":184,"column":7}},"66":{"start":{"line":181,"column":8},"end":{"line":181,"column":38}},"67":{"start":{"line":182,"column":8},"end":{"line":182,"column":37}},"68":{"start":{"line":183,"column":8},"end":{"line":183,"column":76}},"69":{"start":{"line":186,"column":6},"end":{"line":186,"column":53}},"70":{"start":{"line":187,"column":6},"end":{"line":187,"column":72}},"71":{"start":{"line":188,"column":6},"end":{"line":188,"column":72}},"72":{"start":{"line":190,"column":6},"end":{"line":190,"column":28}},"73":{"start":{"line":191,"column":6},"end":{"line":191,"column":27}},"74":{"start":{"line":195,"column":27},"end":{"line":208,"column":3}},"75":{"start":{"line":196,"column":4},"end":{"line":196,"column":26}},"76":{"start":{"line":196,"column":19},"end":{"line":196,"column":26}},"77":{"start":{"line":198,"column":4},"end":{"line":207,"column":6}},"78":{"start":{"line":210,"column":22},"end":{"line":223,"column":3}},"79":{"start":{"line":211,"column":4},"end":{"line":222,"column":5}},"80":{"start":{"line":212,"column":6},"end":{"line":212,"column":27}},"81":{"start":{"line":213,"column":6},"end":{"line":213,"column":57}},"82":{"start":{"line":214,"column":6},"end":{"line":214,"column":34}},"83":{"start":{"line":215,"column":6},"end":{"line":215,"column":26}},"84":{"start":{"line":216,"column":6},"end":{"line":216,"column":74}},"85":{"start":{"line":218,"column":6},"end":{"line":218,"column":68}},"86":{"start":{"line":219,"column":6},"end":{"line":219,"column":72}},"87":{"start":{"line":221,"column":6},"end":{"line":221,"column":28}},"88":{"start":{"line":225,"column":25},"end":{"line":229,"column":3}},"89":{"start":{"line":231,"column":21},"end":{"line":235,"column":3}},"90":{"start":{"line":237,"column":2},"end":{"line":298,"column":4}},"91":{"start":{"line":260,"column":15},"end":{"line":260,"column":77}},"92":{"start":{"line":261,"column":15},"end":{"line":261,"column":75}},"93":{"start":{"line":262,"column":15},"end":{"line":262,"column":95}},"94":{"start":{"line":301,"column":15},"end":{"line":348,"column":2}}},"fnMap":{"0":{"name":"(anonymous_0)","decl":{"start":{"line":27,"column":54},"end":{"line":27,"column":55}},"loc":{"start":{"line":33,"column":6},"end":{"line":299,"column":1}},"line":33},"1":{"name":"(anonymous_1)","decl":{"start":{"line":45,"column":18},"end":{"line":45,"column":19}},"loc":{"start":{"line":45,"column":24},"end":{"line":58,"column":3}},"line":45},"2":{"name":"(anonymous_2)","decl":{"start":{"line":51,"column":14},"end":{"line":51,"column":15}},"loc":{"start":{"line":51,"column":26},"end":{"line":53,"column":9}},"line":51},"3":{"name":"(anonymous_3)","decl":{"start":{"line":54,"column":15},"end":{"line":54,"column":16}},"loc":{"start":{"line":54,"column":24},"end":{"line":56,"column":9}},"line":54},"4":{"name":"(anonymous_4)","decl":{"start":{"line":60,"column":24},"end":{"line":60,"column":25}},"loc":{"start":{"line":60,"column":30},"end":{"line":68,"column":3}},"line":60},"5":{"name":"(anonymous_5)","decl":{"start":{"line":70,"column":25},"end":{"line":70,"column":26}},"loc":{"start":{"line":70,"column":31},"end":{"line":78,"column":3}},"line":70},"6":{"name":"(anonymous_6)","decl":{"start":{"line":80,"column":30},"end":{"line":80,"column":31}},"loc":{"start":{"line":80,"column":36},"end":{"line":95,"column":3}},"line":80},"7":{"name":"(anonymous_7)","decl":{"start":{"line":97,"column":29},"end":{"line":97,"column":30}},"loc":{"start":{"line":97,"column":35},"end":{"line":100,"column":3}},"line":97},"8":{"name":"(anonymous_8)","decl":{"start":{"line":103,"column":29},"end":{"line":103,"column":30}},"loc":{"start":{"line":103,"column":67},"end":{"line":123,"column":3}},"line":103},"9":{"name":"(anonymous_9)","decl":{"start":{"line":126,"column":20},"end":{"line":126,"column":21}},"loc":{"start":{"line":126,"column":32},"end":{"line":146,"column":3}},"line":126},"10":{"name":"(anonymous_10)","decl":{"start":{"line":149,"column":20},"end":{"line":149,"column":21}},"loc":{"start":{"line":149,"column":32},"end":{"line":169,"column":3}},"line":149},"11":{"name":"(anonymous_11)","decl":{"start":{"line":172,"column":22},"end":{"line":172,"column":23}},"loc":{"start":{"line":172,"column":45},"end":{"line":193,"column":3}},"line":172},"12":{"name":"(anonymous_12)","decl":{"start":{"line":195,"column":27},"end":{"line":195,"column":28}},"loc":{"start":{"line":195,"column":33},"end":{"line":208,"column":3}},"line":195},"13":{"name":"(anonymous_13)","decl":{"start":{"line":210,"column":22},"end":{"line":210,"column":23}},"loc":{"start":{"line":210,"column":34},"end":{"line":223,"column":3}},"line":210},"14":{"name":"(anonymous_14)","decl":{"start":{"line":259,"column":22},"end":{"line":259,"column":23}},"loc":{"start":{"line":259,"column":33},"end":{"line":263,"column":14}},"line":259},"15":{"name":"(anonymous_15)","decl":{"start":{"line":264,"column":21},"end":{"line":264,"column":22}},"loc":{"start":{"line":264,"column":27},"end":{"line":266,"column":14}},"line":264}},"branchMap":{"0":{"loc":{"start":{"line":30,"column":2},"end":{"line":30,"column":11}},"type":"default-arg","locations":[{"start":{"line":30,"column":9},"end":{"line":30,"column":11}}],"line":30},"1":{"loc":{"start":{"line":32,"column":2},"end":{"line":32,"column":17}},"type":"default-arg","locations":[{"start":{"line":32,"column":13},"end":{"line":32,"column":17}}],"line":32},"2":{"loc":{"start":{"line":35,"column":20},"end":{"line":35,"column":99}},"type":"cond-expr","locations":[{"start":{"line":35,"column":76},"end":{"line":35,"column":89}},{"start":{"line":35,"column":92},"end":{"line":35,"column":99}}],"line":35},"3":{"loc":{"start":{"line":35,"column":20},"end":{"line":35,"column":73}},"type":"binary-expr","locations":[{"start":{"line":35,"column":20},"end":{"line":35,"column":45}},{"start":{"line":35,"column":49},"end":{"line":35,"column":73}}],"line":35},"4":{"loc":{"start":{"line":36,"column":22},"end":{"line":36,"column":55}},"type":"binary-expr","locations":[{"start":{"line":36,"column":22},"end":{"line":36,"column":39}},{"start":{"line":36,"column":43},"end":{"line":36,"column":55}}],"line":36},"5":{"loc":{"start":{"line":49,"column":4},"end":{"line":57,"column":5}},"type":"if","locations":[{"start":{"line":49,"column":4},"end":{"line":57,"column":5}},{"start":{},"end":{}}],"line":49},"6":{"loc":{"start":{"line":61,"column":4},"end":{"line":61,"column":26}},"type":"if","locations":[{"start":{"line":61,"column":4},"end":{"line":61,"column":26}},{"start":{},"end":{}}],"line":61},"7":{"loc":{"start":{"line":71,"column":4},"end":{"line":71,"column":26}},"type":"if","locations":[{"start":{"line":71,"column":4},"end":{"line":71,"column":26}},{"start":{},"end":{}}],"line":71},"8":{"loc":{"start":{"line":103,"column":36},"end":{"line":103,"column":62}},"type":"default-arg","locations":[{"start":{"line":103,"column":57},"end":{"line":103,"column":62}}],"line":103},"9":{"loc":{"start":{"line":104,"column":4},"end":{"line":121,"column":5}},"type":"if","locations":[{"start":{"line":104,"column":4},"end":{"line":121,"column":5}},{"start":{},"end":{}}],"line":104},"10":{"loc":{"start":{"line":107,"column":6},"end":{"line":111,"column":7}},"type":"if","locations":[{"start":{"line":107,"column":6},"end":{"line":111,"column":7}},{"start":{"line":109,"column":13},"end":{"line":111,"column":7}}],"line":107},"11":{"loc":{"start":{"line":113,"column":6},"end":{"line":120,"column":7}},"type":"if","locations":[{"start":{"line":113,"column":6},"end":{"line":120,"column":7}},{"start":{},"end":{}}],"line":113},"12":{"loc":{"start":{"line":116,"column":26},"end":{"line":116,"column":62}},"type":"cond-expr","locations":[{"start":{"line":116,"column":38},"end":{"line":116,"column":46}},{"start":{"line":116,"column":49},"end":{"line":116,"column":62}}],"line":116},"13":{"loc":{"start":{"line":116,"column":81},"end":{"line":116,"column":136}},"type":"cond-expr","locations":[{"start":{"line":116,"column":93},"end":{"line":116,"column":107}},{"start":{"line":116,"column":110},"end":{"line":116,"column":136}}],"line":116},"14":{"loc":{"start":{"line":127,"column":4},"end":{"line":127,"column":26}},"type":"if","locations":[{"start":{"line":127,"column":4},"end":{"line":127,"column":26}},{"start":{},"end":{}}],"line":127},"15":{"loc":{"start":{"line":130,"column":4},"end":{"line":130,"column":31}},"type":"if","locations":[{"start":{"line":130,"column":4},"end":{"line":130,"column":31}},{"start":{},"end":{}}],"line":130},"16":{"loc":{"start":{"line":139,"column":6},"end":{"line":141,"column":7}},"type":"if","locations":[{"start":{"line":139,"column":6},"end":{"line":141,"column":7}},{"start":{},"end":{}}],"line":139},"17":{"loc":{"start":{"line":139,"column":10},"end":{"line":139,"column":71}},"type":"binary-expr","locations":[{"start":{"line":139,"column":10},"end":{"line":139,"column":26}},{"start":{"line":139,"column":30},"end":{"line":139,"column":43}},{"start":{"line":139,"column":47},"end":{"line":139,"column":71}}],"line":139},"18":{"loc":{"start":{"line":150,"column":4},"end":{"line":150,"column":26}},"type":"if","locations":[{"start":{"line":150,"column":4},"end":{"line":150,"column":26}},{"start":{},"end":{}}],"line":150},"19":{"loc":{"start":{"line":153,"column":4},"end":{"line":153,"column":31}},"type":"if","locations":[{"start":{"line":153,"column":4},"end":{"line":153,"column":31}},{"start":{},"end":{}}],"line":153},"20":{"loc":{"start":{"line":162,"column":6},"end":{"line":164,"column":7}},"type":"if","locations":[{"start":{"line":162,"column":6},"end":{"line":164,"column":7}},{"start":{},"end":{}}],"line":162},"21":{"loc":{"start":{"line":162,"column":10},"end":{"line":162,"column":46}},"type":"binary-expr","locations":[{"start":{"line":162,"column":10},"end":{"line":162,"column":26}},{"start":{"line":162,"column":30},"end":{"line":162,"column":46}}],"line":162},"22":{"loc":{"start":{"line":180,"column":6},"end":{"line":184,"column":7}},"type":"if","locations":[{"start":{"line":180,"column":6},"end":{"line":184,"column":7}},{"start":{},"end":{}}],"line":180},"23":{"loc":{"start":{"line":196,"column":4},"end":{"line":196,"column":26}},"type":"if","locations":[{"start":{"line":196,"column":4},"end":{"line":196,"column":26}},{"start":{},"end":{}}],"line":196},"24":{"loc":{"start":{"line":205,"column":12},"end":{"line":205,"column":114}},"type":"cond-expr","locations":[{"start":{"line":205,"column":28},"end":{"line":205,"column":109}},{"start":{"line":205,"column":112},"end":{"line":205,"column":114}}],"line":205},"25":{"loc":{"start":{"line":244,"column":23},"end":{"line":244,"column":41}},"type":"cond-expr","locations":[{"start":{"line":244,"column":34},"end":{"line":244,"column":37}},{"start":{"line":244,"column":40},"end":{"line":244,"column":41}}],"line":244},"26":{"loc":{"start":{"line":245,"column":18},"end":{"line":245,"column":42}},"type":"binary-expr","locations":[{"start":{"line":245,"column":18},"end":{"line":245,"column":27}},{"start":{"line":245,"column":31},"end":{"line":245,"column":42}}],"line":245},"27":{"loc":{"start":{"line":247,"column":18},"end":{"line":272,"column":9}},"type":"cond-expr","locations":[{"start":{"line":248,"column":11},"end":{"line":267,"column":13}},{"start":{"line":269,"column":10},"end":{"line":271,"column":17}}],"line":247},"28":{"loc":{"start":{"line":274,"column":9},"end":{"line":289,"column":9}},"type":"binary-expr","locations":[{"start":{"line":274,"column":9},"end":{"line":274,"column":20}},{"start":{"line":275,"column":10},"end":{"line":288,"column":26}}],"line":274},"29":{"loc":{"start":{"line":291,"column":9},"end":{"line":295,"column":9}},"type":"binary-expr","locations":[{"start":{"line":291,"column":9},"end":{"line":291,"column":17}},{"start":{"line":291,"column":21},"end":{"line":291,"column":33}},{"start":{"line":292,"column":10},"end":{"line":294,"column":17}}],"line":291}},"s":{"0":0,"1":0,"2":0,"3":0,"4":0,"5":0,"6":0,"7":0,"8":0,"9":0,"10":0,"11":0,"12":0,"13":0,"14":0,"15":0,"16":0,"17":0,"18":0,"19":0,"20":0,"21":0,"22":0,"23":0,"24":0,"25":0,"26":0,"27":0,"28":0,"29":0,"30":0,"31":0,"32":0,"33":0,"34":0,"35":0,"36":0,"37":0,"38":0,"39":0,"40":0,"41":0,"42":0,"43":0,"44":0,"45":0,"46":0,"47":0,"48":0,"49":0,"50":0,"51":0,"52":0,"53":0,"54":0,"55":0,"56":0,"57":0,"58":0,"59":0,"60":0,"61":0,"62":0,"63":0,"64":0,"65":0,"66":0,"67":0,"68":0,"69":0,"70":0,"71":0,"72":0,"73":0,"74":0,"75":0,"76":0,"77":0,"78":0,"79":0,"80":0,"81":0,"82":0,"83":0,"84":0,"85":0,"86":0,"87":0,"88":0,"89":0,"90":0,"91":0,"92":0,"93":0,"94":0},"f":{"0":0,"1":0,"2":0,"3":0,"4":0,"5":0,"6":0,"7":0,"8":0,"9":0,"10":0,"11":0,"12":0,"13":0,"14":0,"15":0},"b":{"0":[0],"1":[0],"2":[0,0],"3":[0,0],"4":[0,0],"5":[0,0],"6":[0,0],"7":[0,0],"8":[0],"9":[0,0],"10":[0,0],"11":[0,0],"12":[0,0],"13":[0,0],"14":[0,0],"15":[0,0],"16":[0,0],"17":[0,0,0],"18":[0,0],"19":[0,0],"20":[0,0],"21":[0,0],"22":[0,0],"23":[0,0],"24":[0,0],"25":[0,0],"26":[0,0],"27":[0,0],"28":[0,0],"29":[0,0,0]}}
,"C:\\Users\\Admin\\Desktop\\SkillSync\\components\\ProgressBar.tsx": {"path":"C:\\Users\\Admin\\Desktop\\SkillSync\\components\\ProgressBar.tsx","statementMap":{"0":{"start":{"line":18,"column":48},"end":{"line":37,"column":1}},"1":{"start":{"line":19,"column":28},"end":{"line":19,"column":38}},"2":{"start":{"line":20,"column":20},"end":{"line":20,"column":99}},"3":{"start":{"line":21,"column":22},"end":{"line":21,"column":55}},"4":{"start":{"line":22,"column":23},"end":{"line":22,"column":70}},"5":{"start":{"line":23,"column":18},"end":{"line":23,"column":48}},"6":{"start":{"line":25,"column":2},"end":{"line":36,"column":4}},"7":{"start":{"line":39,"column":15},"end":{"line":53,"column":2}}},"fnMap":{"0":{"name":"(anonymous_0)","decl":{"start":{"line":18,"column":48},"end":{"line":18,"column":49}},"loc":{"start":{"line":18,"column":86},"end":{"line":37,"column":1}},"line":18}},"branchMap":{"0":{"loc":{"start":{"line":18,"column":61},"end":{"line":18,"column":72}},"type":"default-arg","locations":[{"start":{"line":18,"column":70},"end":{"line":18,"column":72}}],"line":18},"1":{"loc":{"start":{"line":20,"column":20},"end":{"line":20,"column":99}},"type":"cond-expr","locations":[{"start":{"line":20,"column":76},"end":{"line":20,"column":89}},{"start":{"line":20,"column":92},"end":{"line":20,"column":99}}],"line":20},"2":{"loc":{"start":{"line":20,"column":20},"end":{"line":20,"column":73}},"type":"binary-expr","locations":[{"start":{"line":20,"column":20},"end":{"line":20,"column":45}},{"start":{"line":20,"column":49},"end":{"line":20,"column":73}}],"line":20},"3":{"loc":{"start":{"line":21,"column":22},"end":{"line":21,"column":55}},"type":"binary-expr","locations":[{"start":{"line":21,"column":22},"end":{"line":21,"column":39}},{"start":{"line":21,"column":43},"end":{"line":21,"column":55}}],"line":21},"4":{"loc":{"start":{"line":22,"column":23},"end":{"line":22,"column":70}},"type":"cond-expr","locations":[{"start":{"line":22,"column":31},"end":{"line":22,"column":45}},{"start":{"line":22,"column":48},"end":{"line":22,"column":70}}],"line":22}},"s":{"0":1,"1":3,"2":3,"3":3,"4":3,"5":3,"6":3,"7":1},"f":{"0":3},"b":{"0":[2],"1":[3,0],"2":[3,0],"3":[3,0],"4":[1,2]},"_coverageSchema":"1a1c01bbd47fc00a2c39e90264f33305004495a9","hash":"31a9603e996616002d8d36968a3ee7a9dc0674f2"}
,"C:\\Users\\Admin\\Desktop\\SkillSync\\components\\RecentActivity.tsx": {"path":"C:\\Users\\Admin\\Desktop\\SkillSync\\components\\RecentActivity.tsx","statementMap":{"0":{"start":{"line":20,"column":28},"end":{"line":20,"column":38}},"1":{"start":{"line":21,"column":16},"end":{"line":21,"column":95}},"2":{"start":{"line":22,"column":22},"end":{"line":22,"column":51}},"3":{"start":{"line":25,"column":27},"end":{"line":36,"column":14}},"4":{"start":{"line":26,"column":16},"end":{"line":26,"column":26}},"5":{"start":{"line":27,"column":4},"end":{"line":35,"column":19}},"6":{"start":{"line":28,"column":21},"end":{"line":28,"column":36}},"7":{"start":{"line":30,"column":18},"end":{"line":30,"column":51}},"8":{"start":{"line":31,"column":24},"end":{"line":31,"column":89}},"9":{"start":{"line":32,"column":8},"end":{"line":32,"column":33}},"10":{"start":{"line":34,"column":22},"end":{"line":34,"column":43}},"11":{"start":{"line":39,"column":24},"end":{"line":45,"column":3}},"12":{"start":{"line":40,"column":4},"end":{"line":40,"column":37}},"13":{"start":{"line":40,"column":22},"end":{"line":40,"column":37}},"14":{"start":{"line":41,"column":4},"end":{"line":41,"column":42}},"15":{"start":{"line":41,"column":23},"end":{"line":41,"column":42}},"16":{"start":{"line":42,"column":4},"end":{"line":42,"column":50}},"17":{"start":{"line":42,"column":21},"end":{"line":42,"column":50}},"18":{"start":{"line":43,"column":4},"end":{"line":43,"column":68}},"19":{"start":{"line":43,"column":22},"end":{"line":43,"column":68}},"20":{"start":{"line":44,"column":4},"end":{"line":44,"column":52}},"21":{"start":{"line":47,"column":2},"end":{"line":47,"column":49}},"22":{"start":{"line":47,"column":37},"end":{"line":47,"column":49}},"23":{"start":{"line":49,"column":2},"end":{"line":80,"column":4}},"24":{"start":{"line":57,"column":8},"end":{"line":77,"column":27}},"25":{"start":{"line":60,"column":25},"end":{"line":60,"column":50}},"26":{"start":{"line":83,"column":15},"end":{"line":144,"column":2}}},"fnMap":{"0":{"name":"RecentActivity","decl":{"start":{"line":19,"column":24},"end":{"line":19,"column":38}},"loc":{"start":{"line":19,"column":86},"end":{"line":81,"column":1}},"line":19},"1":{"name":"(anonymous_1)","decl":{"start":{"line":25,"column":41},"end":{"line":25,"column":42}},"loc":{"start":{"line":25,"column":47},"end":{"line":36,"column":3}},"line":25},"2":{"name":"(anonymous_2)","decl":{"start":{"line":28,"column":14},"end":{"line":28,"column":15}},"loc":{"start":{"line":28,"column":21},"end":{"line":28,"column":36}},"line":28},"3":{"name":"(anonymous_3)","decl":{"start":{"line":29,"column":11},"end":{"line":29,"column":12}},"loc":{"start":{"line":29,"column":18},"end":{"line":33,"column":7}},"line":29},"4":{"name":"(anonymous_4)","decl":{"start":{"line":34,"column":12},"end":{"line":34,"column":13}},"loc":{"start":{"line":34,"column":22},"end":{"line":34,"column":43}},"line":34},"5":{"name":"(anonymous_5)","decl":{"start":{"line":39,"column":24},"end":{"line":39,"column":25}},"loc":{"start":{"line":39,"column":45},"end":{"line":45,"column":3}},"line":39},"6":{"name":"(anonymous_6)","decl":{"start":{"line":56,"column":28},"end":{"line":56,"column":29}},"loc":{"start":{"line":57,"column":8},"end":{"line":77,"column":27}},"line":57},"7":{"name":"(anonymous_7)","decl":{"start":{"line":60,"column":19},"end":{"line":60,"column":20}},"loc":{"start":{"line":60,"column":25},"end":{"line":60,"column":50}},"line":60}},"branchMap":{"0":{"loc":{"start":{"line":21,"column":16},"end":{"line":21,"column":95}},"type":"cond-expr","locations":[{"start":{"line":21,"column":72},"end":{"line":21,"column":85}},{"start":{"line":21,"column":88},"end":{"line":21,"column":95}}],"line":21},"1":{"loc":{"start":{"line":21,"column":16},"end":{"line":21,"column":69}},"type":"binary-expr","locations":[{"start":{"line":21,"column":16},"end":{"line":21,"column":41}},{"start":{"line":21,"column":45},"end":{"line":21,"column":69}}],"line":21},"2":{"loc":{"start":{"line":22,"column":22},"end":{"line":22,"column":51}},"type":"binary-expr","locations":[{"start":{"line":22,"column":22},"end":{"line":22,"column":35}},{"start":{"line":22,"column":39},"end":{"line":22,"column":51}}],"line":22},"3":{"loc":{"start":{"line":40,"column":4},"end":{"line":40,"column":37}},"type":"if","locations":[{"start":{"line":40,"column":4},"end":{"line":40,"column":37}},{"start":{},"end":{}}],"line":40},"4":{"loc":{"start":{"line":41,"column":4},"end":{"line":41,"column":42}},"type":"if","locations":[{"start":{"line":41,"column":4},"end":{"line":41,"column":42}},{"start":{},"end":{}}],"line":41},"5":{"loc":{"start":{"line":42,"column":4},"end":{"line":42,"column":50}},"type":"if","locations":[{"start":{"line":42,"column":4},"end":{"line":42,"column":50}},{"start":{},"end":{}}],"line":42},"6":{"loc":{"start":{"line":43,"column":4},"end":{"line":43,"column":68}},"type":"if","locations":[{"start":{"line":43,"column":4},"end":{"line":43,"column":68}},{"start":{},"end":{}}],"line":43},"7":{"loc":{"start":{"line":47,"column":2},"end":{"line":47,"column":49}},"type":"if","locations":[{"start":{"line":47,"column":2},"end":{"line":47,"column":49}},{"start":{},"end":{}}],"line":47}},"s":{"0":0,"1":0,"2":0,"3":0,"4":0,"5":0,"6":0,"7":0,"8":0,"9":0,"10":0,"11":0,"12":0,"13":0,"14":0,"15":0,"16":0,"17":0,"18":0,"19":0,"20":0,"21":0,"22":0,"23":0,"24":0,"25":0,"26":0},"f":{"0":0,"1":0,"2":0,"3":0,"4":0,"5":0,"6":0,"7":0},"b":{"0":[0,0],"1":[0,0],"2":[0,0],"3":[0,0],"4":[0,0],"5":[0,0],"6":[0,0],"7":[0,0]}}
,"C:\\Users\\Admin\\Desktop\\SkillSync\\components\\SkillCard.tsx": {"path":"C:\\Users\\Admin\\Desktop\\SkillSync\\components\\SkillCard.tsx","statementMap":{"0":{"start":{"line":33,"column":28},"end":{"line":33,"column":38}},"1":{"start":{"line":34,"column":20},"end":{"line":34,"column":99}},"2":{"start":{"line":35,"column":22},"end":{"line":35,"column":55}},"3":{"start":{"line":37,"column":48},"end":{"line":37,"column":61}},"4":{"start":{"line":38,"column":46},"end":{"line":38,"column":60}},"5":{"start":{"line":39,"column":60},"end":{"line":39,"column":87}},"6":{"start":{"line":42,"column":20},"end":{"line":42,"column":57}},"7":{"start":{"line":43,"column":22},"end":{"line":43,"column":59}},"8":{"start":{"line":44,"column":20},"end":{"line":44,"column":57}},"9":{"start":{"line":45,"column":20},"end":{"line":45,"column":57}},"10":{"start":{"line":46,"column":21},"end":{"line":46,"column":58}},"11":{"start":{"line":49,"column":2},"end":{"line":70,"column":37}},"12":{"start":{"line":50,"column":4},"end":{"line":69,"column":5}},"13":{"start":{"line":51,"column":19},"end":{"line":56,"column":7}},"14":{"start":{"line":57,"column":24},"end":{"line":62,"column":7}},"15":{"start":{"line":63,"column":6},"end":{"line":63,"column":19}},"16":{"start":{"line":64,"column":6},"end":{"line":64,"column":24}},"17":{"start":{"line":65,"column":6},"end":{"line":68,"column":8}},"18":{"start":{"line":66,"column":8},"end":{"line":66,"column":20}},"19":{"start":{"line":67,"column":8},"end":{"line":67,"column":25}},"20":{"start":{"line":72,"column":24},"end":{"line":77,"column":3}},"21":{"start":{"line":73,"column":4},"end":{"line":76,"column":15}},"22":{"start":{"line":79,"column":25},"end":{"line":84,"column":3}},"23":{"start":{"line":80,"column":4},"end":{"line":83,"column":15}},"24":{"start":{"line":86,"column":21},"end":{"line":88,"column":3}},"25":{"start":{"line":87,"column":4},"end":{"line":87,"column":15}},"26":{"start":{"line":90,"column":26},"end":{"line":95,"column":3}},"27":{"start":{"line":91,"column":4},"end":{"line":94,"column":33}},"28":{"start":{"line":94,"column":19},"end":{"line":94,"column":31}},"29":{"start":{"line":97,"column":23},"end":{"line":110,"column":3}},"30":{"start":{"line":98,"column":4},"end":{"line":109,"column":6}},"31":{"start":{"line":106,"column":25},"end":{"line":106,"column":37}},"32":{"start":{"line":112,"column":28},"end":{"line":117,"column":3}},"33":{"start":{"line":113,"column":4},"end":{"line":116,"column":35}},"34":{"start":{"line":116,"column":19},"end":{"line":116,"column":33}},"35":{"start":{"line":120,"column":2},"end":{"line":144,"column":58}},"36":{"start":{"line":121,"column":29},"end":{"line":141,"column":5}},"37":{"start":{"line":122,"column":6},"end":{"line":140,"column":7}},"38":{"start":{"line":123,"column":8},"end":{"line":136,"column":9}},"39":{"start":{"line":124,"column":34},"end":{"line":124,"column":77}},"40":{"start":{"line":125,"column":34},"end":{"line":125,"column":93}},"41":{"start":{"line":127,"column":39},"end":{"line":127,"column":75}},"42":{"start":{"line":128,"column":39},"end":{"line":128,"column":98}},"43":{"start":{"line":130,"column":10},"end":{"line":130,"column":69}},"44":{"start":{"line":131,"column":10},"end":{"line":131,"column":76}},"45":{"start":{"line":133,"column":10},"end":{"line":133,"column":54}},"46":{"start":{"line":134,"column":10},"end":{"line":134,"column":45}},"47":{"start":{"line":135,"column":10},"end":{"line":135,"column":54}},"48":{"start":{"line":138,"column":8},"end":{"line":138,"column":43}},"49":{"start":{"line":139,"column":8},"end":{"line":139,"column":52}},"50":{"start":{"line":143,"column":4},"end":{"line":143,"column":23}},"51":{"start":{"line":146,"column":21},"end":{"line":156,"column":3}},"52":{"start":{"line":147,"column":17},"end":{"line":147,"column":37}},"53":{"start":{"line":148,"column":16},"end":{"line":148,"column":26}},"54":{"start":{"line":149,"column":21},"end":{"line":149,"column":61}},"55":{"start":{"line":150,"column":21},"end":{"line":150,"column":64}},"56":{"start":{"line":152,"column":4},"end":{"line":152,"column":51}},"57":{"start":{"line":152,"column":24},"end":{"line":152,"column":51}},"58":{"start":{"line":153,"column":4},"end":{"line":153,"column":59}},"59":{"start":{"line":153,"column":22},"end":{"line":153,"column":59}},"60":{"start":{"line":154,"column":4},"end":{"line":154,"column":70}},"61":{"start":{"line":154,"column":23},"end":{"line":154,"column":70}},"62":{"start":{"line":155,"column":4},"end":{"line":155,"column":53}},"63":{"start":{"line":159,"column":29},"end":{"line":159,"column":100}},"64":{"start":{"line":160,"column":24},"end":{"line":160,"column":92}},"65":{"start":{"line":161,"column":21},"end":{"line":161,"column":75}},"66":{"start":{"line":164,"column":17},"end":{"line":349,"column":4}},"67":{"start":{"line":352,"column":2},"end":{"line":464,"column":4}}},"fnMap":{"0":{"name":"SkillCard","decl":{"start":{"line":21,"column":24},"end":{"line":21,"column":33}},"loc":{"start":{"line":32,"column":19},"end":{"line":465,"column":1}},"line":32},"1":{"name":"(anonymous_1)","decl":{"start":{"line":49,"column":12},"end":{"line":49,"column":13}},"loc":{"start":{"line":49,"column":18},"end":{"line":70,"column":3}},"line":49},"2":{"name":"(anonymous_2)","decl":{"start":{"line":65,"column":13},"end":{"line":65,"column":14}},"loc":{"start":{"line":65,"column":19},"end":{"line":68,"column":7}},"line":65},"3":{"name":"(anonymous_3)","decl":{"start":{"line":72,"column":24},"end":{"line":72,"column":25}},"loc":{"start":{"line":72,"column":30},"end":{"line":77,"column":3}},"line":72},"4":{"name":"(anonymous_4)","decl":{"start":{"line":79,"column":25},"end":{"line":79,"column":26}},"loc":{"start":{"line":79,"column":31},"end":{"line":84,"column":3}},"line":79},"5":{"name":"(anonymous_5)","decl":{"start":{"line":86,"column":21},"end":{"line":86,"column":22}},"loc":{"start":{"line":86,"column":27},"end":{"line":88,"column":3}},"line":86},"6":{"name":"(anonymous_6)","decl":{"start":{"line":90,"column":26},"end":{"line":90,"column":27}},"loc":{"start":{"line":90,"column":32},"end":{"line":95,"column":3}},"line":90},"7":{"name":"(anonymous_7)","decl":{"start":{"line":94,"column":13},"end":{"line":94,"column":14}},"loc":{"start":{"line":94,"column":19},"end":{"line":94,"column":31}},"line":94},"8":{"name":"(anonymous_8)","decl":{"start":{"line":97,"column":23},"end":{"line":97,"column":24}},"loc":{"start":{"line":97,"column":29},"end":{"line":110,"column":3}},"line":97},"9":{"name
[...]
:401,"column":21}}],"line":401},"42":{"loc":{"start":{"line":411,"column":4},"end":{"line":411,"column":27}},"type":"if","locations":[{"start":{"line":411,"column":4},"end":{"line":411,"column":27}},{"start":{},"end":{}}],"line":411},"43":{"loc":{"start":{"line":426,"column":4},"end":{"line":426,"column":27}},"type":"if","locations":[{"start":{"line":426,"column":4},"end":{"line":426,"column":27}},{"start":{},"end":{}}],"line":426},"44":{"loc":{"start":{"line":427,"column":11},"end":{"line":427,"column":21}},"type":"binary-expr","locations":[{"start":{"line":427,"column":11},"end":{"line":427,"column":15}},{"start":{"line":427,"column":19},"end":{"line":427,"column":21}}],"line":427}},"s":{"0":0,"1":0,"2":0,"3":0,"4":0,"5":0,"6":0,"7":0,"8":0,"9":0,"10":0,"11":0,"12":0,"13":0,"14":0,"15":0,"16":0,"17":0,"18":0,"19":0,"20":0,"21":0,"22":0,"23":0,"24":0,"25":0,"26":0,"27":0,"28":0,"29":0,"30":0,"31":0,"32":0,"33":0,"34":0,"35":0,"36":0,"37":0,"38":0,"39":0,"40":0,"41":0,"42":0,"43":0,"44":0,"45":0,"46":0,"47":0,"48":0,"49":0,"50":0,"51":0,"52":0,"53":0,"54":0,"55":0,"56":0,"57":0,"58":0,"59":0,"60":0,"61":0,"62":0,"63":0,"64":0,"65":0,"66":0,"67":0,"68":0,"69":0,"70":0,"71":0,"72":0,"73":0,"74":0,"75":0,"76":0,"77":0,"78":0,"79":0,"80":0,"81":0,"82":0,"83":0,"84":0,"85":0,"86":0,"87":0,"88":0,"89":0,"90":0,"91":0,"92":0,"93":0,"94":0,"95":0,"96":0,"97":0,"98":0,"99":0,"100":0,"101":0,"102":0,"103":0,"104":0,"105":0,"106":0,"107":0,"108":0,"109":0,"110":0,"111":0,"112":0,"113":0,"114":0,"115":0,"116":0,"117":0,"118":0,"119":0,"120":0,"121":0,"122":0,"123":0,"124":0,"125":0,"126":0,"127":0,"128":0,"129":0,"130":0,"131":0,"132":0,"133":0,"134":0,"135":0,"136":0,"137":0,"138":0,"139":0,"140":0,"141":0,"142":0,"143":0,"144":0,"145":0,"146":0,"147":0,"148":0,"149":0},"f":{"0":0,"1":0,"2":0,"3":0,"4":0,"5":0,"6":0,"7":0,"8":0,"9":0,"10":0,"11":0,"12":0,"13":0,"14":0,"15":0,"16":0,"17":0,"18":0,"19":0,"20":0,"21":0,"22":0,"23":0},"b":{"0":[0,0,0,0,0,0],"1":[0,0],"2":[0,0],"3":[0,0,0],"4":[0,0],"5":[0,0],"6":[0,0],"7":[0,0],"8":[0,0],"9":[0,0],"10":[0,0],"11":[0,0],"12":[0,0],"13":[0,0],"14":[0,0],"15":[0,0],"16":[0,0],"17":[0,0],"18":[0,0],"19":[0,0],"20":[0,0],"21":[0,0],"22":[0,0],"23":[0,0],"24":[0,0],"25":[0,0],"26":[0,0],"27":[0,0],"28":[0,0],"29":[0,0],"30":[0,0],"31":[0,0],"32":[0,0],"33":[0,0],"34":[0,0],"35":[0,0],"36":[0,0],"37":[0,0],"38":[0,0],"39":[0,0],"40":[0,0],"41":[0,0],"42":[0,0],"43":[0,0],"44":[0,0]}}
,"C:\\Users\\Admin\\Desktop\\SkillSync\\utils\\streakCalculator.ts": {"path":"C:\\Users\\Admin\\Desktop\\SkillSync\\utils\\streakCalculator.ts","statementMap":{"0":{"start":{"line":16,"column":2},"end":{"line":16,"column":59}},"1":{"start":{"line":16,"column":50},"end":{"line":16,"column":59}},"2":{"start":{"line":19,"column":24},"end":{"line":19,"column":41}},"3":{"start":{"line":22,"column":2},"end":{"line":25,"column":5}},"4":{"start":{"line":23,"column":17},"end":{"line":23,"column":85}},"5":{"start":{"line":24,"column":4},"end":{"line":24,"column":28}},"6":{"start":{"line":28,"column":2},"end":{"line":31,"column":5}},"7":{"start":{"line":29,"column":17},"end":{"line":29,"column":72}},"8":{"start":{"line":30,"column":4},"end":{"line":30,"column":28}},"9":{"start":{"line":34,"column":22},"end":{"line":34,"column":82}},"10":{"start":{"line":34,"column":63},"end":{"line":34,"column":81}},"11":{"start":{"line":36,"column":2},"end":{"line":36,"column":41}},"12":{"start":{"line":36,"column":32},"end":{"line":36,"column":41}},"13":{"start":{"line":38,"column":16},"end":{"line":38,"column":54}},"14":{"start":{"line":39,"column":20},"end":{"line":39,"column":90}},"15":{"start":{"line":41,"column":15},"end":{"line":41,"column":16}},"16":{"start":{"line":42,"column":20},"end":{"line":42,"column":25}},"17":{"start":{"line":45,"column":2},"end":{"line":69,"column":3}},"18":{"start":{"line":46,"column":4},"end":{"line":68,"column":5}},"19":{"start":{"line":46,"column":17},"end":{"line":46,"column":18}},"20":{"start":{"line":47,"column":27},"end":{"line":47,"column":41}},"21":{"start":{"line":50,"column":6},"end":{"line":54,"column":7}},"22":{"start":{"line":51,"column":8},"end":{"line":51,"column":19}},"23":{"start":{"line":52,"column":8},"end":{"line":52,"column":35}},"24":{"start":{"line":53,"column":8},"end":{"line":53,"column":17}},"25":{"start":{"line":57,"column":27},"end":{"line":57,"column":48}},"26":{"start":{"line":58,"column":6},"end":{"line":58,"column":55}},"27":{"start":{"line":59,"column":30},"end":{"line":59,"column":70}},"28":{"start":{"line":61,"column":6},"end":{"line":67,"column":7}},"29":{"start":{"line":62,"column":8},"end":{"line":62,"column":17}},"30":{"start":{"line":63,"column":8},"end":{"line":63,"column":35}},"31":{"start":{"line":66,"column":8},"end":{"line":66,"column":14}},"32":{"start":{"line":71,"column":2},"end":{"line":71,"column":16}},"33":{"start":{"line":78,"column":2},"end":{"line":78,"column":31}},"34":{"start":{"line":78,"column":22},"end":{"line":78,"column":31}},"35":{"start":{"line":81,"column":27},"end":{"line":81,"column":44}},"36":{"start":{"line":83,"column":2},"end":{"line":95,"column":5}},"37":{"start":{"line":85,"column":4},"end":{"line":88,"column":7}},"38":{"start":{"line":86,"column":19},"end":{"line":86,"column":87}},"39":{"start":{"line":87,"column":6},"end":{"line":87,"column":33}},"40":{"start":{"line":91,"column":4},"end":{"line":94,"column":7}},"41":{"start":{"line":92,"column":19},"end":{"line":92,"column":74}},"42":{"start":{"line":93,"column":6},"end":{"line":93,"column":33}},"43":{"start":{"line":98,"column":22},"end":{"line":98,"column":85}},"44":{"start":{"line":98,"column":66},"end":{"line":98,"column":84}},"45":{"start":{"line":100,"column":2},"end":{"line":100,"column":41}},"46":{"start":{"line":100,"column":32},"end":{"line":100,"column":41}},"47":{"start":{"line":102,"column":16},"end":{"line":102,"column":54}},"48":{"start":{"line":103,"column":20},"end":{"line":103,"column":90}},"49":{"start":{"line":105,"column":15},"end":{"line":105,"column":16}},"50":{"start":{"line":106,"column":20},"end":{"line":106,"column":25}},"51":{"start":{"line":109,"column":2},"end":{"line":133,"column":3}},"52":{"start":{"line":110,"column":4},"end":{"line":132,"column":5}},"53":{"start":{"line":110,"column":17},"end":{"line":110,"column":18}},"54":{"start":{"line":111,"column":27},"end":{"line":111,"column":41}},"55":{"start":{"line":114,"column":6},"end":{"line":118,"column":7}},"56":{"start":{"line":115,"column":8},"end":{"line":115,"column":19}},"57":{"start":{"line":116,"column":8},"end":{"line":116,"column":35}},"58":{"start":{"line":117,"column":8},"end":{"line":117,"column":17}},"59":{"start":{"line":121,"column":27},"end":{"line":121,"column":48}},"60":{"start":{"line":122,"column":6},"end":{"line":122,"column":55}},"61":{"start":{"line":123,"column":30},"end":{"line":123,"column":70}},"62":{"start":{"line":125,"column":6},"end":{"line":131,"column":7}},"63":{"start":{"line":126,"column":8},"end":{"line":126,"column":17}},"64":{"start":{"line":127,"column":8},"end":{"line":127,"column":35}},"65":{"start":{"line":130,"column":8},"end":{"line":130,"column":14}},"66":{"start":{"line":135,"column":2},"end":{"line":135,"column":16}},"67":{"start":{"line":142,"column":22},"end":{"line":142,"column":52}},"68":{"start":{"line":143,"column":16},"end":{"line":143,"column":26}},"69":{"start":{"line":146,"column":2},"end":{"line":156,"column":3}},"70":{"start":{"line":146,"column":15},"end":{"line":146,"column":16}},"71":{"start":{"line":147,"column":17},"end":{"line":147,"column":32}},"72":{"start":{"line":148,"column":4},"end":{"line":148,"column":37}},"73":{"start":{"line":149,"column":20},"end":{"line":149,"column":52}},"74":{"start":{"line":150,"column":4},"end":{"line":155,"column":7}},"75":{"start":{"line":159,"column":2},"end":{"line":178,"column":5}},"76":{"start":{"line":161,"column":4},"end":{"line":168,"column":7}},"77":{"start":{"line":162,"column":19},"end":{"line":162,"column":87}},"78":{"start":{"line":163,"column":22},"end":{"line":163,"column":43}},"79":{"start":{"line":164,"column":6},"end":{"line":167,"column":7}},"80":{"start":{"line":165,"column":8},"end":{"line":165,"column":26}},"81":{"start":{"line":166,"column":8},"end":{"line":166,"column":42}},"82":{"start":{"line":171,"column":4},"end":{"line":177,"column":7}},"83":{"start":{"line":172,"column":19},"end":{"line":172,"column":74}},"84":{"start":{"line":173,"column":22},"end":{"line":173,"column":43}},"85":{"start":{"line":174,"column":6},"end":{"line":176,"column":7}},"86":{"start":{"line":175,"column":8},"end":{"line":175,"column":34}},"87":{"start":{"line":181,"column":2},"end":{"line":181,"column":87}},"88":{"start":{"line":181,"column":57},"end":{"line":181,"column":85}}},"fnMap":{"0":{"name":"calculateSkillStreak","decl":{"start":{"line":15,"column":16},"end":{"line":15,"column":36}},"loc":{"start":{"line":15,"column":85},"end":{"line":72,"column":1}},"line":15},"1":{"name":"(anonymous_1)","decl":{"start":{"line":22,"column":18},"end":{"line":22,"column":19}},"loc":{"start":{"line":22,"column":27},"end":{"line":25,"column":3}},"line":22},"2":{"name":"(anonymous_2)","decl":{"start":{"line":28,"column":26},"end":{"line":28,"column":27}},"loc":{"start":{"line":28,"column":36},"end":{"line":31,"column":3}},"line":28},"3":{"name":"(anonymous_3)","decl":{"start":{"line":34,"column":53},"end":{"line":34,"column":54}},"loc":{"start":{"line":34,"column":63},"end":{"line":34,"column":81}},"line":34},"4":{"name":"calculateUserStreak","decl":{"start":{"line":77,"column":16},"end":{"line":77,"column":35}},"loc":{"start":{"line":77,"column":59},"end":{"line":136,"column":1}},"line":77},"5":{"name":"(anonymous_5)","decl":{"start":{"line":83,"column":17},"end":{"line":83,"column":18}},"loc":{"start":{"line":83,"column":26},"end":{"line":95,"column":3}},"line":83},"6":{"name":"(anonymous_6)","decl":{"start":{"line":85,"column":27},"end":{"line":85,"column":28}},"loc":{"start":{"line":85,"column":43},"end":{"line":88,"column":5}},"line":85},"7":{"name":"(anonymous_7)","decl":{"start":{"line":91,"column":35},"end":{"line":91,"column":36}},"loc":{"start":{"line":91,"column":52},"end":{"line":94,"column":5}},"line":91},"8":{"name":"(anonymous_8)","decl":{"start":{"line":98,"column":56},"end":{"line":98,"column":57}},"loc":{"start":{"line":98,"column":66},"end":{"line":98,"column":84}},"line":98},"9":{"name":"getActivityData","decl":{"start":{"line":141,"column":16},"end":{"line":141,"column":31}},"loc":{"start":{"line":141,"column":80},"end":{"line":182,"column":1}},"line":141},"10":{"name":"(anonymous_10)","decl":{"start":{"line":159,"column":17},"end":{"line":159,"column":18}},"loc":{"start":{"line":159,"column":26},"end":{"line":178,"column":3}},"line":159},"11":{"name":"(anonymous_11)","decl":{"start":{"line":161,"column":27},"end":{"line":161,"column":28}},"loc":{"start":{"line":161,"column":43},"end":{"line":168,"column":5}},"line":161},"12":{"name":"(anonymous_12)","decl":{"start":{"line":171,"column":35},"end":{"line":171,"column":36}},"loc":{"start":{"line":171,"column":52},"end":{"line":177,"column":5}},"line":171},"13":{"name":"(anonymous_13)","decl":{"start":{"line":181,"column":47},"end":{"line":181,"column":48}},"loc":{"start":{"line":181,"column":57},"end":{"line":181,"column":85}},"line":181}},"branchMap":{"0":{"loc":{"start":{"line":16,"column":2},"end":{"line":16,"column":59}},"type":"if","locations":[{"start":{"line":16,"column":2},"end":{"line":16,"column":59}},{"start":{},"end":{}}],"line":16},"1":{"loc":{"start":{"line":16,"column":6},"end":{"line":16,"column":48}},"type":"binary-expr","locations":[{"start":{"line":16,"column":6},"end":{"line":16,"column":21}},{"start":{"line":16,"column":25},"end":{"line":16,"column":48}}],"line":16},"2":{"loc":{"start":{"line":23,"column":26},"end":{"line":23,"column":56}},"type":"binary-expr","locations":[{"start":{"line":23,"column":26},"end":{"line":23,"column":36}},{"start":{"line":23,"column":40},"end":{"line":23,"column":56}}],"line":23},"3":{"loc":{"start":{"line":36,"column":2},"end":{"line":36,"column":41}},"type":"if","locations":[{"start":{"line":36,"column":2},"end":{"line":36,"column":41}},{"start":{},"end":{}}],"line":36},"4":{"loc":{"start":{"line":45,"column":2},"end":{"line":69,"column":3}},"type":"if","locations":[{"start":{"line":45,"column":2},"end":{"line":69,"column":3}},{"start":{},"end":{}}],"line":45},"5":{"loc":{"start":{"line":45,"column":6},"end":{"line":45,"column":68}},"type":"binary-expr","locations":[{"start":{"line":45,"column":6},"end":{"line":45,"column":33}},{"start":{"line":45,"column":37},"end":{"line":45,"column":68}}],"line":45},"6":{"loc":{"start":{"line":50,"column":6},"end":{"line":54,"column":7}},"type":"if","locations":[{"start":{"line":50,"column":6},"end":{"line":54,"column":7}},{"start":{},"end":{}}],"line":50},"7":{"loc":{"start":{"line":50,"column":10},"end":{"line":50,"column":75}},"type":"binary-expr","locations":[{"start":{"line":50,"column":10},"end":{"line":50,"column":17}},{"start":{"line":50,"column":22},"end":{"line":50,"column":44}},{"start":{"line":50,"column":48},"end":{"line":50,"column":74}}],"line":50},"8":{"loc":{"start":{"line":61,"column":6},"end":{"line":67,"column":7}},"type":"if","locations":[{"start":{"line":61,"column":6},"end":{"line":67,"column":7}},{"start":{"line":64,"column":13},"end":{"line":67,"column":7}}],"line":61},"9":{"loc":{"start":{"line":78,"column":2},"end":{"line":78,"column":31}},"type":"if","locations":[{"start":{"line":78,"column":2},"end":{"line":78,"column":31}},{"start":{},"end":{}}],"line":78},"10":{"loc":{"start":{"line":86,"column":28},"end":{"line":86,"column":58}},"type":"binary-expr","locations":[{"start":{"line":86,"column":28},"end":{"line":86,"column":38}},{"start":{"line":86,"column":42},"end":{"line":86,"column":58}}],"line":86},"11":{"loc":{"start":{"line":100,"column":2},"end":{"line":100,"column":41}},"type":"if","locations":[{"start":{"line":100,"column":2},"end":{"line":100,"column":41}},{"start":{},"end":{}}],"line":100},"12":{"loc":{"start":{"line":109,"column":2},"end":{"line":133,"column":3}},"type":"if","locations":[{"start":{"line":109,"column":2},"end":{"line":133,"column":3}},{"start":{},"end":{}}],"line":109},"13":{"loc":{"start":{"line":109,"column":6},"end":{"line":109,"column":68}},"type":"binary-expr","locations":[{"start":{"line":109,"column":6},"end":{"line":109,"column":33}},{"start":{"line":109,"column":37},"end":{"line":109,"column":68}}],"line":109},"14":{"loc":{"start":{"line":114,"column":6},"end":{"line":118,"column":7}},"type":"if","locations":[{"start":{"line":114,"column":6},"end":{"line":118,"column":7}},{"start":{},"end":{}}],"line":114},"15":{"loc":{"start":{"line":114,"column":10},"end":{"line":114,"column":75}},"type":"binary-expr","locations":[{"start":{"line":114,"column":10},"end":{"line":114,"column":17}},{"start":{"line":114,"column":22},"end":{"line":114,"column":44}},{"start":{"line":114,"column":48},"end":{"line":114,"column":74}}],"line":114},"16":{"loc":{"start":{"line":125,"column":6},"end":{"line":131,"column":7}},"type":"if","locations":[{"start":{"line":125,"column":6},"end":{"line":131,"column":7}},{"start":{"line":128,"column":13},"end":{"line":131,"column":7}}],"line":125},"17":{"loc":{"start":{"line":141,"column":47},"end":{"line":141,"column":63}},"type":"default-arg","locations":[{"start":{"line":141,"column":62},"end":{"line":141,"column":63}}],"line":141},"18":{"loc":{"start":{"line":162,"column":28},"end":{"line":162,"column":58}},"type":"binary-expr","locations":[{"start":{"line":162,"column":28},"end":{"line":162,"column":38}},{"start":{"line":162,"column":42},"end":{"line":162,"column":58}}],"line":162},"19":{"loc":{"start":{"line":164,"column":6},"end":{"line":167,"column":7}},"type":"if","locations":[{"start":{"line":164,"column":6},"end":{"line":167,"column":7}},{"start":{},"end":{}}],"line":164},"20":{"loc":{"start":{"line":166,"column":25},"end":{"line":166,"column":41}},"type":"binary-expr","locations":[{"start":{"line":166,"column":25},"end":{"line":166,"column":36}},{"start":{"line":166,"column":40},"end":{"line":166,"column":41}}],"line":166},"21":{"loc":{"start":{"line":174,"column":6},"end":{"line":176,"column":7}},"type":"if","locations":[{"start":{"line":174,"column":6},"end":{"line":176,"column":7}},{"start":{},"end":{}}],"line":174}},"s":{"0":402,"1":401,"2":1,"3":1,"4":3,"5":3,"6":1,"7":0,"8":0,"9":1,"10":2,"11":1,"12":0,"13":1,"14":1,"15":1,"16":1,"17":1,"18":1,"19":1,"20":3,"21":3,"22":1,"23":1,"24":1,"25":2,"26":2,"27":2,"28":2,"29":2,"30":2,"31":0,"32":1,"33":1,"34":0,"35":1,"36":1,"37":2,"38":1,"39":1,"40":2,"41":1,"42":1,"43":1,"44":0,"45":1,"46":0,"47":1,"48":1,"49":1,"50":1,"51":1,"52":1,"53":1,"54":1,"55":1,"56":1,"57":1,"58":1,"59":0,"60":0,"61":0,"62":0,"63":0,"64":0,"65":0,"66":1,"67":0,"68":0,"69":0,"70":0,"71":0,"72":0,"73":0,"74":0,"75":0,"76":0,"77":0,"78":0,"79":0,"80":0,"81":0,"82":0,"83":0,"84":0,"85":0,"86":0,"87":0,"88":0},"f":{"0":402,"1":3,"2":0,"3":2,"4":1,"5":2,"6":1,"7":1,"8":0,"9":0,"10":0,"11":0,"12":0,"13":0},"b":{"0":[401,1],"1":[402,401],"2":[3,0],"3":[0,1],"4":[1,0],"5":[1,0],"6":[1,2],"7":[3,1,0],"8":[2,0],"9":[0,1],"10":[1,0],"11":[0,1],"12":[1,0],"13":[1,0],"14":[1,0],"15":[1,1,0],"16":[0,0],"17":[0],"18":[0,0],"19":[0,0],"20":[0,0],"21":[0,0]},"_coverageSchema":"1a1c01bbd47fc00a2c39e90264f33305004495a9","hash":"7ab13714590100e467f04ba078f9edf09b7a756c"}
,"C:\\Users\\Admin\\Desktop\\SkillSync\\utils\\supabase.ts": {"path":"C:\\Users\\Admin\\Desktop\\SkillSync\\utils\\supabase.ts","statementMap":{"0":{"start":{"line":4,"column":20},"end":{"line":4,"column":93}},"1":{"start":{"line":5,"column":24},"end":{"line":5,"column":86}},"2":{"start":{"line":8,"column":18},"end":{"line":8,"column":47}},"3":{"start":{"line":11,"column":22},"end":{"line":33,"column":13}},"4":{"start":{"line":13,"column":4},"end":{"line":17,"column":5}},"5":{"start":{"line":14,"column":6},"end":{"line":14,"column":39}},"6":{"start":{"line":16,"column":6},"end":{"line":16,"column":35}},"7":{"start":{"line":20,"column":4},"end":{"line":24,"column":5}},"8":{"start":{"line":21,"column":6},"end":{"line":21,"column":46}},"9":{"start":{"line":23,"column":6},"end":{"line":23,"column":31}},"10":{"start":{"line":27,"column":4},"end":{"line":31,"column":5}},"11":{"start":{"line":28,"column":6},"end":{"line":28,"column":42}},"12":{"start":{"line":30,"column":6},"end":{"line":30,"column":31}},"13":{"start":{"line":35,"column":24},"end":{"line":43,"column":2}}},"fnMap":{"0":{"name":"(anonymous_0)","decl":{"start":{"line":12,"column":11},"end":{"line":12,"column":12}},"loc":{"start":{"line":12,"column":28},"end":{"line":18,"column":3}},"line":12},"1":{"name":"(anonymous_1)","decl":{"start":{"line":19,"column":11},"end":{"line":19,"column":12}},"loc":{"start":{"line":19,"column":43},"end":{"line":25,"column":3}},"line":19},"2":{"name":"(anonymous_2)","decl":{"start":{"line":26,"column":14},"end":{"line":26,"column":15}},"loc":{"start":{"line":26,"column":31},"end":{"line":32,"column":3}},"line":26}},"branchMap":{"0":{"loc":{"start":{"line":4,"column":20},"end":{"line":4,"column":93}},"type":"binary-expr","locations":[{"start":{"line":4,"column":20},"end":{"line":4,"column":56}},{"start":{"line":4,"column":60},"end":{"line":4,"column":93}}],"line":4},"1":{"loc":{"start":{"line":5,"column":24},"end":{"line":5,"column":86}},"type":"binary-expr","locations":[{"start":{"line":5,"column":24},"end":{"line":5,"column":65}},{"start":{"line":5,"column":69},"end":{"line":5,"column":86}}],"line":5},"2":{"loc":{"start":{"line":11,"column":22},"end":{"line":33,"column":13}},"type":"cond-expr","locations":[{"start":{"line":11,"column":34},"end":{"line":33,"column":1}},{"start":{"line":33,"column":4},"end":{"line":33,"column":13}}],"line":11}},"s":{"0":0,"1":0,"2":0,"3":0,"4":0,"5":0,"6":0,"7":0,"8":0,"9":0,"10":0,"11":0,"12":0,"13":0},"f":{"0":0,"1":0,"2":0},"b":{"0":[0,0],"1":[0,0],"2":[0,0]}}
}
