{"C:\\Users\\Admin\\Desktop\\SkillSync\\components\\AddArtifactModal.tsx": {"path":"C:\\Users\\Admin\\Desktop\\SkillSync\\components\\AddArtifactModal.tsx","statementMap":{"0":{"start":{"line":17,"column":32},"end":{"line":200,"column":1}},"1":{"start":{"line":18,"column":27},"end":{"line":18,"column":46}},"2":{"start":{"line":19,"column":28},"end":{"line":19,"column":38}},"3":{"start":{"line":20,"column":20},"end":{"line":20,"column":99}},"4":{"start":{"line":21,"column":22},"end":{"line":21,"column":55}},"5":{"start":{"line":23,"column":28},"end":{"line":23,"column":40}},"6":{"start":{"line":24,"column":40},"end":{"line":24,"column":52}},"7":{"start":{"line":25,"column":44},"end":{"line":25,"column":73}},"8":{"start":{"line":26,"column":34},"end":{"line":26,"column":84}},"9":{"start":{"line":27,"column":32},"end":{"line":27,"column":47}},"10":{"start":{"line":29,"column":20},"end":{"line":56,"column":3}},"11":{"start":{"line":30,"column":4},"end":{"line":55,"column":5}},"12":{"start":{"line":32,"column":6},"end":{"line":38,"column":7}},"13":{"start":{"line":33,"column":27},"end":{"line":33,"column":82}},"14":{"start":{"line":34,"column":8},"end":{"line":37,"column":9}},"15":{"start":{"line":35,"column":10},"end":{"line":35,"column":95}},"16":{"start":{"line":36,"column":10},"end":{"line":36,"column":17}},"17":{"start":{"line":40,"column":21},"end":{"line":45,"column":8}},"18":{"start":{"line":47,"column":6},"end":{"line":51,"column":7}},"19":{"start":{"line":48,"column":22},"end":{"line":48,"column":38}},"20":{"start":{"line":49,"column":8},"end":{"line":49,"column":36}},"21":{"start":{"line":50,"column":8},"end":{"line":50,"column":44}},"22":{"start":{"line":53,"column":6},"end":{"line":53,"column":51}},"23":{"start":{"line":54,"column":6},"end":{"line":54,"column":70}},"24":{"start":{"line":58,"column":20},"end":{"line":80,"column":3}},"25":{"start":{"line":59,"column":4},"end":{"line":79,"column":5}},"26":{"start":{"line":60,"column":25},"end":{"line":60,"column":74}},"27":{"start":{"line":61,"column":6},"end":{"line":64,"column":7}},"28":{"start":{"line":62,"column":8},"end":{"line":62,"column":93}},"29":{"start":{"line":63,"column":8},"end":{"line":63,"column":15}},"30":{"start":{"line":66,"column":21},"end":{"line":70,"column":8}},"31":{"start":{"line":72,"column":6},"end":{"line":75,"column":7}},"32":{"start":{"line":73,"column":8},"end":{"line":73,"column":47}},"33":{"start":{"line":74,"column":8},"end":{"line":74,"column":44}},"34":{"start":{"line":77,"column":6},"end":{"line":77,"column":50}},"35":{"start":{"line":78,"column":6},"end":{"line":78,"column":70}},"36":{"start":{"line":82,"column":23},"end":{"line":118,"column":3}},"37":{"start":{"line":83,"column":4},"end":{"line":83,"column":48}},"38":{"start":{"line":83,"column":41},"end":{"line":83,"column":48}},"39":{"start":{"line":85,"column":4},"end":{"line":85,"column":21}},"40":{"start":{"line":86,"column":4},"end":{"line":117,"column":5}},"41":{"start":{"line":88,"column":36},"end":{"line":88,"column":81}},"42":{"start":{"line":91,"column":23},"end":{"line":91,"column":58}},"43":{"start":{"line":94,"column":6},"end":{"line":102,"column":8}},"44":{"start":{"line":105,"column":6},"end":{"line":105,"column":34}},"45":{"start":{"line":108,"column":6},"end":{"line":108,"column":19}},"46":{"start":{"line":109,"column":6},"end":{"line":109,"column":25}},"47":{"start":{"line":110,"column":6},"end":{"line":110,"column":29}},"48":{"start":{"line":111,"column":6},"end":{"line":111,"column":16}},"49":{"start":{"line":113,"column":6},"end":{"line":113,"column":54}},"50":{"start":{"line":114,"column":6},"end":{"line":114,"column":75}},"51":{"start":{"line":116,"column":6},"end":{"line":116,"column":24}},"52":{"start":{"line":120,"column":27},"end":{"line":136,"column":3}},"53":{"start":{"line":121,"column":4},"end":{"line":135,"column":5}},"54":{"start":{"line":123,"column":6},"end":{"line":123,"column":18}},"55":{"start":{"line":126,"column":6},"end":{"line":134,"column":8}},"56":{"start":{"line":138,"column":2},"end":{"line":199,"column":4}},"57":{"start":{"line":202,"column":15},"end":{"line":295,"column":2}}},"fnMap":{"0":{"name":"(anonymous_0)","decl":{"start":{"line":17,"column":32},"end":{"line":17,"column":33}},"loc":{"start":{"line":17,"column":90},"end":{"line":200,"column":1}},"line":17},"1":{"name":"(anonymous_1)","decl":{"start":{"line":29,"column":20},"end":{"line":29,"column":21}},"loc":{"start":{"line":29,"column":32},"end":{"line":56,"column":3}},"line":29},"2":{"name":"(anonymous_2)","decl":{"start":{"line":58,"column":20},"end":{"line":58,"column":21}},"loc":{"start":{"line":58,"column":32},"end":{"line":80,"column":3}},"line":58},"3":{"name":"(anonymous_3)","decl":{"start":{"line":82,"column":23},"end":{"line":82,"column":24}},"loc":{"start":{"line":82,"column":35},"end":{"line":118,"column":3}},"line":82},"4":{"name":"(anonymous_4)","decl":{"start":{"line":120,"column":27},"end":{"line":120,"column":28}},"loc":{"start":{"line":120,"column":33},"end":{"line":136,"column":3}},"line":120}},"branchMap":{"0":{"loc":{"start":{"line":20,"column":20},"end":{"line":20,"column":99}},"type":"cond-expr","locations":[{"start":{"line":20,"column":76},"end":{"line":20,"column":89}},{"start":{"line":20,"column":92},"end":{"line":20,"column":99}}],"line":20},"1":{"loc":{"start":{"line":20,"column":20},"end":{"line":20,"column":73}},"type":"binary-expr","locations":[{"start":{"line":20,"column":20},"end":{"line":20,"column":45}},{"start":{"line":20,"column":49},"end":{"line":20,"column":73}}],"line":20},"2":{"loc":{"start":{"line":21,"column":22},"end":{"line":21,"column":55}},"type":"binary-expr","locations":[{"start":{"line":21,"column":22},"end":{"line":21,"column":39}},{"start":{"line":21,"column":43},"end":{"line":21,"column":55}}],"line":21},"3":{"loc":{"start":{"line":32,"column":6},"end":{"line":38,"column":7}},"type":"if","locations":[{"start":{"line":32,"column":6},"end":{"line":38,"column":7}},{"start":{},"end":{}}],"line":32},"4":{"loc":{"start":{"line":34,"column":8},"end":{"line":37,"column":9}},"type":"if","locations":[{"start":{"line":34,"column":8},"end":{"line":37,"column":9}},{"start":{},"end":{}}],"line":34},"5":{"loc":{"start":{"line":43,"column":16},"end":{"line":43,"column":58}},"type":"cond-expr","locations":[{"start":{"line":43,"column":40},"end":{"line":43,"column":49}},{"start":{"line":43,"column":52},"end":{"line":43,"column":58}}],"line":43},"6":{"loc":{"start":{"line":47,"column":6},"end":{"line":51,"column":7}},"type":"if","locations":[{"start":{"line":47,"column":6},"end":{"line":51,"column":7}},{"start":{},"end":{}}],"line":47},"7":{"loc":{"start":{"line":47,"column":10},"end":{"line":47,"column":71}},"type":"binary-expr","locations":[{"start":{"line":47,"column":10},"end":{"line":47,"column":26}},{"start":{"line":47,"column":30},"end":{"line":47,"column":43}},{"start":{"line":47,"column":47},"end":{"line":47,"column":71}}],"line":47},"8":{"loc":{"start":{"line":61,"column":6},"end":{"line":64,"column":7}},"type":"if","locations":[{"start":{"line":61,"column":6},"end":{"line":64,"column":7}},{"start":{},"end":{}}],"line":61},"9":{"loc":{"start":{"line":72,"column":6},"end":{"line":75,"column":7}},"type":"if","locations":[{"start":{"line":72,"column":6},"end":{"line":75,"column":7}},{"start":{},"end":{}}],"line":72},"10":{"loc":{"start":{"line":72,"column":10},"end":{"line":72,"column":46}},"type":"binary-expr","locations":[{"start":{"line":72,"column":10},"end":{"line":72,"column":26}},{"start":{"line":72,"column":30},"end":{"line":72,"column":46}}],"line":72},"11":{"loc":{"start":{"line":83,"column":4},"end":{"line":83,"column":48}},"type":"if","locations":[{"start":{"line":83,"column":4},"end":{"line":83,"column":48}},{"start":{},"end":{}}],"line":83},"12":{"loc":{"start":{"line":83,"column":8},"end":{"line":83,"column":39}},"type":"binary-expr","locations":[{"start":{"line":83,"column":8},"end":{"line":83,"column":21}},{"start":{"line":83,"column":25},"end":{"line":83,"column":39}}],"line":83},"13":{"loc":{"start":{"line":97,"column":8},"end":{"line":97,"column":39}},"type":"binary-expr","locations":[{"start":{"line":97,"column":8},"end":{"line":97,"column":26}},{"start":{"line":97,"column":30},"end":{"line":97,"column":39}}],"line":97},"14":{"loc":{"start":{"line":121,"column":4},"end":{"line":135,"column":5}},"type":"if","locations":[{"start":{"line":121,"column":4},"end":{"line":135,"column":5}},{"start":{"line":124,"column":11},"end":{"line":135,"column":5}}],"line":121},"15":{"loc":{"start":{"line":171,"column":13},"end":{"line":184,"column":13}},"type":"cond-expr","locations":[{"start":{"line":172,"column":14},"end":{"line":177,"column":21}},{"start":{"line":179,"column":14},"end":{"line":183,"column":33}}],"line":171},"16":{"loc":{"start":{"line":187,"column":78},"end":{"line":187,"column":140}},"type":"binary-expr","locations":[{"start":{"line":187,"column":79},"end":{"line":187,"column":85}},{"start":{"line":187,"column":89},"end":{"line":187,"column":103}},{"start":{"line":187,"column":107},"end":{"line":187,"column":114}},{"start":{"line":187,"column":119},"end":{"line":187,"column":140}}],"line":187},"17":{"loc":{"start":{"line":189,"column":24},"end":{"line":189,"column":59}},"type":"binary-expr","locations":[{"start":{"line":189,"column":24},"end":{"line":189,"column":30}},{"start":{"line":189,"column":34},"end":{"line":189,"column":48}},{"start":{"line":189,"column":52},"end":{"line":189,"column":59}}],"line":189},"18":{"loc":{"start":{"line":192,"column":17},"end":{"line":192,"column":61}},"type":"cond-expr","locations":[{"start":{"line":192,"column":27},"end":{"line":192,"column":41}},{"start":{"line":192,"column":44},"end":{"line":192,"column":61}}],"line":192}},"s":{"0":0,"1":0,"2":0,"3":0,"4":0,"5":0,"6":0,"7":0,"8":0,"9":0,"10":0,"11":0,"12":0,"13":0,"14":0,"15":0,"16":0,"17":0,"18":0,"19":0,"20":0,"21":0,"22":0,"23":0,"24":0,"25":0,"26":0,"27":0,"28":0,"29":0,"30":0,"31":0,"32":0,"33":0,"34":0,"35":0,"36":0,"37":0,"38":0,"39":0,"40":0,"41":0,"42":0,"43":0,"44":0,"45":0,"46":0,"47":0,"48":0,"49":0,"50":0,"51":0,"52":0,"53":0,"54":0,"55":0,"56":0,"57":0},"f":{"0":0,"1":0,"2":0,"3":0,"4":0},"b":{"0":[0,0],"1":[0,0],"2":[0,0],"3":[0,0],"4":[0,0],"5":[0,0],"6":[0,0],"7":[0,0,0],"8":[0,0],"9":[0,0],"10":[0,0],"11":[0,0],"12":[0,0],"13":[0,0],"14":[0,0],"15":[0,0],"16":[0,0,0,0],"17":[0,0,0],"18":[0,0]}}
,"C:\\Users\\Admin\\Desktop\\SkillSync\\components\\AddChallengeModal.tsx": {"path":"C:\\Users\\Admin\\Desktop\\SkillSync\\components\\AddChallengeModal.tsx","statementMap":{"0":{"start":{"line":15,"column":33},"end":{"line":134,"column":1}},"1":{"start":{"line":16,"column":44},"end":{"line":16,"column":63}},"2":{"start":{"line":17,"column":46},"end":{"line":17,"column":58}},"3":{"start":{"line":18,"column":58},"end":{"line":18,"column":70}},"4":{"start":{"line":19,"column":34},"end":{"line":19,"column":46}},"5":{"start":{"line":20,"column":32},"end":{"line":20,"column":47}},"6":{"start":{"line":23,"column":2},"end":{"line":34,"column":34}},"7":{"start":{"line":24,"column":4},"end":{"line":33,"column":5}},"8":{"start":{"line":25,"column":6},"end":{"line":25,"column":64}},"9":{"start":{"line":26,"column":6},"end":{"line":26,"column":76}},"10":{"start":{"line":27,"column":6},"end":{"line":27,"column":51}},"11":{"start":{"line":30,"column":6},"end":{"line":30,"column":28}},"12":{"start":{"line":31,"column":6},"end":{"line":31,"column":34}},"13":{"start":{"line":32,"column":6},"end":{"line":32,"column":22}},"14":{"start":{"line":36,"column":23},"end":{"line":75,"column":3}},"15":{"start":{"line":37,"column":4},"end":{"line":40,"column":5}},"16":{"start":{"line":38,"column":6},"end":{"line":38,"column":61}},"17":{"start":{"line":39,"column":6},"end":{"line":39,"column":13}},"18":{"start":{"line":42,"column":4},"end":{"line":42,"column":21}},"19":{"start":{"line":43,"column":4},"end":{"line":74,"column":5}},"20":{"start":{"line":44,"column":6},"end":{"line":61,"column":7}},"21":{"start":{"line":46,"column":8},"end":{"line":51,"column":11}},"22":{"start":{"line":54,"column":8},"end":{"line":60,"column":11}},"23":{"start":{"line":64,"column":6},"end":{"line":64,"column":28}},"24":{"start":{"line":65,"column":6},"end":{"line":65,"column":34}},"25":{"start":{"line":66,"column":6},"end":{"line":66,"column":22}},"26":{"start":{"line":67,"column":6},"end":{"line":67,"column":20}},"27":{"start":{"line":68,"column":6},"end":{"line":68,"column":16}},"28":{"start":{"line":70,"column":6},"end":{"line":70,"column":56}},"29":{"start":{"line":71,"column":6},"end":{"line":71,"column":108}},"30":{"start":{"line":73,"column":6},"end":{"line":73,"column":24}},"31":{"start":{"line":77,"column":2},"end":{"line":133,"column":4}},"32":{"start":{"line":136,"column":15},"end":{"line":208,"column":2}}},"fnMap":{"0":{"name":"(anonymous_0)","decl":{"start":{"line":15,"column":33},"end":{"line":15,"column":34}},"loc":{"start":{"line":15,"column":121},"end":{"line":134,"column":1}},"line":15},"1":{"name":"(anonymous_1)","decl":{"start":{"line":23,"column":12},"end":{"line":23,"column":13}},"loc":{"start":{"line":23,"column":18},"end":{"line":34,"column":3}},"line":23},"2":{"name":"(anonymous_2)","decl":{"start":{"line":36,"column":23},"end":{"line":36,"column":24}},"loc":{"start":{"line":36,"column":35},"end":{"line":75,"column":3}},"line":36}},"branchMap":{"0":{"loc":{"start":{"line":24,"column":4},"end":{"line":33,"column":5}},"type":"if","locations":[{"start":{"line":24,"column":4},"end":{"line":33,"column":5}},{"start":{"line":28,"column":11},"end":{"line":33,"column":5}}],"line":24},"1":{"loc":{"start":{"line":25,"column":24},"end":{"line":25,"column":62}},"type":"binary-expr","locations":[{"start":{"line":25,"column":24},"end":{"line":25,"column":56}},{"start":{"line":25,"column":60},"end":{"line":25,"column":62}}],"line":25},"2":{"loc":{"start":{"line":26,"column":30},"end":{"line":26,"column":74}},"type":"binary-expr","locations":[{"start":{"line":26,"column":30},"end":{"line":26,"column":68}},{"start":{"line":26,"column":72},"end":{"line":26,"column":74}}],"line":26},"3":{"loc":{"start":{"line":27,"column":18},"end":{"line":27,"column":49}},"type":"binary-expr","locations":[{"start":{"line":27,"column":18},"end":{"line":27,"column":43}},{"start":{"line":27,"column":47},"end":{"line":27,"column":49}}],"line":27},"4":{"loc":{"start":{"line":37,"column":4},"end":{"line":40,"column":5}},"type":"if","locations":[{"start":{"line":37,"column":4},"end":{"line":40,"column":5}},{"start":{},"end":{}}],"line":37},"5":{"loc":{"start":{"line":44,"column":6},"end":{"line":61,"column":7}},"type":"if","locations":[{"start":{"line":44,"column":6},"end":{"line":61,"column":7}},{"start":{"line":52,"column":13},"end":{"line":61,"column":7}}],"line":44},"6":{"loc":{"start":{"line":48,"column":33},"end":{"line":48,"column":73}},"type":"binary-expr","locations":[{"start":{"line":48,"column":33},"end":{"line":48,"column":60}},{"start":{"line":48,"column":64},"end":{"line":48,"column":73}}],"line":48},"7":{"loc":{"start":{"line":49,"column":20},"end":{"line":49,"column":48}},"type":"binary-expr","locations":[{"start":{"line":49,"column":20},"end":{"line":49,"column":35}},{"start":{"line":49,"column":39},"end":{"line":49,"column":48}}],"line":49},"8":{"loc":{"start":{"line":57,"column":33},"end":{"line":57,"column":73}},"type":"binary-expr","locations":[{"start":{"line":57,"column":33},"end":{"line":57,"column":60}},{"start":{"line":57,"column":64},"end":{"line":57,"column":73}}],"line":57},"9":{"loc":{"start":{"line":58,"column":20},"end":{"line":58,"column":48}},"type":"binary-expr","locations":[{"start":{"line":58,"column":20},"end":{"line":58,"column":35}},{"start":{"line":58,"column":39},"end":{"line":58,"column":48}}],"line":58},"10":{"loc":{"start":{"line":71,"column":40},"end":{"line":71,"column":75}},"type":"cond-expr","locations":[{"start":{"line":71,"column":59},"end":{"line":71,"column":67}},{"start":{"line":71,"column":70},"end":{"line":71,"column":75}}],"line":71},"11":{"loc":{"start":{"line":82,"column":40},"end":{"line":82,"column":93}},"type":"cond-expr","locations":[{"start":{"line":82,"column":59},"end":{"line":82,"column":75}},{"start":{"line":82,"column":78},"end":{"line":82,"column":93}}],"line":82},"12":{"loc":{"start":{"line":123,"column":37},"end":{"line":123,"column":90}},"type":"binary-expr","locations":[{"start":{"line":123,"column":38},"end":{"line":123,"column":53}},{"start":{"line":123,"column":57},"end":{"line":123,"column":64}},{"start":{"line":123,"column":69},"end":{"line":123,"column":90}}],"line":123},"13":{"loc":{"start":{"line":125,"column":24},"end":{"line":125,"column":50}},"type":"binary-expr","locations":[{"start":{"line":125,"column":24},"end":{"line":125,"column":39}},{"start":{"line":125,"column":43},"end":{"line":125,"column":50}}],"line":125},"14":{"loc":{"start":{"line":127,"column":47},"end":{"line":127,"column":102}},"type":"cond-expr","locations":[{"start":{"line":127,"column":66},"end":{"line":127,"column":84}},{"start":{"line":127,"column":87},"end":{"line":127,"column":102}}],"line":127}},"s":{"0":0,"1":0,"2":0,"3":0,"4":0,"5":0,"6":0,"7":0,"8":0,"9":0,"10":0,"11":0,"12":0,"13":0,"14":0,"15":0,"16":0,"17":0,"18":0,"19":0,"20":0,"21":0,"22":0,"23":0,"24":0,"25":0,"26":0,"27":0,"28":0,"29":0,"30":0,"31":0,"32":0},"f":{"0":0,"1":0,"2":0},"b":{"0":[0,0],"1":[0,0],"2":[0,0],"3":[0,0],"4":[0,0],"5":[0,0],"6":[0,0],"7":[0,0],"8":[0,0],"9":[0,0],"10":[0,0],"11":[0,0],"12":[0,0,0],"13":[0,0],"14":[0,0]}}
,"C:\\Users\\Admin\\Desktop\\SkillSync\\components\\AddDiaryEntryModal.tsx": {"path":"C:\\Users\\Admin\\Desktop\\SkillSync\\components\\AddDiaryEntryModal.tsx","statementMap":{"0":{"start":{"line":15,"column":34},"end":{"line":110,"column":1}},"1":{"start":{"line":16,"column":23},"end":{"line":16,"column":34}},"2":{"start":{"line":17,"column":28},"end":{"line":17,"column":38}},"3":{"start":{"line":18,"column":20},"end":{"line":18,"column":99}},"4":{"start":{"line":19,"column":22},"end":{"line":19,"column":55}},"5":{"start":{"line":21,"column":26},"end":{"line":21,"column":38}},"6":{"start":{"line":22,"column":28},"end":{"line":22,"column":40}},"7":{"start":{"line":23,"column":32},"end":{"line":23,"column":47}},"8":{"start":{"line":25,"column":23},"end":{"line":40,"column":3}},"9":{"start":{"line":26,"column":4},"end":{"line":26,"column":29}},"10":{"start":{"line":26,"column":22},"end":{"line":26,"column":29}},"11":{"start":{"line":28,"column":4},"end":{"line":28,"column":21}},"12":{"start":{"line":29,"column":4},"end":{"line":39,"column":5}},"13":{"start":{"line":30,"column":6},"end":{"line":30,"column":74}},"14":{"start":{"line":31,"column":6},"end":{"line":31,"column":18}},"15":{"start":{"line":32,"column":6},"end":{"line":32,"column":19}},"16":{"start":{"line":33,"column":6},"end":{"line":33,"column":20}},"17":{"start":{"line":34,"column":6},"end":{"line":34,"column":16}},"18":{"start":{"line":36,"column":6},"end":{"line":36,"column":51}},"19":{"start":{"line":38,"column":6},"end":{"line":38,"column":24}},"20":{"start":{"line":42,"column":2},"end":{"line":109,"column":4}},"21":{"start":{"line":112,"column":15},"end":{"line":174,"column":2}}},"fnMap":{"0":{"name":"(anonymous_0)","decl":{"start":{"line":15,"column":34},"end":{"line":15,"column":35}},"loc":{"start":{"line":15,"column":105},"end":{"line":110,"column":1}},"line":15},"1":{"name":"(anonymous_1)","decl":{"start":{"line":25,"column":23},"end":{"line":25,"column":24}},"loc":{"start":{"line":25,"column":35},"end":{"line":40,"column":3}},"line":25}},"branchMap":{"0":{"loc":{"start":{"line":18,"column":20},"end":{"line":18,"column":99}},"type":"cond-expr","locations":[{"start":{"line":18,"column":76},"end":{"line":18,"column":89}},{"start":{"line":18,"column":92},"end":{"line":18,"column":99}}],"line":18},"1":{"loc":{"start":{"line":18,"column":20},"end":{"line":18,"column":73}},"type":"binary-expr","locations":[{"start":{"line":18,"column":20},"end":{"line":18,"column":45}},{"start":{"line":18,"column":49},"end":{"line":18,"column":73}}],"line":18},"2":{"loc":{"start":{"line":19,"column":22},"end":{"line":19,"column":55}},"type":"binary-expr","locations":[{"start":{"line":19,"column":22},"end":{"line":19,"column":39}},{"start":{"line":19,"column":43},"end":{"line":19,"column":55}}],"line":19},"3":{"loc":{"start":{"line":26,"column":4},"end":{"line":26,"column":29}},"type":"if","locations":[{"start":{"line":26,"column":4},"end":{"line":26,"column":29}},{"start":{},"end":{}}],"line":26},"4":{"loc":{"start":{"line":30,"column":43},"end":{"line":30,"column":72}},"type":"binary-expr","locations":[{"start":{"line":30,"column":43},"end":{"line":30,"column":67}},{"start":{"line":30,"column":71},"end":{"line":30,"column":72}}],"line":30},"5":{"loc":{"start":{"line":45,"column":18},"end":{"line":45,"column":62}},"type":"cond-expr","locations":[{"start":{"line":45,"column":42},"end":{"line":45,"column":51}},{"start":{"line":45,"column":54},"end":{"line":45,"column":62}}],"line":45},"6":{"loc":{"start":{"line":97,"column":18},"end":{"line":97,"column":61}},"type":"binary-expr","locations":[{"start":{"line":97,"column":19},"end":{"line":97,"column":24}},{"start":{"line":97,"column":28},"end":{"line":97,"column":35}},{"start":{"line":97,"column":40},"end":{"line":97,"column":61}}],"line":97},"7":{"loc":{"start":{"line":100,"column":26},"end":{"line":100,"column":42}},"type":"binary-expr","locations":[{"start":{"line":100,"column":26},"end":{"line":100,"column":31}},{"start":{"line":100,"column":35},"end":{"line":100,"column":42}}],"line":100}},"s":{"0":0,"1":0,"2":0,"3":0,"4":0,"5":0,"6":0,"7":0,"8":0,"9":0,"10":0,"11":0,"12":0,"13":0,"14":0,"15":0,"16":0,"17":0,"18":0,"19":0,"20":0,"21":0},"f":{"0":0,"1":0},"b":{"0":[0,0],"1":[0,0],"2":[0,0],"3":[0,0],"4":[0,0],"5":[0,0],"6":[0,0,0],"7":[0,0]}}
,"C:\\Users\\Admin\\Desktop\\SkillSync\\components\\AddMilestoneModal.tsx": {"path":"C:\\Users\\Admin\\Desktop\\SkillSync\\components\\AddMilestoneModal.tsx","statementMap":{"0":{"start":{"line":14,"column":33},"end":{"line":163,"column":1}},"1":{"start":{"line":15,"column":42},"end":{"line":15,"column":61}},"2":{"start":{"line":16,"column":28},"end":{"line":16,"column":38}},"3":{"start":{"line":17,"column":20},"end":{"line":17,"column":99}},"4":{"start":{"line":18,"column":22},"end":{"line":18,"column":55}},"5":{"start":{"line":19,"column":28},"end":{"line":19,"column":40}},"6":{"start":{"line":20,"column":40},"end":{"line":20,"column":52}},"7":{"start":{"line":21,"column":38},"end":{"line":21,"column":65}},"8":{"start":{"line":22,"column":46},"end":{"line":22,"column":61}},"9":{"start":{"line":23,"column":32},"end":{"line":23,"column":47}},"10":{"start":{"line":26,"column":28},"end":{"line":31,"column":3}},"11":{"start":{"line":27,"column":28},"end":{"line":27,"column":74}},"12":{"start":{"line":27,"column":51},"end":{"line":27,"column":73}},"13":{"start":{"line":28,"column":4},"end":{"line":28,"column":47}},"14":{"start":{"line":28,"column":38},"end":{"line":28,"column":47}},"15":{"start":{"line":29,"column":21},"end":{"line":29,"column":73}},"16":{"start":{"line":29,"column":58},"end":{"line":29,"column":71}},"17":{"start":{"line":30,"column":4},"end":{"line":30,"column":24}},"18":{"start":{"line":33,"column":23},"end":{"line":53,"column":3}},"19":{"start":{"line":34,"column":4},"end":{"line":34,"column":30}},"20":{"start":{"line":34,"column":23},"end":{"line":34,"column":30}},"21":{"start":{"line":36,"column":4},"end":{"line":36,"column":21}},"22":{"start":{"line":37,"column":4},"end":{"line":52,"column":5}},"23":{"start":{"line":38,"column":6},"end":{"line":43,"column":9}},"24":{"start":{"line":44,"column":6},"end":{"line":44,"column":19}},"25":{"start":{"line":45,"column":6},"end":{"line":45,"column":25}},"26":{"start":{"line":46,"column":6},"end":{"line":46,"column":26}},"27":{"start":{"line":47,"column":6},"end":{"line":47,"column":16}},"28":{"start":{"line":49,"column":6},"end":{"line":49,"column":55}},"29":{"start":{"line":51,"column":6},"end":{"line":51,"column":24}},"30":{"start":{"line":57,"column":2},"end":{"line":162,"column":4}},"31":{"start":{"line":104,"column":18},"end":{"line":111,"column":19}},"32":{"start":{"line":105,"column":33},"end":{"line":105,"column":47}},"33":{"start":{"line":106,"column":20},"end":{"line":108,"column":21}},"34":{"start":{"line":107,"column":22},"end":{"line":107,"column":42}},"35":{"start":{"line":110,"column":20},"end":{"line":110,"column":40}},"36":{"start":{"line":118,"column":33},"end":{"line":118,"column":56}},"37":{"start":{"line":126,"column":37},"end":{"line":126,"column":56}},"38":{"start":{"line":141,"column":37},"end":{"line":141,"column":61}},"39":{"start":{"line":165,"column":15},"end":{"line":272,"column":2}}},"fnMap":{"0":{"name":"(anonymous_0)","decl":{"start":{"line":14,"column":33},"end":{"line":14,"column":34}},"loc":{"start":{"line":14,"column":92},"end":{"line":163,"column":1}},"line":14},"1":{"name":"(anonymous_1)","decl":{"start":{"line":26,"column":28},"end":{"line":26,"column":29}},"loc":{"start":{"line":26,"column":34},"end":{"line":31,"column":3}},"line":26},"2":{"name":"(anonymous_2)","decl":{"start":{"line":27,"column":46},"end":{"line":27,"column":47}},"loc":{"start":{"line":27,"column":51},"end":{"line":27,"column":73}},"line":27},"3":{"name":"(anonymous_3)","decl":{"start":{"line":29,"column":53},"end":{"line":29,"column":54}},"loc":{"start":{"line":29,"column":58},"end":{"line":29,"column":71}},"line":29},"4":{"name":"(anonymous_4)","decl":{"start":{"line":33,"column":23},"end":{"line":33,"column":24}},"loc":{"start":{"line":33,"column":35},"end":{"line":53,"column":3}},"line":33},"5":{"name":"(anonymous_5)","decl":{"start":{"line":103,"column":30},"end":{"line":103,"column":31}},"loc":{"start":{"line":103,"column":40},"end":{"line":112,"column":17}},"line":103},"6":{"name":"(anonymous_6)","decl":{"start":{"line":118,"column":27},"end":{"line":118,"column":28}},"loc":{"start":{"line":118,"column":33},"end":{"line":118,"column":56}},"line":118},"7":{"name":"(anonymous_7)","decl":{"start":{"line":126,"column":31},"end":{"line":126,"column":32}},"loc":{"start":{"line":126,"column":37},"end":{"line":126,"column":56}},"line":126},"8":{"name":"(anonymous_8)","decl":{"start":{"line":141,"column":31},"end":{"line":141,"column":32}},"loc":{"start":{"line":141,"column":37},"end":{"line":141,"column":61}},"line":141}},"branchMap":{"0":{"loc":{"start":{"line":17,"column":20},"end":{"line":17,"column":99}},"type":"cond-expr","locations":[{"start":{"line":17,"column":76},"end":{"line":17,"column":89}},{"start":{"line":17,"column":92},"end":{"line":17,"column":99}}],"line":17},"1":{"loc":{"start":{"line":17,"column":20},"end":{"line":17,"column":73}},"type":"binary-expr","locations":[{"start":{"line":17,"column":20},"end":{"line":17,"column":45}},{"start":{"line":17,"column":49},"end":{"line":17,"column":73}}],"line":17},"2":{"loc":{"start":{"line":18,"column":22},"end":{"line":18,"column":55}},"type":"binary-expr","locations":[{"start":{"line":18,"column":22},"end":{"line":18,"column":39}},{"start":{"line":18,"column":43},"end":{"line":18,"column":55}}],"line":18},"3":{"loc":{"start":{"line":28,"column":4},"end":{"line":28,"column":47}},"type":"if","locations":[{"start":{"line":28,"column":4},"end":{"line":28,"column":47}},{"start":{},"end":{}}],"line":28},"4":{"loc":{"start":{"line":34,"column":4},"end":{"line":34,"column":30}},"type":"if","locations":[{"start":{"line":34,"column":4},"end":{"line":34,"column":30}},{"start":{},"end":{}}],"line":34},"5":{"loc":{"start":{"line":41,"column":21},"end":{"line":41,"column":52}},"type":"binary-expr","locations":[{"start":{"line":41,"column":21},"end":{"line":41,"column":39}},{"start":{"line":41,"column":43},"end":{"line":41,"column":52}}],"line":41},"6":{"loc":{"start":{"line":60,"column":18},"end":{"line":60,"column":62}},"type":"cond-expr","locations":[{"start":{"line":60,"column":42},"end":{"line":60,"column":51}},{"start":{"line":60,"column":54},"end":{"line":60,"column":62}}],"line":60},"7":{"loc":{"start":{"line":97,"column":13},"end":{"line":148,"column":13}},"type":"cond-expr","locations":[{"start":{"line":98,"column":14},"end":{"line":113,"column":16}},{"start":{"line":115,"column":14},"end":{"line":147,"column":17}}],"line":97},"8":{"loc":{"start":{"line":102,"column":23},"end":{"line":102,"column":118}},"type":"cond-expr","locations":[{"start":{"line":102,"column":75},"end":{"line":102,"column":113}},{"start":{"line":102,"column":116},"end":{"line":102,"column":118}}],"line":102},"9":{"loc":{"start":{"line":102,"column":23},"end":{"line":102,"column":72}},"type":"binary-expr","locations":[{"start":{"line":102,"column":23},"end":{"line":102,"column":33}},{"start":{"line":102,"column":37},"end":{"line":102,"column":72}}],"line":102},"10":{"loc":{"start":{"line":104,"column":18},"end":{"line":111,"column":19}},"type":"if","locations":[{"start":{"line":104,"column":18},"end":{"line":111,"column":19}},{"start":{"line":109,"column":25},"end":{"line":111,"column":19}}],"line":104},"11":{"loc":{"start":{"line":106,"column":20},"end":{"line":108,"column":21}},"type":"if","locations":[{"start":{"line":106,"column":20},"end":{"line":108,"column":21}},{"start":{},"end":{}}],"line":106},"12":{"loc":{"start":{"line":121,"column":64},"end":{"line":121,"column":121}},"type":"cond-expr","locations":[{"start":{"line":121,"column":77},"end":{"line":121,"column":93}},{"start":{"line":121,"column":96},"end":{"line":121,"column":121}}],"line":121},"13":{"loc":{"start":{"line":122,"column":21},"end":{"line":122,"column":122}},"type":"cond-expr","locations":[{"start":{"line":122,"column":73},"end":{"line":122,"column":104}},{"start":{"line":122,"column":107},"end":{"line":122,"column":122}}],"line":122},"14":{"loc":{"start":{"line":122,"column":21},"end":{"line":122,"column":70}},"type":"binary-expr","locations":[{"start":{"line":122,"column":21},"end":{"line":122,"column":31}},{"start":{"line":122,"column":35},"end":{"line":122,"column":70}}],"line":122},"15":{"loc":{"start":{"line":124,"column":19},"end":{"line":131,"column":19}},"type":"binary-expr","locations":[{"start":{"line":124,"column":19},"end":{"line":124,"column":29}},{"start":{"line":125,"column":20},"end":{"line":130,"column":39}}],"line":124},"16":{"loc":{"start":{"line":134,"column":17},"end":{"line":146,"column":17}},"type":"binary-expr","locations":[{"start":{"line":134,"column":17},"end":{"line":134,"column":31}},{"start":{"line":134,"column":35},"end":{"line":134,"column":56}},{"start":{"line":135,"column":18},"end":{"line":145,"column":25}}],"line":134},"17":{"loc":{"start":{"line":137,"column":23},"end":{"line":137,"column":156}},"type":"cond-expr","locations":[{"start":{"line":137,"column":75},"end":{"line":137,"column":117}},{"start":{"line":137,"column":120},"end":{"line":137,"column":156}}],"line":137},"18":{"loc":{"start":{"line":137,"column":23},"end":{"line":137,"column":72}},"type":"binary-expr","locations":[{"start":{"line":137,"column":23},"end":{"line":137,"column":33}},{"start":{"line":137,"column":37},"end":{"line":137,"column":72}}],"line":137},"19":{"loc":{"start":{"line":151,"column":80},"end":{"line":151,"column":124}},"type":"binary-expr","locations":[{"start":{"line":151,"column":81},"end":{"line":151,"column":87}},{"start":{"line":151,"column":91},"end":{"line":151,"column":98}},{"start":{"line":151,"column":103},"end":{"line":151,"column":124}}],"line":151},"20":{"loc":{"start":{"line":153,"column":26},"end":{"line":153,"column":43}},"type":"binary-expr","locations":[{"start":{"line":153,"column":26},"end":{"line":153,"column":32}},{"start":{"line":153,"column":36},"end":{"line":153,"column":43}}],"line":153}},"s":{"0":0,"1":0,"2":0,"3":0,"4":0,"5":0,"6":0,"7":0,"8":0,"9":0,"10":0,"11":0,"12":0,"13":0,"14":0,"15":0,"16":0,"17":0,"18":0,"19":0,"20":0,"21":0,"22":0,"23":0,"24":0,"25":0,"26":0,"27":0,"28":0,"29":0,"30":0,"31":0,"32":0,"33":0,"34":0,"35":0,"36":0,"37":0,"38":0,"39":0},"f":{"0":0,"1":0,"2":0,"3":0,"4":0,"5":0,"6":0,"7":0,"8":0},"b":{"0":[0,0],"1":[0,0],"2":[0,0],"3":[0,0],"4":[0,0],"5":[0,0],"6":[0,0],"7":[0,0],"8":[0,0],"9":[0,0],"10":[0,0],"11":[0,0],"12":[0,0],"13":[0,0],"14":[0,0],"15":[0,0],"16":[0,0,0],"17":[0,0],"18":[0,0],"19":[0,0,0],"20":[0,0]}}
,"C:\\Users\\Admin\\Desktop\\SkillSync\\components\\AddProgressModal.tsx": {"path":"C:\\Users\\Admin\\Desktop\\SkillSync\\components\\AddProgressModal.tsx","statementMap":{"0":{"start":{"line":16,"column":32},"end":{"line":105,"column":1}},"1":{"start":{"line":17,"column":32},"end":{"line":17,"column":43}},"2":{"start":{"line":18,"column":28},"end":{"line":18,"column":38}},"3":{"start":{"line":19,"column":20},"end":{"line":19,"column":99}},"4":{"start":{"line":20,"column":22},"end":{"line":20,"column":55}},"5":{"start":{"line":22,"column":34},"end":{"line":22,"column":46}},"6":{"start":{"line":23,"column":32},"end":{"line":23,"column":47}},"7":{"start":{"line":26,"column":22},"end":{"line":26,"column":52}},"8":{"start":{"line":27,"column":18},"end":{"line":27,"column":35}},"9":{"start":{"line":29,"column":23},"end":{"line":46,"column":3}},"10":{"start":{"line":30,"column":26},"end":{"line":30,"column":51}},"11":{"start":{"line":31,"column":4},"end":{"line":33,"column":5}},"12":{"start":{"line":32,"column":6},"end":{"line":32,"column":13}},"13":{"start":{"line":35,"column":4},"end":{"line":35,"column":21}},"14":{"start":{"line":36,"column":4},"end":{"line":45,"column":5}},"15":{"start":{"line":37,"column":6},"end":{"line":37,"column":54}},"16":{"start":{"line":38,"column":6},"end":{"line":38,"column":22}},"17":{"start":{"line":39,"column":6},"end":{"line":39,"column":20}},"18":{"start":{"line":40,"column":6},"end":{"line":40,"column":16}},"19":{"start":{"line":42,"column":6},"end":{"line":42,"column":54}},"20":{"start":{"line":44,"column":6},"end":{"line":44,"column":24}},"21":{"start":{"line":48,"column":2},"end":{"line":104,"column":4}},"22":{"start":{"line":107,"column":15},"end":{"line":164,"column":2}}},"fnMap":{"0":{"name":"(anonymous_0)","decl":{"start":{"line":16,"column":32},"end":{"line":16,"column":33}},"loc":{"start":{"line":16,"column":118},"end":{"line":105,"column":1}},"line":16},"1":{"name":"(anonymous_1)","decl":{"start":{"line":29,"column":23},"end":{"line":29,"column":24}},"loc":{"start":{"line":29,"column":35},"end":{"line":46,"column":3}},"line":29}},"branchMap":{"0":{"loc":{"start":{"line":19,"column":20},"end":{"line":19,"column":99}},"type":"cond-expr","locations":[{"start":{"line":19,"column":76},"end":{"line":19,"column":89}},{"start":{"line":19,"column":92},"end":{"line":19,"column":99}}],"line":19},"1":{"loc":{"start":{"line":19,"column":20},"end":{"line":19,"column":73}},"type":"binary-expr","locations":[{"start":{"line":19,"column":20},"end":{"line":19,"column":45}},{"start":{"line":19,"column":49},"end":{"line":19,"column":73}}],"line":19},"2":{"loc":{"start":{"line":20,"column":22},"end":{"line":20,"column":55}},"type":"binary-expr","locations":[{"start":{"line":20,"column":22},"end":{"line":20,"column":39}},{"start":{"line":20,"column":43},"end":{"line":20,"column":55}}],"line":20},"3":{"loc":{"start":{"line":31,"column":4},"end":{"line":33,"column":5}},"type":"if","locations":[{"start":{"line":31,"column":4},"end":{"line":33,"column":5}},{"start":{},"end":{}}],"line":31},"4":{"loc":{"start":{"line":31,"column":8},"end":{"line":31,"column":79}},"type":"binary-expr","locations":[{"start":{"line":31,"column":8},"end":{"line":31,"column":35}},{"start":{"line":31,"column":39},"end":{"line":31,"column":56}},{"start":{"line":31,"column":60},"end":{"line":31,"column":79}}],"line":31},"5":{"loc":{"start":{"line":52,"column":20},"end":{"line":52,"column":64}},"type":"cond-expr","locations":[{"start":{"line":52,"column":44},"end":{"line":52,"column":53}},{"start":{"line":52,"column":56},"end":{"line":52,"column":64}}],"line":52},"6":{"loc":{"start":{"line":55,"column":92},"end":{"line":55,"column":115}},"type":"cond-expr","locations":[{"start":{"line":55,"column":102},"end":{"line":55,"column":107}},{"start":{"line":55,"column":110},"end":{"line":55,"column":115}}],"line":55},"7":{"loc":{"start":{"line":92,"column":18},"end":{"line":92,"column":65}},"type":"binary-expr","locations":[{"start":{"line":92,"column":19},"end":{"line":92,"column":28}},{"start":{"line":92,"column":32},"end":{"line":92,"column":39}},{"start":{"line":92,"column":44},"end":{"line":92,"column":65}}],"line":92},"8":{"loc":{"start":{"line":95,"column":26},"end":{"line":95,"column":46}},"type":"binary-expr","locations":[{"start":{"line":95,"column":26},"end":{"line":95,"column":35}},{"start":{"line":95,"column":39},"end":{"line":95,"column":46}}],"line":95}},"s":{"0":0,"1":0,"2":0,"3":0,"4":0,"5":0,"6":0,"7":0,"8":0,"9":0,"10":0,"11":0,"12":0,"13":0,"14":0,"15":0,"16":0,"17":0,"18":0,"19":0,"20":0,"21":0,"22":0},"f":{"0":0,"1":0},"b":{"0":[0,0],"1":[0,0],"2":[0,0],"3":[0,0],"4":[0,0,0],"5":[0,0],"6":[0,0],"7":[0,0,0],"8":[0,0]}}
,"C:\\Users\\Admin\\Desktop\\SkillSync\\components\\AddResourceModal.tsx": {"path":"C:\\Users\\Admin\\Desktop\\SkillSync\\components\\AddResourceModal.tsx","statementMap":{"0":{"start":{"line":15,"column":32},"end":{"line":145,"column":1}},"1":{"start":{"line":16,"column":26},"end":{"line":16,"column":45}},"2":{"start":{"line":17,"column":28},"end":{"line":17,"column":38}},"3":{"start":{"line":18,"column":20},"end":{"line":18,"column":99}},"4":{"start":{"line":19,"column":22},"end":{"line":19,"column":55}},"5":{"start":{"line":21,"column":28},"end":{"line":21,"column":40}},"6":{"start":{"line":22,"column":24},"end":{"line":22,"column":36}},"7":{"start":{"line":23,"column":26},"end":{"line":23,"column":67}},"8":{"start":{"line":24,"column":32},"end":{"line":24,"column":47}},"9":{"start":{"line":26,"column":23},"end":{"line":45,"column":3}},"10":{"start":{"line":27,"column":4},"end":{"line":27,"column":45}},"11":{"start":{"line":27,"column":38},"end":{"line":27,"column":45}},"12":{"start":{"line":29,"column":4},"end":{"line":29,"column":21}},"13":{"start":{"line":30,"column":4},"end":{"line":44,"column":5}},"14":{"start":{"line":31,"column":6},"end":{"line":36,"column":9}},"15":{"start":{"line":37,"column":6},"end":{"line":37,"column":19}},"16":{"start":{"line":38,"column":6},"end":{"line":38,"column":17}},"17":{"start":{"line":39,"column":6},"end":{"line":39,"column":16}},"18":{"start":{"line":41,"column":6},"end":{"line":41,"column":54}},"19":{"start":{"line":43,"column":6},"end":{"line":43,"column":24}},"20":{"start":{"line":47,"column":2},"end":{"line":144,"column":4}},"21":{"start":{"line":68,"column":31},"end":{"line":68,"column":57}},"22":{"start":{"line":80,"column":31},"end":{"line":80,"column":58}},"23":{"start":{"line":92,"column":31},"end":{"line":92,"column":61}},"24":{"start":{"line":104,"column":31},"end":{"line":104,"column":60}},"25":{"start":{"line":147,"column":15},"end":{"line":225,"column":2}}},"fnMap":{"0":{"name":"(anonymous_0)","decl":{"start":{"line":15,"column":32},"end":{"line":15,"column":33}},"loc":{"start":{"line":15,"column":90},"end":{"line":145,"column":1}},"line":15},"1":{"name":"(anonymous_1)","decl":{"start":{"line":26,"column":23},"end":{"line":26,"column":24}},"loc":{"start":{"line":26,"column":35},"end":{"line":45,"column":3}},"line":26},"2":{"name":"(anonymous_2)","decl":{"start":{"line":68,"column":25},"end":{"line":68,"column":26}},"loc":{"start":{"line":68,"column":31},"end":{"line":68,"column":57}},"line":68},"3":{"name":"(anonymous_3)","decl":{"start":{"line":80,"column":25},"end":{"line":80,"column":26}},"loc":{"start":{"line":80,"column":31},"end":{"line":80,"column":58}},"line":80},"4":{"name":"(anonymous_4)","decl":{"start":{"line":92,"column":25},"end":{"line":92,"column":26}},"loc":{"start":{"line":92,"column":31},"end":{"line":92,"column":61}},"line":92},"5":{"name":"(anonymous_5)","decl":{"start":{"line":104,"column":25},"end":{"line":104,"column":26}},"loc":{"start":{"line":104,"column":31},"end":{"line":104,"column":60}},"line":104}},"branchMap":{"0":{"loc":{"start":{"line":18,"column":20},"end":{"line":18,"column":99}},"type":"cond-expr","locations":[{"start":{"line":18,"column":76},"end":{"line":18,"column":89}},{"start":{"line":18,"column":92},"end":{"line":18,"column":99}}],"line":18},"1":{"loc":{"start":{"line":18,"column":20},"end":{"line":18,"column":73}},"type":"binary-expr","locations":[{"start":{"line":18,"column":20},"end":{"line":18,"column":45}},{"start":{"line":18,"column":49},"end":{"line":18,"column":73}}],"line":18},"2":{"loc":{"start":{"line":19,"column":22},"end":{"line":19,"column":55}},"type":"binary-expr","locations":[{"start":{"line":19,"column":22},"end":{"line":19,"column":39}},{"start":{"line":19,"column":43},"end":{"line":19,"column":55}}],"line":19},"3":{"loc":{"start":{"line":27,"column":4},"end":{"line":27,"column":45}},"type":"if","locations":[{"start":{"line":27,"column":4},"end":{"line":27,"column":45}},{"start":{},"end":{}}],"line":27},"4":{"loc":{"start":{"line":27,"column":8},"end":{"line":27,"column":36}},"type":"binary-expr","locations":[{"start":{"line":27,"column":8},"end":{"line":27,"column":21}},{"start":{"line":27,"column":25},"end":{"line":27,"column":36}}],"line":27},"5":{"loc":{"start":{"line":65,"column":18},"end":{"line":66,"column":100}},"type":"binary-expr","locations":[{"start":{"line":65,"column":18},"end":{"line":65,"column":44}},{"start":{"line":65,"column":48},"end":{"line":66,"column":100}}],"line":65},"6":{"loc":{"start":{"line":70,"column":55},"end":{"line":70,"column":130}},"type":"cond-expr","locations":[{"start":{"line":70,"column":84},"end":{"line":70,"column":102}},{"start":{"line":70,"column":105},"end":{"line":70,"column":130}}],"line":70},"7":{"loc":{"start":{"line":71,"column":56},"end":{"line":71,"column":131}},"type":"cond-expr","locations":[{"start":{"line":71,"column":85},"end":{"line":71,"column":103}},{"start":{"line":71,"column":106},"end":{"line":71,"column":131}}],"line":71},"8":{"loc":{"start":{"line":77,"column":18},"end":{"line":78,"column":100}},"type":"binary-expr","locations":[{"start":{"line":77,"column":18},"end":{"line":77,"column":45}},{"start":{"line":77,"column":49},"end":{"line":78,"column":100}}],"line":77},"9":{"loc":{"start":{"line":82,"column":59},"end":{"line":82,"column":135}},"type":"cond-expr","locations":[{"start":{"line":82,"column":89},"end":{"line":82,"column":107}},{"start":{"line":82,"column":110},"end":{"line":82,"column":135}}],"line":82},"10":{"loc":{"start":{"line":83,"column":56},"end":{"line":83,"column":132}},"type":"cond-expr","locations":[{"start":{"line":83,"column":86},"end":{"line":83,"column":104}},{"start":{"line":83,"column":107},"end":{"line":83,"column":132}}],"line":83},"11":{"loc":{"start":{"line":89,"column":18},"end":{"line":90,"column":100}},"type":"binary-expr","locations":[{"start":{"line":89,"column":18},"end":{"line":89,"column":48}},{"start":{"line":89,"column":52},"end":{"line":90,"column":100}}],"line":89},"12":{"loc":{"start":{"line":94,"column":64},"end":{"line":94,"column":143}},"type":"cond-expr","locations":[{"start":{"line":94,"column":97},"end":{"line":94,"column":115}},{"start":{"line":94,"column":118},"end":{"line":94,"column":143}}],"line":94},"13":{"loc":{"start":{"line":95,"column":56},"end":{"line":95,"column":135}},"type":"cond-expr","locations":[{"start":{"line":95,"column":89},"end":{"line":95,"column":107}},{"start":{"line":95,"column":110},"end":{"line":95,"column":135}}],"line":95},"14":{"loc":{"start":{"line":101,"column":18},"end":{"line":102,"column":100}},"type":"binary-expr","locations":[{"start":{"line":101,"column":18},"end":{"line":101,"column":47}},{"start":{"line":101,"column":51},"end":{"line":102,"column":100}}],"line":101},"15":{"loc":{"start":{"line":106,"column":60},"end":{"line":106,"column":138}},"type":"cond-expr","locations":[{"start":{"line":106,"column":92},"end":{"line":106,"column":110}},{"start":{"line":106,"column":113},"end":{"line":106,"column":138}}],"line":106},"16":{"loc":{"start":{"line":107,"column":56},"end":{"line":107,"column":134}},"type":"cond-expr","locations":[{"start":{"line":107,"column":88},"end":{"line":107,"column":106}},{"start":{"line":107,"column":109},"end":{"line":107,"column":134}}],"line":107},"17":{"loc":{"start":{"line":121,"column":15},"end":{"line":121,"column":74}},"type":"cond-expr","locations":[{"start":{"line":121,"column":48},"end":{"line":121,"column":66}},{"start":{"line":121,"column":69},"end":{"line":121,"column":74}}],"line":121},"18":{"loc":{"start":{"line":134,"column":78},"end":{"line":134,"column":130}},"type":"binary-expr","locations":[{"start":{"line":134,"column":79},"end":{"line":134,"column":85}},{"start":{"line":134,"column":89},"end":{"line":134,"column":93}},{"start":{"line":134,"column":97},"end":{"line":134,"column":104}},{"start":{"line":134,"column":109},"end":{"line":134,"column":130}}],"line":134},"19":{"loc":{"start":{"line":136,"column":24},"end":{"line":136,"column":49}},"type":"binary-expr","locations":[{"start":{"line":136,"column":24},"end":{"line":136,"column":30}},{"start":{"line":136,"column":34},"end":{"line":136,"column":38}},{"start":{"line":136,"column":42},"end":{"line":136,"column":49}}],"line":136}},"s":{"0":0,"1":0,"2":0,"3":0,"4":0,"5":0,"6":0,"7":0,"8":0,"9":0,"10":0,"11":0,"12":0,"13":0,"14":0,"15":0,"16":0,"17":0,"18":0,"19":0,"20":0,"21":0,"22":0,"23":0,"24":0,"25":0},"f":{"0":0,"1":0,"2":0,"3":0,"4":0,"5":0},"b":{"0":[0,0],"1":[0,0],"2":[0,0],"3":[0,0],"4":[0,0],"5":[0,0],"6":[0,0],"7":[0,0],"8":[0,0],"9":[0,0],"10":[0,0],"11":[0,0],"12":[0,0],"13":[0,0],"14":[0,0],"15":[0,0],"16":[0,0],"17":[0,0],"18":[0,0,0,0],"19":[0,0,0]}}
,"C:\\Users\\Admin\\Desktop\\SkillSync\\components\\AddTechniqueModal.tsx": {"path":"C:\\Users\\Admin\\Desktop\\SkillSync\\components\\AddTechniqueModal.tsx","statementMap":{"0":{"start":{"line":16,"column":33},"end":{"line":185,"column":1}},"1":{"start":{"line":17,"column":44},"end":{"line":17,"column":63}},"2":{"start":{"line":18,"column":23},"end":{"line":18,"column":34}},"3":{"start":{"line":19,"column":44},"end":{"line":19,"column":56}},"4":{"start":{"line":20,"column":40},"end":{"line":20,"column":52}},"5":{"start":{"line":21,"column":44},"end":{"line":21,"column":56}},"6":{"start":{"line":22,"column":42},"end":{"line":22,"column":55}},"7":{"start":{"line":23,"column":28},"end":{"line":23,"column":40}},"8":{"start":{"line":24,"column":32},"end":{"line":24,"column":47}},"9":{"start":{"line":27,"column":2},"end":{"line":42,"column":34}},"10":{"start":{"line":28,"column":4},"end":{"line":41,"column":5}},"11":{"start":{"line":29,"column":6},"end":{"line":29,"column":62}},"12":{"start":{"line":30,"column":6},"end":{"line":30,"column":57}},"13":{"start":{"line":31,"column":6},"end":{"line":31,"column":75}},"14":{"start":{"line":32,"column":6},"end":{"line":32,"column":73}},"15":{"start":{"line":33,"column":6},"end":{"line":33,"column":45}},"16":{"start":{"line":36,"column":6},"end":{"line":36,"column":27}},"17":{"start":{"line":37,"column":6},"end":{"line":37,"column":25}},"18":{"start":{"line":38,"column":6},"end":{"line":38,"column":27}},"19":{"start":{"line":39,"column":6},"end":{"line":39,"column":27}},"20":{"start":{"line":40,"column":6},"end":{"line":40,"column":19}},"21":{"start":{"line":44,"column":23},"end":{"line":103,"column":3}},"22":{"start":{"line":45,"column":4},"end":{"line":48,"column":5}},"23":{"start":{"line":46,"column":6},"end":{"line":46,"column":60}},"24":{"start":{"line":47,"column":6},"end":{"line":47,"column":13}},"25":{"start":{"line":50,"column":4},"end":{"line":50,"column":21}},"26":{"start":{"line":51,"column":4},"end":{"line":102,"column":5}},"27":{"start":{"line":52,"column":20},"end":{"line":52,"column":57}},"28":{"start":{"line":54,"column":6},"end":{"line":87,"column":7}},"29":{"start":{"line":56,"column":8},"end":{"line":62,"column":11}},"30":{"start":{"line":65,"column":8},"end":{"line":72,"column":11}},"31":{"start":{"line":75,"column":8},"end":{"line":86,"column":9}},"32":{"start":{"line":76,"column":10},"end":{"line":85,"column":11}},"33":{"start":{"line":77,"column":12},"end":{"line":81,"column":14}},"34":{"start":{"line":83,"column":12},"end":{"line":83,"column":71}},"35":{"start":{"line":90,"column":6},"end":{"line":90,"column":27}},"36":{"start":{"line":91,"column":6},"end":{"line":91,"column":25}},"37":{"start":{"line":92,"column":6},"end":{"line":92,"column":27}},"38":{"start":{"line":93,"column":6},"end":{"line":93,"column":27}},"39":{"start":{"line":94,"column":6},"end":{"line":94,"column":19}},"40":{"start":{"line":95,"column":6},"end":{"line":95,"column":20}},"41":{"start":{"line":96,"column":6},"end":{"line":96,"column":16}},"42":{"start":{"line":98,"column":6},"end":{"line":98,"column":56}},"43":{"start":{"line":99,"column":6},"end":{"line":99,"column":108}},"44":{"start":{"line":101,"column":6},"end":{"line":101,"column":24}},"45":{"start":{"line":105,"column":2},"end":{"line":184,"column":4}},"46":{"start":{"line":187,"column":15},"end":{"line":258,"column":2}}},"fnMap":{"0":{"name":"(anonymous_0)","decl":{"start":{"line":16,"column":33},"end":{"line":16,"column":34}},"loc":{"start":{"line":16,"column":121},"end":{"line":185,"column":1}},"line":16},"1":{"name":"(anonymous_1)","decl":{"start":{"line":27,"column":12},"end":{"line":27,"column":13}},"loc":{"start":{"line":27,"column":18},"end":{"line":42,"column":3}},"line":27},"2":{"name":"(anonymous_2)","decl":{"start":{"line":44,"column":23},"end":{"line":44,"column":24}},"loc":{"start":{"line":44,"column":35},"end":{"line":103,"column":3}},"line":44}},"branchMap":{"0":{"loc":{"start":{"line":28,"column":4},"end":{"line":41,"column":5}},"type":"if","locations":[{"start":{"line":28,"column":4},"end":{"line":41,"column":5}},{"start":{"line":34,"column":11},"end":{"line":41,"column":5}}],"line":28},"1":{"loc":{"start":{"line":29,"column":23},"end":{"line":29,"column":60}},"type":"binary-expr","locations":[{"start":{"line":29,"column":23},"end":{"line":29,"column":54}},{"start":{"line":29,"column":58},"end":{"line":29,"column":60}}],"line":29},"2":{"loc":{"start":{"line":30,"column":21},"end":{"line":30,"column":55}},"type":"binary-expr","locations":[{"start":{"line":30,"column":21},"end":{"line":30,"column":49}},{"start":{"line":30,"column":53},"end":{"line":30,"column":55}}],"line":30},"3":{"loc":{"start":{"line":31,"column":23},"end":{"line":31,"column":73}},"type":"binary-expr","locations":[{"start":{"line":31,"column":23},"end":{"line":31,"column":66}},{"start":{"line":31,"column":70},"end":{"line":31,"column":73}}],"line":31},"4":{"loc":{"start":{"line":32,"column":22},"end":{"line":32,"column":71}},"type":"binary-expr","locations":[{"start":{"line":32,"column":22},"end":{"line":32,"column":64}},{"start":{"line":32,"column":68},"end":{"line":32,"column":71}}],"line":32},"5":{"loc":{"start":{"line":33,"column":15},"end":{"line":33,"column":43}},"type":"binary-expr","locations":[{"start":{"line":33,"column":15},"end":{"line":33,"column":37}},{"start":{"line":33,"column":41},"end":{"line":33,"column":43}}],"line":33},"6":{"loc":{"start":{"line":45,"column":4},"end":{"line":48,"column":5}},"type":"if","locations":[{"start":{"line":45,"column":4},"end":{"line":48,"column":5}},{"start":{},"end":{}}],"line":45},"7":{"loc":{"start":{"line":52,"column":20},"end":{"line":52,"column":57}},"type":"binary-expr","locations":[{"start":{"line":52,"column":20},"end":{"line":52,"column":52}},{"start":{"line":52,"column":56},"end":{"line":52,"column":57}}],"line":52},"8":{"loc":{"start":{"line":54,"column":6},"end":{"line":87,"column":7}},"type":"if","locations":[{"start":{"line":54,"column":6},"end":{"line":87,"column":7}},{"start":{"line":63,"column":13},"end":{"line":87,"column":7}}],"line":54},"9":{"loc":{"start":{"line":58,"column":23},"end":{"line":58,"column":54}},"type":"binary-expr","locations":[{"start":{"line":58,"column":23},"end":{"line":58,"column":41}},{"start":{"line":58,"column":45},"end":{"line":58,"column":54}}],"line":58},"10":{"loc":{"start":{"line":60,"column":25},"end":{"line":60,"column":59}},"type":"binary-expr","locations":[{"start":{"line":60,"column":25},"end":{"line":60,"column":54}},{"start":{"line":60,"column":58},"end":{"line":60,"column":59}}],"line":60},"11":{"loc":{"start":{"line":61,"column":17},"end":{"line":61,"column":42}},"type":"binary-expr","locations":[{"start":{"line":61,"column":17},"end":{"line":61,"column":29}},{"start":{"line":61,"column":33},"end":{"line":61,"column":42}}],"line":61},"12":{"loc":{"start":{"line":68,"column":23},"end":{"line":68,"column":54}},"type":"binary-expr","locations":[{"start":{"line":68,"column":23},"end":{"line":68,"column":41}},{"start":{"line":68,"column":45},"end":{"line":68,"column":54}}],"line":68},"13":{"loc":{"start":{"line":70,"column":25},"end":{"line":70,"column":59}},"type":"binary-expr","locations":[{"start":{"line":70,"column":25},"end":{"line":70,"column":54}},{"start":{"line":70,"column":58},"end":{"line":70,"column":59}}],"line":70},"14":{"loc":{"start":{"line":71,"column":17},"end":{"line":71,"column":42}},"type":"binary-expr","locations":[{"start":{"line":71,"column":17},"end":{"line":71,"column":29}},{"start":{"line":71,"column":33},"end":{"line":71,"column":42}}],"line":71},"15":{"loc":{"start":{"line":75,"column":8},"end":{"line":86,"column":9}},"type":"if","locations":[{"start":{"line":75,"column":8},"end":{"line":86,"column":9}},{"start":{},"end":{}}],"line":75},"16":{"loc":{"start":{"line":79,"column":80},"end":{"line":79,"column":102}},"type":"cond-expr","locations":[{"start":{"line":79,"column":94},"end":{"line":79,"column":97}},{"start":{"line":79,"column":100},"end":{"line":79,"column":102}}],"line":79},"17":{"loc":{"start":{"line":99,"column":40},"end":{"line":99,"column":75}},"type":"cond-expr","locations":[{"start":{"line":99,"column":59},"end":{"line":99,"column":67}},{"start":{"line":99,"column":70},"end":{"line":99,"column":75}}],"line":99},"18":{"loc":{"start":{"line":110,"column":40},"end":{"line":110,"column":93}},"type":"cond-expr","locations":[{"start":{"line":110,"column":59},"end":{"line":110,"column":75}},{"start":{"line":110,"column":78},"end":{"line":110,"column":93}}],"line":110},"19":{"loc":{"start":{"line":174,"column":37},"end":{"line":174,"column":89}},"type":"binary-expr","locations":[{"start":{"line":174,"column":38},"end":{"line":174,"column":52}},{"start":{"line":174,"column":56},"end":{"line":174,"column":63}},{"start":{"line":174,"column":68},"end":{"line":174,"column":89}}],"line":174},"20":{"loc":{"start":{"line":176,"column":24},"end":{"line":176,"column":49}},"type":"binary-expr","locations":[{"start":{"line":176,"column":24},"end":{"line":176,"column":38}},{"start":{"line":176,"column":42},"end":{"line":176,"column":49}}],"line":176},"21":{"loc":{"start":{"line":178,"column":47},"end":{"line":178,"column":102}},"type":"cond-expr","locations":[{"start":{"line":178,"column":66},"end":{"line":178,"column":84}},{"start":{"line":178,"column":87},"end":{"line":178,"column":102}}],"line":178}},"s":{"0":0,"1":0,"2":0,"3":0,"4":0,"5":0,"6":0,"7":0,"8":0,"9":0,"10":0,"11":0,"12":0,"13":0,"14":0,"15":0,"16":0,"17":0,"18":0,"19":0,"20":0,"21":0,"22":0,"23":0,"24":0,"25":0,"26":0,"27":0,"28":0,"29":0,"30":0,"31":0,"32":0,"33":0,"34":0,"35":0,"36":0,"37":0,"38":0,"39":0,"40":0,"41":0,"42":0,"43":0,"44":0,"45":0,"46":0},"f":{"0":0,"1":0,"2":0},"b":{"0":[0,0],"1":[0,0],"2":[0,0],"3":[0,0],"4":[0,0],"5":[0,0],"6":[0,0],"7":[0,0],"8":[0,0],"9":[0,0],"10":[0,0],"11":[0,0],"12":[0,0],"13":[0,0],"14":[0,0],"15":[0,0],"16":[0,0],"17":[0,0],"18":[0,0],"19":[0,0,0],"20":[0,0],"21":[0,0]}}
,"C:\\Users\\Admin\\Desktop\\SkillSync\\components\\AnimatedInput.tsx": {"path":"C:\\Users\\Admin\\Desktop\\SkillSync\\components\\AnimatedInput.tsx","statementMap":{"0":{"start":{"line":24,"column":29},"end":{"line":155,"column":2}},"1":{"start":{"line":35,"column":28},"end":{"line":35,"column":38}},"2":{"start":{"line":36,"column":20},"end":{"line":36,"column":99}},"3":{"start":{"line":37,"column":22},"end":{"line":37,"column":55}},"4":{"start":{"line":39,"column":36},"end":{"line":39,"column":51}},"5":{"start":{"line":40,"column":20},"end":{"line":40,"column":37}},"6":{"start":{"line":41,"column":20},"end":{"line":41,"column":37}},"7":{"start":{"line":42,"column":23},"end":{"line":42,"column":79}},"8":{"start":{"line":45,"column":2},"end":{"line":51,"column":9}},"9":{"start":{"line":46,"column":4},"end":{"line":50,"column":6}},"10":{"start":{"line":47,"column":6},"end":{"line":49,"column":7}},"11":{"start":{"line":48,"column":8},"end":{"line":48,"column":43}},"12":{"start":{"line":54,"column":22},"end":{"line":65,"column":3}},"13":{"start":{"line":56,"column":4},"end":{"line":59,"column":5}},"14":{"start":{"line":57,"column":6},"end":{"line":57,"column":41}},"15":{"start":{"line":58,"column":6},"end":{"line":58,"column":34}},"16":{"start":{"line":61,"column":4},"end":{"line":61,"column":23}},"17":{"start":{"line":62,"column":4},"end":{"line":62,"column":55}},"18":{"start":{"line":63,"column":4},"end":{"line":63,"column":58}},"19":{"start":{"line":64,"column":4},"end":{"line":64,"column":17}},"20":{"start":{"line":68,"column":21},"end":{"line":77,"column":3}},"21":{"start":{"line":70,"column":4},"end":{"line":76,"column":12}},"22":{"start":{"line":71,"column":6},"end":{"line":71,"column":26}},"23":{"start":{"line":72,"column":6},"end":{"line":72,"column":57}},"24":{"start":{"line":73,"column":6},"end":{"line":73,"column":57}},"25":{"start":{"line":74,"column":6},"end":{"line":74,"column":18}},"26":{"start":{"line":75,"column":6},"end":{"line":75,"column":34}},"27":{"start":{"line":80,"column":24},"end":{"line":92,"column":4}},"28":{"start":{"line":81,"column":4},"end":{"line":91,"column":6}},"29":{"start":{"line":95,"column":25},"end":{"line":109,"column":3}},"30":{"start":{"line":111,"column":2},"end":{"line":154,"column":4}},"31":{"start":{"line":157,"column":0},"end":{"line":157,"column":44}},"32":{"start":{"line":159,"column":15},"end":{"line":188,"column":2}}},"fnMap":{"0":{"name":"(anonymous_0)","decl":{"start":{"line":24,"column":71},"end":{"line":24,"column":72}},"loc":{"start":{"line":34,"column":11},"end":{"line":155,"column":1}},"line":34},"1":{"name":"(anonymous_1)","decl":{"start":{"line":45,"column":18},"end":{"line":45,"column":19}},"loc":{"start":{"line":45,"column":24},"end":{"line":51,"column":3}},"line":45},"2":{"name":"(anonymous_2)","decl":{"start":{"line":46,"column":11},"end":{"line":46,"column":12}},"loc":{"start":{"line":46,"column":17},"end":{"line":50,"column":5}},"line":46},"3":{"name":"(anonymous_3)","decl":{"start":{"line":54,"column":22},"end":{"line":54,"column":23}},"loc":{"start":{"line":54,"column":34},"end":{"line":65,"column":3}},"line":54},"4":{"name":"(anonymous_4)","decl":{"start":{"line":68,"column":21},"end":{"line":68,"column":22}},"loc":{"start":{"line":68,"column":33},"end":{"line":77,"column":3}},"line":68},"5":{"name":"(anonymous_5)","decl":{"start":{"line":70,"column":38},"end":{"line":70,"column":39}},"loc":{"start":{"line":70,"column":44},"end":{"line":76,"column":5}},"line":70},"6":{"name":"(anonymous_6)","decl":{"start":{"line":80,"column":41},"end":{"line":80,"column":42}},"loc":{"start":{"line":80,"column":47},"end":{"line":92,"column":3}},"line":80}},"branchMap":{"0":{"loc":{"start":{"line":36,"column":20},"end":{"line":36,"column":99}},"type":"cond-expr","locations":[{"start":{"line":36,"column":76},"end":{"line":36,"column":89}},{"start":{"line":36,"column":92},"end":{"line":36,"column":99}}],"line":36},"1":{"loc":{"start":{"line":36,"column":20},"end":{"line":36,"column":73}},"type":"binary-expr","locations":[{"start":{"line":36,"column":20},"end":{"line":36,"column":45}},{"start":{"line":36,"column":49},"end":{"line":36,"column":73}}],"line":36},"2":{"loc":{"start":{"line":37,"column":22},"end":{"line":37,"column":55}},"type":"binary-expr","locations":[{"start":{"line":37,"column":22},"end":{"line":37,"column":39}},{"start":{"line":37,"column":43},"end":{"line":37,"column":55}}],"line":37},"3":{"loc":{"start":{"line":47,"column":6},"end":{"line":49,"column":7}},"type":"if","locations":[{"start":{"line":47,"column":6},"end":{"line":49,"column":7}},{"start":{},"end":{}}],"line":47},"4":{"loc":{"start":{"line":56,"column":4},"end":{"line":59,"column":5}},"type":"if","locations":[{"start":{"line":56,"column":4},"end":{"line":59,"column":5}},{"start":{},"end":{}}],"line":56},"5":{"loc":{"start":{"line":101,"column":21},"end":{"line":101,"column":50}},"type":"cond-expr","locations":[{"start":{"line":101,"column":45},"end":{"line":101,"column":46}},{"start":{"line":101,"column":49},"end":{"line":101,"column":50}}],"line":101},"6":{"loc":{"start":{"line":103,"column":17},"end":{"line":103,"column":68}},"type":"cond-expr","locations":[{"start":{"line":103,"column":29},"end":{"line":103,"column":47}},{"start":{"line":103,"column":50},"end":{"line":103,"column":68}}],"line":103},"7":{"loc":{"start":{"line":106,"column":19},"end":{"line":106,"column":41}},"type":"cond-expr","locations":[{"start":{"line":106,"column":31},"end":{"line":106,"column":35}},{"start":{"line":106,"column":38},"end":{"line":106,"column":41}}],"line":106},"8":{"loc":{"start":{"line":114,"column":9},"end":{"line":120,"column":9}},"type":"binary-expr","locations":[{"start":{"line":114,"column":9},"end":{"line":114,"column":13}},{"start":{"line":115,"column":10},"end":{"line":119,"column":12}}],"line":114},"9":{"loc":{"start":{"line":118,"column":19},"end":{"line":118,"column":77}},"type":"cond-expr","locations":[{"start":{"line":118,"column":31},"end":{"line":118,"column":49}},{"start":{"line":118,"column":52},"end":{"line":118,"column":77}}],"line":118},"10":{"loc":{"start":{"line":137,"column":9},"end":{"line":146,"column":9}},"type":"binary-expr","locations":[{"start":{"line":137,"column":9},"end":{"line":137,"column":18}},{"start":{"line":138,"column":10},"end":{"line":145,"column":29}}],"line":137},"11":{"loc":{"start":{"line":148,"column":7},"end":{"line":152,"column":7}},"type":"binary-expr","locations":[{"start":{"line":148,"column":7},"end":{"line":148,"column":12}},{"start":{"line":149,"column":8},"end":{"line":151,"column":24}}],"line":148},"12":{"loc":{"start":{"line":172,"column":12},"end":{"line":172,"column":43}},"type":"cond-expr","locations":[{"start":{"line":172,"column":36},"end":{"line":172,"column":38}},{"start":{"line":172,"column":41},"end":{"line":172,"column":43}}],"line":172},"13":{"loc":{"start":{"line":173,"column":8},"end":{"line":178,"column":5}},"type":"binary-expr","locations":[{"start":{"line":173,"column":8},"end":{"line":173,"column":29}},{"start":{"line":173,"column":33},"end":{"line":178,"column":5}}],"line":173}},"s":{"0":0,"1":0,"2":0,"3":0,"4":0,"5":0,"6":0,"7":0,"8":0,"9":0,"10":0,"11":0,"12":0,"13":0,"14":0,"15":0,"16":0,"17":0,"18":0,"19":0,"20":0,"21":0,"22":0,"23":0,"24":0,"25":0,"26":0,"27":0,"28":0,"29":0,"30":0,"31":0,"32":0},"f":{"0":0,"1":0,"2":0,"3":0,"4":0,"5":0,"6":0},"b":{"0":[0,0],"1":[0,0],"2":[0,0],"3":[0,0],"4":[0,0],"5":[0,0],"6":[0,0],"7":[0,0],"8":[0,0],"9":[0,0],"10":[0,0],"11":[0,0],"12":[0,0],"13":[0,0]}}
,"C:\\Users\\Admin\\Desktop\\SkillSync\\components\\AnimatedLogo.tsx": {"path":"C:\\Users\\Admin\\Desktop\\SkillSync\\components\\AnimatedLogo.tsx","statementMap":{"0":{"start":{"line":23,"column":21},"end":{"line":23,"column":58}},"1":{"start":{"line":24,"column":21},"end":{"line":24,"column":58}},"2":{"start":{"line":25,"column":20},"end":{"line":25,"column":59}},"3":{"start":{"line":28,"column":2},"end":{"line":80,"column":95}},"4":{"start":{"line":30,"column":4},"end":{"line":35,"column":15}},"5":{"start":{"line":38,"column":28},"end":{"line":75,"column":5}},"6":{"start":{"line":40,"column":6},"end":{"line":53,"column":16}},"7":{"start":{"line":56,"column":6},"end":{"line":74,"column":16}},"8":{"start":{"line":78,"column":18},"end":{"line":78,"column":50}},"9":{"start":{"line":79,"column":4},"end":{"line":79,"column":37}},"10":{"start":{"line":79,"column":17},"end":{"line":79,"column":36}},"11":{"start":{"line":82,"column":2},"end":{"line":99,"column":4}}},"fnMap":{"0":{"name":"AnimatedLogo","decl":{"start":{"line":16,"column":24},"end":{"line":16,"column":36}},"loc":{"start":{"line":22,"column":22},"end":{"line":100,"column":1}},"line":22},"1":{"name":"(anonymous_1)","decl":{"start":{"line":28,"column":12},"end":{"line":28,"column":13}},"loc":{"start":{"line":28,"column":18},"end":{"line":80,"column":3}},"line":28},"2":{"name":"(anonymous_2)","decl":{"start":{"line":38,"column":28},"end":{"line":38,"column":29}},"loc":{"start":{"line":38,"column":34},"end":{"line":75,"column":5}},"line":38},"3":{"name":"(anonymous_3)","decl":{"start":{"line":79,"column":11},"end":{"line":79,"column":12}},"loc":{"start":{"line":79,"column":17},"end":{"line":79,"column":36}},"line":79}},"branchMap":{"0":{"loc":{"start":{"line":17,"column":2},"end":{"line":17,"column":12}},"type":"default-arg","locations":[{"start":{"line":17,"column":9},"end":{"line":17,"column":12}}],"line":17},"1":{"loc":{"start":{"line":19,"column":2},"end":{"line":19,"column":23}},"type":"default-arg","locations":[{"start":{"line":19,"column":20},"end":{"line":19,"column":23}}],"line":19},"2":{"loc":{"start":{"line":20,"column":2},"end":{"line":20,"column":21}},"type":"default-arg","locations":[{"start":{"line":20,"column":20},"end":{"line":20,"column":21}}],"line":20},"3":{"loc":{"start":{"line":21,"column":2},"end":{"line":21,"column":26}},"type":"default-arg","locations":[{"start":{"line":21,"column":22},"end":{"line":21,"column":26}}],"line":21}},"s":{"0":0,"1":0,"2":0,"3":0,"4":0,"5":0,"6":0,"7":0,"8":0,"9":0,"10":0,"11":0},"f":{"0":0,"1":0,"2":0,"3":0},"b":{"0":[0],"1":[0],"2":[0],"3":[0]}}
,"C:\\Users\\Admin\\Desktop\\SkillSync\\components\\ArtifactCard.tsx": {"path":"C:\\Users\\Admin\\Desktop\\SkillSync\\components\\ArtifactCard.tsx","statementMap":{"0":{"start":{"line":15,"column":56},"end":{"line":20,"column":1}},"1":{"start":{"line":22,"column":28},"end":{"line":95,"column":1}},"2":{"start":{"line":23,"column":22},"end":{"line":23,"column":34}},"3":{"start":{"line":25,"column":23},"end":{"line":32,"column":3}},"4":{"start":{"line":26,"column":4},"end":{"line":31,"column":5}},"5":{"start":{"line":27,"column":6},"end":{"line":27,"column":53}},"6":{"start":{"line":28,"column":6},"end":{"line":28,"column":19}},"7":{"start":{"line":30,"column":6},"end":{"line":30,"column":57}},"8":{"start":{"line":34,"column":2},"end":{"line":94,"column":4}},"9":{"start":{"line":97,"column":15},"end":{"line":161,"column":2}}},"fnMap":{"0":{"name":"(anonymous_0)","decl":{"start":{"line":22,"column":28},"end":{"line":22,"column":29}},"loc":{"start":{"line":22,"column":103},"end":{"line":95,"column":1}},"line":22},"1":{"name":"(anonymous_1)","decl":{"start":{"line":25,"column":23},"end":{"line":25,"column":24}},"loc":{"start":{"line":25,"column":35},"end":{"line":32,"column":3}},"line":25}},"branchMap":{"0":{"loc":{"start":{"line":22,"column":60},"end":{"line":22,"column":77}},"type":"default-arg","locations":[{"start":{"line":22,"column":72},"end":{"line":22,"column":77}}],"line":22},"1":{"loc":{"start":{"line":41,"column":9},"end":{"line":51,"column":9}},"type":"cond-expr","locations":[{"start":{"line":42,"column":10},"end":{"line":42,"column":85}},{"start":{"line":44,"column":10},"end":{"line":50,"column":17}}],"line":41},"2":{"loc":{"start":{"line":71,"column":11},"end":{"line":75,"column":11}},"type":"binary-expr","locations":[{"start":{"line":71,"column":11},"end":{"line":71,"column":29}},{"start":{"line":72,"column":12},"end":{"line":74,"column":19}}],"line":71},"3":{"loc":{"start":{"line":78,"column":9},"end":{"line":82,"column":9}},"type":"binary-expr","locations":[{"start":{"line":78,"column":9},"end":{"line":78,"column":29}},{"start":{"line":79,"column":10},"end":{"line":81,"column":17}}],"line":78},"4":{"loc":{"start":{"line":85,"column":7},"end":{"line":92,"column":7}},"type":"binary-expr","locations":[{"start":{"line":85,"column":7},"end":{"line":85,"column":16}},{"start":{"line":86,"column":8},"end":{"line":91,"column":27}}],"line":85}},"s":{"0":0,"1":0,"2":0,"3":0,"4":0,"5":0,"6":0,"7":0,"8":0,"9":0},"f":{"0":0,"1":0},"b":{"0":[0],"1":[0,0],"2":[0,0],"3":[0,0],"4":[0,0]}}
,"C:\\Users\\Admin\\Desktop\\SkillSync\\components\\ArtifactGallery.tsx": {"path":"C:\\Users\\Admin\\Desktop\\SkillSync\\components\\ArtifactGallery.tsx","statementMap":{"0":{"start":{"line":17,"column":31},"end":{"line":99,"column":1}},"1":{"start":{"line":23,"column":34},"end":{"line":23,"column":60}},"2":{"start":{"line":24,"column":22},"end":{"line":24,"column":34}},"3":{"start":{"line":26,"column":25},"end":{"line":35,"column":3}},"4":{"start":{"line":27,"column":4},"end":{"line":34,"column":11}},"5":{"start":{"line":30,"column":23},"end":{"line":30,"column":46}},"6":{"start":{"line":37,"column":25},"end":{"line":44,"column":3}},"7":{"start":{"line":38,"column":4},"end":{"line":43,"column":6}},"8":{"start":{"line":40,"column":21},"end":{"line":40,"column":44}},"9":{"start":{"line":46,"column":2},"end":{"line":56,"column":3}},"10":{"start":{"line":47,"column":4},"end":{"line":55,"column":6}},"11":{"start":{"line":58,"column":2},"end":{"line":98,"column":4}},"12":{"start":{"line":66,"column":27},"end":{"line":66,"column":46}},"13":{"start":{"line":76,"column":27},"end":{"line":76,"column":46}},"14":{"start":{"line":91,"column":32},"end":{"line":91,"column":39}},"15":{"start":{"line":101,"column":15},"end":{"line":155,"column":2}}},"fnMap":{"0":{"name":"(anonymous_0)","decl":{"start":{"line":17,"column":31},"end":{"line":17,"column":32}},"loc":{"start":{"line":22,"column":28},"end":{"line":99,"column":1}},"line":22},"1":{"name":"(anonymous_1)","decl":{"start":{"line":26,"column":25},"end":{"line":26,"column":26}},"loc":{"start":{"line":27,"column":4},"end":{"line":34,"column":11}},"line":27},"2":{"name":"(anonymous_2)","decl":{"start":{"line":30,"column":17},"end":{"line":30,"column":18}},"loc":{"start":{"line":30,"column":23},"end":{"line":30,"column":46}},"line":30},"3":{"name":"(anonymous_3)","decl":{"start":{"line":37,"column":25},"end":{"line":37,"column":26}},"loc":{"start":{"line":38,"column":4},"end":{"line":43,"column":6}},"line":38},"4":{"name":"(anonymous_4)","decl":{"start":{"line":40,"column":15},"end":{"line":40,"column":16}},"loc":{"start":{"line":40,"column":21},"end":{"line":40,"column":44}},"line":40},"5":{"name":"(anonymous_5)","decl":{"start":{"line":66,"column":21},"end":{"line":66,"column":22}},"loc":{"start":{"line":66,"column":27},"end":{"line":66,"column":46}},"line":66},"6":{"name":"(anonymous_6)","decl":{"start":{"line":76,"column":21},"end":{"line":76,"column":22}},"loc":{"start":{"line":76,"column":27},"end":{"line":76,"column":46}},"line":76},"7":{"name":"(anonymous_7)","decl":{"start":{"line":91,"column":22},"end":{"line":91,"column":23}},"loc":{"start":{"line":91,"column":32},"end":{"line":91,"column":39}},"line":91}},"branchMap":{"0":{"loc":{"start":{"line":21,"column":2},"end":{"line":21,"column":19}},"type":"default-arg","locations":[{"start":{"line":21,"column":14},"end":{"line":21,"column":19}}],"line":21},"1":{"loc":{"start":{"line":46,"column":2},"end":{"line":56,"column":3}},"type":"if","locations":[{"start":{"line":46,"column":2},"end":{"line":56,"column":3}},{"start":{},"end":{}}],"line":46},"2":{"loc":{"start":{"line":65,"column":41},"end":{"line":65,"column":89}},"type":"binary-expr","locations":[{"start":{"line":65,"column":41},"end":{"line":65,"column":60}},{"start":{"line":65,"column":64},"end":{"line":65,"column":89}}],"line":65},"3":{"loc":{"start":{"line":71,"column":21},"end":{"line":71,"column":89}},"type":"cond-expr","locations":[{"start":{"line":71,"column":43},"end":{"line":71,"column":61}},{"start":{"line":71,"column":64},"end":{"line":71,"column":89}}],"line":71},"4":{"loc":{"start":{"line":75,"column":41},"end":{"line":75,"column":89}},"type":"binary-expr","locations":[{"start":{"line":75,"column":41},"end":{"line":75,"column":60}},{"start":{"line":75,"column":64},"end":{"line":75,"column":89}}],"line":75},"5":{"loc":{"start":{"line":81,"column":21},"end":{"line":81,"column":89}},"type":"cond-expr","locations":[{"start":{"line":81,"column":43},"end":{"line":81,"column":61}},{"start":{"line":81,"column":64},"end":{"line":81,"column":89}}],"line":81},"6":{"loc":{"start":{"line":90,"column":20},"end":{"line":90,"column":73}},"type":"cond-expr","locations":[{"start":{"line":90,"column":42},"end":{"line":90,"column":56}},{"start":{"line":90,"column":59},"end":{"line":90,"column":73}}],"line":90},"7":{"loc":{"start":{"line":92,"column":20},"end":{"line":92,"column":47}},"type":"cond-expr","locations":[{"start":{"line":92,"column":42},"end":{"line":92,"column":43}},{"start":{"line":92,"column":46},"end":{"line":92,"column":47}}],"line":92}},"s":{"0":0,"1":0,"2":0,"3":0,"4":0,"5":0,"6":0,"7":0,"8":0,"9":0,"10":0,"11":0,"12":0,"13":0,"14":0,"15":0},"f":{"0":0,"1":0,"2":0,"3":0,"4":0,"5":0,"6":0,"7":0},"b":{"0":[0],"1":[0,0],"2":[0,0],"3":[0,0],"4":[0,0],"5":[0,0],"6":[0,0],"7":[0,0]}}
,"C:\\Users\\Admin\\Desktop\\SkillSync\\components\\ArtifactViewModal.tsx": {"path":"C:\\Users\\Admin\\Desktop\\SkillSync\\components\\ArtifactViewModal.tsx","statementMap":{"0":{"start":{"line":18,"column":33},"end":{"line":180,"column":1}},"1":{"start":{"line":19,"column":40},"end":{"line":19,"column":55}},"2":{"start":{"line":20,"column":22},"end":{"line":20,"column":34}},"3":{"start":{"line":22,"column":25},"end":{"line":60,"column":3}},"4":{"start":{"line":23,"column":4},"end":{"line":23,"column":48}},"5":{"start":{"line":23,"column":41},"end":{"line":23,"column":48}},"6":{"start":{"line":25,"column":4},"end":{"line":25,"column":25}},"7":{"start":{"line":26,"column":4},"end":{"line":59,"column":5}},"8":{"start":{"line":27,"column":6},"end":{"line":53,"column":7}},"9":{"start":{"line":29,"column":8},"end":{"line":29,"column":49}},"10":{"start":{"line":32,"column":24},"end":{"line":32,"column":153}},"11":{"start":{"line":33,"column":34},"end":{"line":42,"column":9}},"12":{"start":{"line":38,"column":29},"end":{"line":38,"column":85}},"13":{"start":{"line":39,"column":29},"end":{"line":39,"column":74}},"14":{"start":{"line":40,"column":12},"end":{"line":40,"column":56}},"15":{"start":{"line":44,"column":23},"end":{"line":44,"column":62}},"16":{"start":{"line":46,"column":8},"end":{"line":52,"column":9}},"17":{"start":{"line":47,"column":10},"end":{"line":51,"column":12}},"18":{"start":{"line":55,"column":6},"end":{"line":55,"column":47}},"19":{"start":{"line":56,"column":6},"end":{"line":56,"column":73}},"20":{"start":{"line":58,"column":6},"end":{"line":58,"column":28}},"21":{"start":{"line":62,"column":21},"end":{"line":77,"column":3}},"22":{"start":{"line":63,"column":4},"end":{"line":63,"column":48}},"23":{"start":{"line":63,"column":41},"end":{"line":63,"column":48}},"24":{"start":{"line":65,"column":4},"end":{"line":76,"column":5}},"25":{"start":{"line":66,"column":6},"end":{"line":72,"column":7}},"26":{"start":{"line":68,"column":8},"end":{"line":68,"column":49}},"27":{"start":{"line":71,"column":8},"end":{"line":71,"column":61}},"28":{"start":{"line":74,"column":6},"end":{"line":74,"column":51}},"29":{"start":{"line":75,"column":6},"end":{"line":75,"column":69}},"30":{"start":{"line":79,"column":2},"end":{"line":79,"column":29}},"31":{"start":{"line":79,"column":17},"end":{"line":79,"column":29}},"32":{"start":{"line":81,"column":2},"end":{"line":179,"column":4}},"33":{"start":{"line":182,"column":15},"end":{"line":291,"column":2}}},"fnMap":{"0":{"name":"(anonymous_0)","decl":{"start":{"line":18,"column":33},"end":{"line":18,"column":34}},"loc":{"start":{"line":18,"column":122},"end":{"line":180,"column":1}},"line":18},"1":{"name":"(anonymous_1)","decl":{"start":{"line":22,"column":25},"end":{"line":22,"column":26}},"loc":{"start":{"line":22,"column":37},"end":{"line":60,"column":3}},"line":22},"2":{"name":"(anonymous_2)","decl":{"start":{"line":37,"column":10},"end":{"line":37,"column":11}},"loc":{"start":{"line":37,"column":32},"end":{"line":41,"column":11}},"line":37},"3":{"name":"(anonymous_3)","decl":{"start":{"line":62,"column":21},"end":{"line":62,"column":22}},"loc":{"start":{"line":62,"column":33},"end":{"line":77,"column":3}},"line":62}},"branchMap":{"0":{"loc":{"start":{"line":18,"column":64},"end":{"line":18,"column":81}},"type":"default-arg","locations":[{"start":{"line":18,"column":76},"end":{"line":18,"column":81}}],"line":18},"1":{"loc":{"start":{"line":23,"column":4},"end":{"line":23,"column":48}},"type":"if","locations":[{"start":{"line":23,"column":4},"end":{"line":23,"column":48}},{"start":{},"end":{}}],"line":23},"2":{"loc":{"start":{"line":23,"column":8},"end":{"line":23,"column":39}},"type":"binary-expr","locations":[{"start":{"line":23,"column":8},"end":{"line":23,"column":17}},{"start":{"line":23,"column":21},"end":{"line":23,"column":39}}],"line":23},"3":{"loc":{"start":{"line":27,"column":6},"end":{"line":53,"column":7}},"type":"if","locations":[{"start":{"line":27,"column":6},"end":{"line":53,"column":7}},{"start":{"line":30,"column":13},"end":{"line":53,"column":7}}],"line":27},"4":{"loc":{"start":{"line":32,"column":25},"end":{"line":32,"column":108}},"type":"binary-expr","locations":[{"start":{"line":32,"column":26},"end":{"line":32,"column":63}},{"start":{"line":32,"column":67},"end":{"line":32,"column":101}},{"start":{"line":32,"column":106},"end":{"line":32,"column":108}}],"line":32},"5":{"loc":{"start":{"line":38,"column":29},"end":{"line":38,"column":85}},"type":"binary-expr","locations":[{"start":{"line":38,"column":29},"end":{"line":38,"column":80}},{"start":{"line":38,"column":84},"end":{"line":38,"column":85}}],"line":38},"6":{"loc":{"start":{"line":46,"column":8},"end":{"line":52,"column":9}},"type":"if","locations":[{"start":{"line":46,"column":8},"end":{"line":52,"column":9}},{"start":{},"end":{}}],"line":46},"7":{"loc":{"start":{"line":63,"column":4},"end":{"line":63,"column":48}},"type":"if","locations":[{"start":{"line":63,"column":4},"end":{"line":63,"column":48}},{"start":{},"end":{}}],"line":63},"8":{"loc":{"start":{"line":63,"column":8},"end":{"line":63,"column":39}},"type":"binary-expr","locations":[{"start":{"line":63,"column":8},"end":{"line":63,"column":17}},{"start":{"line":63,"column":21},"end":{"line":63,"column":39}}],"line":63},"9":{"loc":{"start":{"line":66,"column":6},"end":{"line":72,"column":7}},"type":"if","locations":[{"start":{"line":66,"column":6},"end":{"line":72,"column":7}},{"start":{"line":69,"column":13},"end":{"line":72,"column":7}}],"line":66},"10":{"loc":{"start":{"line":79,"column":2},"end":{"line":79,"column":29}},"type":"if","locations":[{"start":{"line":79,"column":2},"end":{"line":79,"column":29}},{"start":{},"end":{}}],"line":79},"11":{"loc":{"start":{"line":101,"column":13},"end":{"line":109,"column":13}},"type":"binary-expr","locations":[{"start":{"line":101,"column":13},"end":{"line":101,"column":35}},{"start":{"line":102,"column":14},"end":{"line":108,"column":21}}],"line":101},"12":{"loc":{"start":{"line":112,"column":13},"end":{"line":117,"column":13}},"type":"binary-expr","locations":[{"start":{"line":112,"column":13},"end":{"line":112,"column":33}},{"start":{"line":113,"column":14},"end":{"line":116,"column":21}}],"line":112},"13":{"loc":{"start":{"line":126,"column":15},"end":{"line":131,"column":15}},"type":"binary-expr","locations":[{"start":{"line":126,"column":15},"end":{"line":126,"column":33}},{"start":{"line":127,"column":16},"end":{"line":130,"column":23}}],"line":126},"14":{"loc":{"start":{"line":156,"column":15},"end":{"line":163,"column":15}},"type":"cond-expr","locations":[{"start":{"line":157,"column":16},"end":{"line":157,"column":77}},{"start":{"line":159,"column":16},"end":{"line":162,"column":19}}],"line":156},"15":{"loc":{"start":{"line":166,"column":13},"end":{"line":174,"
[...]
line":69,"column":3}},"13":{"start":{"line":68,"column":4},"end":{"line":68,"column":62}},"14":{"start":{"line":71,"column":2},"end":{"line":76,"column":3}},"15":{"start":{"line":72,"column":4},"end":{"line":75,"column":6}},"16":{"start":{"line":78,"column":2},"end":{"line":81,"column":4}}},"fnMap":{"0":{"name":"getNextLevel","decl":{"start":{"line":15,"column":16},"end":{"line":15,"column":28}},"loc":{"start":{"line":15,"column":74},"end":{"line":24,"column":1}},"line":15},"1":{"name":"shouldProgressLevel","decl":{"start":{"line":30,"column":16},"end":{"line":30,"column":35}},"loc":{"start":{"line":33,"column":33},"end":{"line":55,"column":1}},"line":33},"2":{"name":"applyLevelProgression","decl":{"start":{"line":61,"column":16},"end":{"line":61,"column":37}},"loc":{"start":{"line":64,"column":43},"end":{"line":82,"column":1}},"line":64}},"branchMap":{"0":{"loc":{"start":{"line":19,"column":2},"end":{"line":21,"column":3}},"type":"if","locations":[{"start":{"line":19,"column":2},"end":{"line":21,"column":3}},{"start":{},"end":{}}],"line":19},"1":{"loc":{"start":{"line":19,"column":6},"end":{"line":19,"column":68}},"type":"binary-expr","locations":[{"start":{"line":19,"column":6},"end":{"line":19,"column":25}},{"start":{"line":19,"column":29},"end":{"line":19,"column":68}}],"line":19},"2":{"loc":{"start":{"line":35,"column":2},"end":{"line":37,"column":3}},"type":"if","locations":[{"start":{"line":35,"column":2},"end":{"line":37,"column":3}},{"start":{},"end":{}}],"line":35},"3":{"loc":{"start":{"line":41,"column":2},"end":{"line":48,"column":3}},"type":"if","locations":[{"start":{"line":41,"column":2},"end":{"line":48,"column":3}},{"start":{},"end":{}}],"line":41},"4":{"loc":{"start":{"line":67,"column":2},"end":{"line":69,"column":3}},"type":"if","locations":[{"start":{"line":67,"column":2},"end":{"line":69,"column":3}},{"start":{},"end":{}}],"line":67},"5":{"loc":{"start":{"line":71,"column":2},"end":{"line":76,"column":3}},"type":"if","locations":[{"start":{"line":71,"column":2},"end":{"line":76,"column":3}},{"start":{},"end":{}}],"line":71}},"s":{"0":0,"1":0,"2":0,"3":0,"4":0,"5":0,"6":0,"7":0,"8":0,"9":0,"10":0,"11":0,"12":0,"13":0,"14":0,"15":0,"16":0},"f":{"0":0,"1":0,"2":0},"b":{"0":[0,0],"1":[0,0],"2":[0,0],"3":[0,0],"4":[0,0],"5":[0,0]},"_coverageSchema":"1a1c01bbd47fc00a2c39e90264f33305004495a9","hash":"57e867919a7ba7995f3cb8e0e04f9ef686b44543"}
,"C:\\Users\\Admin\\Desktop\\SkillSync\\utils\\streakCalculator.ts": {"path":"C:\\Users\\Admin\\Desktop\\SkillSync\\utils\\streakCalculator.ts","statementMap":{"0":{"start":{"line":16,"column":2},"end":{"line":16,"column":59}},"1":{"start":{"line":16,"column":50},"end":{"line":16,"column":59}},"2":{"start":{"line":19,"column":24},"end":{"line":19,"column":41}},"3":{"start":{"line":22,"column":2},"end":{"line":25,"column":5}},"4":{"start":{"line":23,"column":17},"end":{"line":23,"column":85}},"5":{"start":{"line":24,"column":4},"end":{"line":24,"column":28}},"6":{"start":{"line":28,"column":2},"end":{"line":31,"column":5}},"7":{"start":{"line":29,"column":17},"end":{"line":29,"column":72}},"8":{"start":{"line":30,"column":4},"end":{"line":30,"column":28}},"9":{"start":{"line":34,"column":22},"end":{"line":34,"column":82}},"10":{"start":{"line":34,"column":63},"end":{"line":34,"column":81}},"11":{"start":{"line":36,"column":2},"end":{"line":36,"column":41}},"12":{"start":{"line":36,"column":32},"end":{"line":36,"column":41}},"13":{"start":{"line":38,"column":16},"end":{"line":38,"column":54}},"14":{"start":{"line":39,"column":20},"end":{"line":39,"column":90}},"15":{"start":{"line":41,"column":15},"end":{"line":41,"column":16}},"16":{"start":{"line":42,"column":20},"end":{"line":42,"column":25}},"17":{"start":{"line":45,"column":2},"end":{"line":69,"column":3}},"18":{"start":{"line":46,"column":4},"end":{"line":68,"column":5}},"19":{"start":{"line":46,"column":17},"end":{"line":46,"column":18}},"20":{"start":{"line":47,"column":27},"end":{"line":47,"column":41}},"21":{"start":{"line":50,"column":6},"end":{"line":54,"column":7}},"22":{"start":{"line":51,"column":8},"end":{"line":51,"column":19}},"23":{"start":{"line":52,"column":8},"end":{"line":52,"column":35}},"24":{"start":{"line":53,"column":8},"end":{"line":53,"column":17}},"25":{"start":{"line":57,"column":27},"end":{"line":57,"column":48}},"26":{"start":{"line":58,"column":6},"end":{"line":58,"column":55}},"27":{"start":{"line":59,"column":30},"end":{"line":59,"column":70}},"28":{"start":{"line":61,"column":6},"end":{"line":67,"column":7}},"29":{"start":{"line":62,"column":8},"end":{"line":62,"column":17}},"30":{"start":{"line":63,"column":8},"end":{"line":63,"column":35}},"31":{"start":{"line":66,"column":8},"end":{"line":66,"column":14}},"32":{"start":{"line":71,"column":2},"end":{"line":71,"column":16}},"33":{"start":{"line":78,"column":2},"end":{"line":78,"column":31}},"34":{"start":{"line":78,"column":22},"end":{"line":78,"column":31}},"35":{"start":{"line":81,"column":27},"end":{"line":81,"column":44}},"36":{"start":{"line":83,"column":2},"end":{"line":95,"column":5}},"37":{"start":{"line":85,"column":4},"end":{"line":88,"column":7}},"38":{"start":{"line":86,"column":19},"end":{"line":86,"column":87}},"39":{"start":{"line":87,"column":6},"end":{"line":87,"column":33}},"40":{"start":{"line":91,"column":4},"end":{"line":94,"column":7}},"41":{"start":{"line":92,"column":19},"end":{"line":92,"column":74}},"42":{"start":{"line":93,"column":6},"end":{"line":93,"column":33}},"43":{"start":{"line":98,"column":22},"end":{"line":98,"column":85}},"44":{"start":{"line":98,"column":66},"end":{"line":98,"column":84}},"45":{"start":{"line":100,"column":2},"end":{"line":100,"column":41}},"46":{"start":{"line":100,"column":32},"end":{"line":100,"column":41}},"47":{"start":{"line":102,"column":16},"end":{"line":102,"column":54}},"48":{"start":{"line":103,"column":20},"end":{"line":103,"column":90}},"49":{"start":{"line":105,"column":15},"end":{"line":105,"column":16}},"50":{"start":{"line":106,"column":20},"end":{"line":106,"column":25}},"51":{"start":{"line":109,"column":2},"end":{"line":133,"column":3}},"52":{"start":{"line":110,"column":4},"end":{"line":132,"column":5}},"53":{"start":{"line":110,"column":17},"end":{"line":110,"column":18}},"54":{"start":{"line":111,"column":27},"end":{"line":111,"column":41}},"55":{"start":{"line":114,"column":6},"end":{"line":118,"column":7}},"56":{"start":{"line":115,"column":8},"end":{"line":115,"column":19}},"57":{"start":{"line":116,"column":8},"end":{"line":116,"column":35}},"58":{"start":{"line":117,"column":8},"end":{"line":117,"column":17}},"59":{"start":{"line":121,"column":27},"end":{"line":121,"column":48}},"60":{"start":{"line":122,"column":6},"end":{"line":122,"column":55}},"61":{"start":{"line":123,"column":30},"end":{"line":123,"column":70}},"62":{"start":{"line":125,"column":6},"end":{"line":131,"column":7}},"63":{"start":{"line":126,"column":8},"end":{"line":126,"column":17}},"64":{"start":{"line":127,"column":8},"end":{"line":127,"column":35}},"65":{"start":{"line":130,"column":8},"end":{"line":130,"column":14}},"66":{"start":{"line":135,"column":2},"end":{"line":135,"column":16}},"67":{"start":{"line":142,"column":22},"end":{"line":142,"column":52}},"68":{"start":{"line":143,"column":16},"end":{"line":143,"column":26}},"69":{"start":{"line":146,"column":2},"end":{"line":156,"column":3}},"70":{"start":{"line":146,"column":15},"end":{"line":146,"column":16}},"71":{"start":{"line":147,"column":17},"end":{"line":147,"column":32}},"72":{"start":{"line":148,"column":4},"end":{"line":148,"column":37}},"73":{"start":{"line":149,"column":20},"end":{"line":149,"column":52}},"74":{"start":{"line":150,"column":4},"end":{"line":155,"column":7}},"75":{"start":{"line":159,"column":2},"end":{"line":178,"column":5}},"76":{"start":{"line":161,"column":4},"end":{"line":168,"column":7}},"77":{"start":{"line":162,"column":19},"end":{"line":162,"column":87}},"78":{"start":{"line":163,"column":22},"end":{"line":163,"column":43}},"79":{"start":{"line":164,"column":6},"end":{"line":167,"column":7}},"80":{"start":{"line":165,"column":8},"end":{"line":165,"column":26}},"81":{"start":{"line":166,"column":8},"end":{"line":166,"column":42}},"82":{"start":{"line":171,"column":4},"end":{"line":177,"column":7}},"83":{"start":{"line":172,"column":19},"end":{"line":172,"column":74}},"84":{"start":{"line":173,"column":22},"end":{"line":173,"column":43}},"85":{"start":{"line":174,"column":6},"end":{"line":176,"column":7}},"86":{"start":{"line":175,"column":8},"end":{"line":175,"column":34}},"87":{"start":{"line":181,"column":2},"end":{"line":181,"column":87}},"88":{"start":{"line":181,"column":57},"end":{"line":181,"column":85}}},"fnMap":{"0":{"name":"calculateSkillStreak","decl":{"start":{"line":15,"column":16},"end":{"line":15,"column":36}},"loc":{"start":{"line":15,"column":85},"end":{"line":72,"column":1}},"line":15},"1":{"name":"(anonymous_1)","decl":{"start":{"line":22,"column":18},"end":{"line":22,"column":19}},"loc":{"start":{"line":22,"column":27},"end":{"line":25,"column":3}},"line":22},"2":{"name":"(anonymous_2)","decl":{"start":{"line":28,"column":26},"end":{"line":28,"column":27}},"loc":{"start":{"line":28,"column":36},"end":{"line":31,"column":3}},"line":28},"3":{"name":"(anonymous_3)","decl":{"start":{"line":34,"column":53},"end":{"line":34,"column":54}},"loc":{"start":{"line":34,"column":63},"end":{"line":34,"column":81}},"line":34},"4":{"name":"calculateUserStreak","decl":{"start":{"line":77,"column":16},"end":{"line":77,"column":35}},"loc":{"start":{"line":77,"column":59},"end":{"line":136,"column":1}},"line":77},"5":{"name":"(anonymous_5)","decl":{"start":{"line":83,"column":17},"end":{"line":83,"column":18}},"loc":{"start":{"line":83,"column":26},"end":{"line":95,"column":3}},"line":83},"6":{"name":"(anonymous_6)","decl":{"start":{"line":85,"column":27},"end":{"line":85,"column":28}},"loc":{"start":{"line":85,"column":43},"end":{"line":88,"column":5}},"line":85},"7":{"name":"(anonymous_7)","decl":{"start":{"line":91,"column":35},"end":{"line":91,"column":36}},"loc":{"start":{"line":91,"column":52},"end":{"line":94,"column":5}},"line":91},"8":{"name":"(anonymous_8)","decl":{"start":{"line":98,"column":56},"end":{"line":98,"column":57}},"loc":{"start":{"line":98,"column":66},"end":{"line":98,"column":84}},"line":98},"9":{"name":"getActivityData","decl":{"start":{"line":141,"column":16},"end":{"line":141,"column":31}},"loc":{"start":{"line":141,"column":80},"end":{"line":182,"column":1}},"line":141},"10":{"name":"(anonymous_10)","decl":{"start":{"line":159,"column":17},"end":{"line":159,"column":18}},"loc":{"start":{"line":159,"column":26},"end":{"line":178,"column":3}},"line":159},"11":{"name":"(anonymous_11)","decl":{"start":{"line":161,"column":27},"end":{"line":161,"column":28}},"loc":{"start":{"line":161,"column":43},"end":{"line":168,"column":5}},"line":161},"12":{"name":"(anonymous_12)","decl":{"start":{"line":171,"column":35},"end":{"line":171,"column":36}},"loc":{"start":{"line":171,"column":52},"end":{"line":177,"column":5}},"line":171},"13":{"name":"(anonymous_13)","decl":{"start":{"line":181,"column":47},"end":{"line":181,"column":48}},"loc":{"start":{"line":181,"column":57},"end":{"line":181,"column":85}},"line":181}},"branchMap":{"0":{"loc":{"start":{"line":16,"column":2},"end":{"line":16,"column":59}},"type":"if","locations":[{"start":{"line":16,"column":2},"end":{"line":16,"column":59}},{"start":{},"end":{}}],"line":16},"1":{"loc":{"start":{"line":16,"column":6},"end":{"line":16,"column":48}},"type":"binary-expr","locations":[{"start":{"line":16,"column":6},"end":{"line":16,"column":21}},{"start":{"line":16,"column":25},"end":{"line":16,"column":48}}],"line":16},"2":{"loc":{"start":{"line":23,"column":26},"end":{"line":23,"column":56}},"type":"binary-expr","locations":[{"start":{"line":23,"column":26},"end":{"line":23,"column":36}},{"start":{"line":23,"column":40},"end":{"line":23,"column":56}}],"line":23},"3":{"loc":{"start":{"line":36,"column":2},"end":{"line":36,"column":41}},"type":"if","locations":[{"start":{"line":36,"column":2},"end":{"line":36,"column":41}},{"start":{},"end":{}}],"line":36},"4":{"loc":{"start":{"line":45,"column":2},"end":{"line":69,"column":3}},"type":"if","locations":[{"start":{"line":45,"column":2},"end":{"line":69,"column":3}},{"start":{},"end":{}}],"line":45},"5":{"loc":{"start":{"line":45,"column":6},"end":{"line":45,"column":68}},"type":"binary-expr","locations":[{"start":{"line":45,"column":6},"end":{"line":45,"column":33}},{"start":{"line":45,"column":37},"end":{"line":45,"column":68}}],"line":45},"6":{"loc":{"start":{"line":50,"column":6},"end":{"line":54,"column":7}},"type":"if","locations":[{"start":{"line":50,"column":6},"end":{"line":54,"column":7}},{"start":{},"end":{}}],"line":50},"7":{"loc":{"start":{"line":50,"column":10},"end":{"line":50,"column":75}},"type":"binary-expr","locations":[{"start":{"line":50,"column":10},"end":{"line":50,"column":17}},{"start":{"line":50,"column":22},"end":{"line":50,"column":44}},{"start":{"line":50,"column":48},"end":{"line":50,"column":74}}],"line":50},"8":{"loc":{"start":{"line":61,"column":6},"end":{"line":67,"column":7}},"type":"if","locations":[{"start":{"line":61,"column":6},"end":{"line":67,"column":7}},{"start":{"line":64,"column":13},"end":{"line":67,"column":7}}],"line":61},"9":{"loc":{"start":{"line":78,"column":2},"end":{"line":78,"column":31}},"type":"if","locations":[{"start":{"line":78,"column":2},"end":{"line":78,"column":31}},{"start":{},"end":{}}],"line":78},"10":{"loc":{"start":{"line":86,"column":28},"end":{"line":86,"column":58}},"type":"binary-expr","locations":[{"start":{"line":86,"column":28},"end":{"line":86,"column":38}},{"start":{"line":86,"column":42},"end":{"line":86,"column":58}}],"line":86},"11":{"loc":{"start":{"line":100,"column":2},"end":{"line":100,"column":41}},"type":"if","locations":[{"start":{"line":100,"column":2},"end":{"line":100,"column":41}},{"start":{},"end":{}}],"line":100},"12":{"loc":{"start":{"line":109,"column":2},"end":{"line":133,"column":3}},"type":"if","locations":[{"start":{"line":109,"column":2},"end":{"line":133,"column":3}},{"start":{},"end":{}}],"line":109},"13":{"loc":{"start":{"line":109,"column":6},"end":{"line":109,"column":68}},"type":"binary-expr","locations":[{"start":{"line":109,"column":6},"end":{"line":109,"column":33}},{"start":{"line":109,"column":37},"end":{"line":109,"column":68}}],"line":109},"14":{"loc":{"start":{"line":114,"column":6},"end":{"line":118,"column":7}},"type":"if","locations":[{"start":{"line":114,"column":6},"end":{"line":118,"column":7}},{"start":{},"end":{}}],"line":114},"15":{"loc":{"start":{"line":114,"column":10},"end":{"line":114,"column":75}},"type":"binary-expr","locations":[{"start":{"line":114,"column":10},"end":{"line":114,"column":17}},{"start":{"line":114,"column":22},"end":{"line":114,"column":44}},{"start":{"line":114,"column":48},"end":{"line":114,"column":74}}],"line":114},"16":{"loc":{"start":{"line":125,"column":6},"end":{"line":131,"column":7}},"type":"if","locations":[{"start":{"line":125,"column":6},"end":{"line":131,"column":7}},{"start":{"line":128,"column":13},"end":{"line":131,"column":7}}],"line":125},"17":{"loc":{"start":{"line":141,"column":47},"end":{"line":141,"column":63}},"type":"default-arg","locations":[{"start":{"line":141,"column":62},"end":{"line":141,"column":63}}],"line":141},"18":{"loc":{"start":{"line":162,"column":28},"end":{"line":162,"column":58}},"type":"binary-expr","locations":[{"start":{"line":162,"column":28},"end":{"line":162,"column":38}},{"start":{"line":162,"column":42},"end":{"line":162,"column":58}}],"line":162},"19":{"loc":{"start":{"line":164,"column":6},"end":{"line":167,"column":7}},"type":"if","locations":[{"start":{"line":164,"column":6},"end":{"line":167,"column":7}},{"start":{},"end":{}}],"line":164},"20":{"loc":{"start":{"line":166,"column":25},"end":{"line":166,"column":41}},"type":"binary-expr","locations":[{"start":{"line":166,"column":25},"end":{"line":166,"column":36}},{"start":{"line":166,"column":40},"end":{"line":166,"column":41}}],"line":166},"21":{"loc":{"start":{"line":174,"column":6},"end":{"line":176,"column":7}},"type":"if","locations":[{"start":{"line":174,"column":6},"end":{"line":176,"column":7}},{"start":{},"end":{}}],"line":174}},"s":{"0":402,"1":401,"2":1,"3":1,"4":3,"5":3,"6":1,"7":0,"8":0,"9":1,"10":2,"11":1,"12":0,"13":1,"14":1,"15":1,"16":1,"17":1,"18":1,"19":1,"20":3,"21":3,"22":1,"23":1,"24":1,"25":2,"26":2,"27":2,"28":2,"29":2,"30":2,"31":0,"32":1,"33":1,"34":0,"35":1,"36":1,"37":2,"38":1,"39":1,"40":2,"41":1,"42":1,"43":1,"44":0,"45":1,"46":0,"47":1,"48":1,"49":1,"50":1,"51":1,"52":1,"53":1,"54":1,"55":1,"56":1,"57":1,"58":1,"59":0,"60":0,"61":0,"62":0,"63":0,"64":0,"65":0,"66":1,"67":0,"68":0,"69":0,"70":0,"71":0,"72":0,"73":0,"74":0,"75":0,"76":0,"77":0,"78":0,"79":0,"80":0,"81":0,"82":0,"83":0,"84":0,"85":0,"86":0,"87":0,"88":0},"f":{"0":402,"1":3,"2":0,"3":2,"4":1,"5":2,"6":1,"7":1,"8":0,"9":0,"10":0,"11":0,"12":0,"13":0},"b":{"0":[401,1],"1":[402,401],"2":[3,0],"3":[0,1],"4":[1,0],"5":[1,0],"6":[1,2],"7":[3,1,0],"8":[2,0],"9":[0,1],"10":[1,0],"11":[0,1],"12":[1,0],"13":[1,0],"14":[1,0],"15":[1,1,0],"16":[0,0],"17":[0],"18":[0,0],"19":[0,0],"20":[0,0],"21":[0,0]},"_coverageSchema":"1a1c01bbd47fc00a2c39e90264f33305004495a9","hash":"7ab13714590100e467f04ba078f9edf09b7a756c"}
,"C:\\Users\\Admin\\Desktop\\SkillSync\\utils\\supabase-types.ts": {"path":"C:\\Users\\Admin\\Desktop\\SkillSync\\utils\\supabase-types.ts","statementMap":{},"fnMap":{},"branchMap":{},"s":{},"f":{},"b":{}}
,"C:\\Users\\Admin\\Desktop\\SkillSync\\utils\\supabase.ts": {"path":"C:\\Users\\Admin\\Desktop\\SkillSync\\utils\\supabase.ts","statementMap":{"0":{"start":{"line":4,"column":20},"end":{"line":4,"column":93}},"1":{"start":{"line":5,"column":24},"end":{"line":5,"column":86}},"2":{"start":{"line":8,"column":18},"end":{"line":8,"column":47}},"3":{"start":{"line":11,"column":22},"end":{"line":33,"column":13}},"4":{"start":{"line":13,"column":4},"end":{"line":17,"column":5}},"5":{"start":{"line":14,"column":6},"end":{"line":14,"column":45}},"6":{"start":{"line":16,"column":6},"end":{"line":16,"column":18}},"7":{"start":{"line":20,"column":4},"end":{"line":24,"column":5}},"8":{"start":{"line":21,"column":6},"end":{"line":21,"column":45}},"9":{"start":{"line":27,"column":4},"end":{"line":31,"column":5}},"10":{"start":{"line":28,"column":6},"end":{"line":28,"column":41}},"11":{"start":{"line":35,"column":24},"end":{"line":43,"column":2}}},"fnMap":{"0":{"name":"(anonymous_0)","decl":{"start":{"line":12,"column":11},"end":{"line":12,"column":12}},"loc":{"start":{"line":12,"column":34},"end":{"line":18,"column":3}},"line":12},"1":{"name":"(anonymous_1)","decl":{"start":{"line":19,"column":11},"end":{"line":19,"column":12}},"loc":{"start":{"line":19,"column":49},"end":{"line":25,"column":3}},"line":19},"2":{"name":"(anonymous_2)","decl":{"start":{"line":26,"column":14},"end":{"line":26,"column":15}},"loc":{"start":{"line":26,"column":37},"end":{"line":32,"column":3}},"line":26}},"branchMap":{"0":{"loc":{"start":{"line":4,"column":20},"end":{"line":4,"column":93}},"type":"binary-expr","locations":[{"start":{"line":4,"column":20},"end":{"line":4,"column":56}},{"start":{"line":4,"column":60},"end":{"line":4,"column":93}}],"line":4},"1":{"loc":{"start":{"line":5,"column":24},"end":{"line":5,"column":86}},"type":"binary-expr","locations":[{"start":{"line":5,"column":24},"end":{"line":5,"column":65}},{"start":{"line":5,"column":69},"end":{"line":5,"column":86}}],"line":5},"2":{"loc":{"start":{"line":11,"column":22},"end":{"line":33,"column":13}},"type":"cond-expr","locations":[{"start":{"line":11,"column":34},"end":{"line":33,"column":1}},{"start":{"line":33,"column":4},"end":{"line":33,"column":13}}],"line":11}},"s":{"0":0,"1":0,"2":0,"3":0,"4":0,"5":0,"6":0,"7":0,"8":0,"9":0,"10":0,"11":0},"f":{"0":0,"1":0,"2":0},"b":{"0":[0,0],"1":[0,0],"2":[0,0]}}
}
