TN:
SF:components\AnimatedInput.tsx
FN:22,(anonymous_0)
FN:42,(anonymous_1)
FN:50,(anonymous_2)
FN:58,(anonymous_3)
FNF:4
FNH:0
FNDA:0,(anonymous_0)
FNDA:0,(anonymous_1)
FNDA:0,(anonymous_2)
FNDA:0,(anonymous_3)
DA:22,0
DA:33,0
DA:34,0
DA:35,0
DA:37,0
DA:38,0
DA:39,0
DA:42,0
DA:43,0
DA:44,0
DA:45,0
DA:46,0
DA:50,0
DA:51,0
DA:52,0
DA:53,0
DA:54,0
DA:58,0
DA:59,0
DA:73,0
DA:89,0
DA:135,0
DA:137,0
LF:23
LH:0
BRDA:34,0,0,0
BRDA:34,0,1,0
BRDA:34,1,0,0
BRDA:34,1,1,0
BRDA:35,2,0,0
BRDA:35,2,1,0
BRDA:79,3,0,0
BRDA:79,3,1,0
BRDA:81,4,0,0
BRDA:81,4,1,0
BRDA:92,5,0,0
BRDA:92,5,1,0
BRDA:96,6,0,0
BRDA:96,6,1,0
BRDA:115,7,0,0
BRDA:115,7,1,0
BRDA:126,8,0,0
BRDA:126,8,1,0
BRDA:151,9,0,0
BRDA:151,9,1,0
BRF:20
BRH:0
end_of_record
TN:
SF:components\AnimatedLogo.tsx
FN:16,AnimatedLogo
FN:28,(anonymous_1)
FN:38,(anonymous_2)
FN:79,(anonymous_3)
FNF:4
FNH:0
FNDA:0,AnimatedLogo
FNDA:0,(anonymous_1)
FNDA:0,(anonymous_2)
FNDA:0,(anonymous_3)
DA:23,0
DA:24,0
DA:25,0
DA:28,0
DA:30,0
DA:38,0
DA:40,0
DA:56,0
DA:78,0
DA:79,0
DA:82,0
LF:11
LH:0
BRDA:17,0,0,0
BRDA:19,1,0,0
BRDA:20,2,0,0
BRDA:21,3,0,0
BRF:4
BRH:0
end_of_record
TN:
SF:components\DiaryItem.tsx
FN:16,(anonymous_0)
FNF:1
FNH:0
FNDA:0,(anonymous_0)
DA:16,0
DA:17,0
DA:18,0
DA:19,0
DA:20,0
DA:21,0
DA:36,0
LF:7
LH:0
BRDA:18,0,0,0
BRDA:18,0,1,0
BRDA:18,1,0,0
BRDA:18,1,1,0
BRDA:19,2,0,0
BRDA:19,2,1,0
BRDA:25,3,0,0
BRDA:25,3,1,0
BRDA:25,3,2,0
BRDA:30,4,0,0
BRDA:30,4,1,0
BRF:11
BRH:0
end_of_record
TN:
SF:components\HapticTab.tsx
FN:5,HapticTab
FN:9,(anonymous_1)
FNF:2
FNH:0
FNDA:0,HapticTab
FNDA:0,(anonymous_1)
DA:6,0
DA:10,0
DA:12,0
DA:14,0
LF:4
LH:0
BRDA:10,0,0,0
BRDA:10,0,1,0
BRF:2
BRH:0
end_of_record
TN:
SF:components\LanguageSelector.tsx
FN:14,LanguageSelector
FN:21,(anonymous_1)
FN:103,(anonymous_2)
FN:109,(anonymous_3)
FNF:4
FNH:0
FNDA:0,LanguageSelector
FNDA:0,(anonymous_1)
FNDA:0,(anonymous_2)
FNDA:0,(anonymous_3)
DA:15,0
DA:16,0
DA:17,0
DA:18,0
DA:21,0
DA:22,0
DA:24,0
DA:25,0
DA:26,0
DA:28,0
DA:32,0
DA:91,0
DA:104,0
DA:105,0
DA:109,0
LF:15
LH:0
BRDA:17,0,0,0
BRDA:17,0,1,0
BRDA:17,1,0,0
BRDA:17,1,1,0
BRDA:18,2,0,0
BRDA:18,2,1,0
BRDA:95,3,0,0
BRDA:95,3,1,0
BRDA:108,4,0,0
BRDA:108,4,1,0
BRDA:115,5,0,0
BRDA:115,5,1,0
BRDA:117,6,0,0
BRDA:117,6,1,0
BRDA:120,7,0,0
BRDA:120,7,1,0
BRF:16
BRH:0
end_of_record
TN:
SF:components\Logo.tsx
FN:12,Logo
FNF:1
FNH:0
FNDA:0,Logo
DA:13,0
LF:1
LH:0
BRDA:12,0,0,0
BRF:1
BRH:0
end_of_record
TN:
SF:components\ProfilePicture.tsx
FN:27,(anonymous_0)
FN:45,(anonymous_1)
FN:51,(anonymous_2)
FN:54,(anonymous_3)
FN:60,(anonymous_4)
FN:70,(anonymous_5)
FN:80,(anonymous_6)
FN:97,(anonymous_7)
FN:103,(anonymous_8)
FN:126,(anonymous_9)
FN:149,(anonymous_10)
FN:172,(anonymous_11)
FN:195,(anonymous_12)
FN:210,(anonymous_13)
FN:259,(anonymous_14)
FN:264,(anonymous_15)
FNF:16
FNH:0
FNDA:0,(anonymous_0)
FNDA:0,(anonymous_1)
FNDA:0,(anonymous_2)
FNDA:0,(anonymous_3)
FNDA:0,(anonymous_4)
FNDA:0,(anonymous_5)
FNDA:0,(anonymous_6)
FNDA:0,(anonymous_7)
FNDA:0,(anonymous_8)
FNDA:0,(anonymous_9)
FNDA:0,(anonymous_10)
FNDA:0,(anonymous_11)
FNDA:0,(anonymous_12)
FNDA:0,(anonymous_13)
FNDA:0,(anonymous_14)
FNDA:0,(anonymous_15)
DA:27,0
DA:34,0
DA:35,0
DA:36,0
DA:38,0
DA:39,0
DA:41,0
DA:42,0
DA:45,0
DA:46,0
DA:49,0
DA:50,0
DA:55,0
DA:60,0
DA:61,0
DA:63,0
DA:70,0
DA:71,0
DA:73,0
DA:80,0
DA:81,0
DA:97,0
DA:98,0
DA:99,0
DA:103,0
DA:104,0
DA:107,0
DA:108,0
DA:110,0
DA:113,0
DA:114,0
DA:119,0
DA:122,0
DA:126,0
DA:127,0
DA:129,0
DA:130,0
DA:132,0
DA:133,0
DA:139,0
DA:140,0
DA:143,0
DA:144,0
DA:149,0
DA:150,0
DA:152,0
DA:153,0
DA:155,0
DA:156,0
DA:162,0
DA:163,0
DA:166,0
DA:167,0
DA:172,0
DA:173,0
DA:174,0
DA:175,0
DA:176,0
DA:178,0
DA:180,0
DA:181,0
DA:182,0
DA:183,0
DA:186,0
DA:187,0
DA:188,0
DA:190,0
DA:191,0
DA:195,0
DA:196,0
DA:198,0
DA:210,0
DA:211,0
DA:212,0
DA:213,0
DA:214,0
DA:215,0
DA:216,0
DA:218,0
DA:219,0
DA:221,0
DA:225,0
DA:231,0
DA:237,0
DA:260,0
DA:261,0
DA:262,0
DA:301,0
LF:88
LH:0
BRDA:30,0,0,0
BRDA:32,1,0,0
BRDA:35,2,0,0
BRDA:35,2,1,0
BRDA:35,3,0,0
BRDA:35,3,1,0
BRDA:36,4,0,0
BRDA:36,4,1,0
BRDA:49,5,0,0
BRDA:49,5,1,0
BRDA:61,6,0,0
BRDA:61,6,1,0
BRDA:71,7,0,0
BRDA:71,7,1,0
BRDA:103,8,0,0
BRDA:104,9,0,0
BRDA:104,9,1,0
BRDA:107,10,0,0
BRDA:107,10,1,0
BRDA:113,11,0,0
BRDA:113,11,1,0
BRDA:116,12,0,0
BRDA:116,12,1,0
BRDA:116,13,0,0
BRDA:116,13,1,0
BRDA:127,14,0,0
BRDA:127,14,1,0
BRDA:130,15,0,0
BRDA:130,15,1,0
BRDA:139,16,0,0
BRDA:139,16,1,0
BRDA:139,17,0,0
BRDA:139,17,1,0
BRDA:139,17,2,0
BRDA:150,18,0,0
BRDA:150,18,1,0
BRDA:153,19,0,0
BRDA:153,19,1,0
BRDA:162,20,0,0
BRDA:162,20,1,0
BRDA:162,21,0,0
BRDA:162,21,1,0
BRDA:180,22,0,0
BRDA:180,22,1,0
BRDA:196,23,0,0
BRDA:196,23,1,0
BRDA:205,24,0,0
BRDA:205,24,1,0
BRDA:244,25,0,0
BRDA:244,25,1,0
BRDA:245,26,0,0
BRDA:245,26,1,0
BRDA:247,27,0,0
BRDA:247,27,1,0
BRDA:274,28,0,0
BRDA:274,28,1,0
BRDA:291,29,0,0
BRDA:291,29,1,0
BRDA:291,29,2,0
BRF:59
BRH:0
end_of_record
TN:
SF:components\ProgressBar.tsx
FN:18,(anonymous_0)
FNF:1
FNH:0
FNDA:0,(anonymous_0)
DA:18,0
DA:19,0
DA:20,0
DA:21,0
DA:22,0
DA:23,0
DA:25,0
DA:39,0
LF:8
LH:0
BRDA:18,0,0,0
BRDA:20,1,0,0
BRDA:20,1,1,0
BRDA:20,2,0,0
BRDA:20,2,1,0
BRDA:21,3,0,0
BRDA:21,3,1,0
BRDA:22,4,0,0
BRDA:22,4,1,0
BRF:9
BRH:0
end_of_record
TN:
SF:components\RecentActivity.tsx
FN:19,RecentActivity
FN:25,(anonymous_1)
FN:28,(anonymous_2)
FN:29,(anonymous_3)
FN:34,(anonymous_4)
FN:39,(anonymous_5)
FN:56,(anonymous_6)
FN:60,(anonymous_7)
FNF:8
FNH:0
FNDA:0,RecentActivity
FNDA:0,(anonymous_1)
FNDA:0,(anonymous_2)
FNDA:0,(anonymous_3)
FNDA:0,(anonymous_4)
FNDA:0,(anonymous_5)
FNDA:0,(anonymous_6)
FNDA:0,(anonymous_7)
DA:20,0
DA:21,0
DA:22,0
DA:25,0
DA:26,0
DA:27,0
DA:28,0
DA:30,0
DA:31,0
DA:32,0
DA:34,0
DA:39,0
DA:40,0
DA:41,0
DA:42,0
DA:43,0
DA:44,0
DA:47,0
DA:49,0
DA:57,0
DA:60,0
DA:83,0
LF:22
LH:0
BRDA:21,0,0,0
BRDA:21,0,1,0
BRDA:21,1,0,0
BRDA:21,1,1,0
BRDA:22,2,0,0
BRDA:22,2,1,0
BRDA:40,3,0,0
BRDA:40,3,1,0
BRDA:41,4,0,0
BRDA:41,4,1,0
BRDA:42,5,0,0
BRDA:42,5,1,0
BRDA:43,6,0,0
BRDA:43,6,1,0
BRDA:47,7,0,0
BRDA:47,7,1,0
BRF:16
BRH:0
end_of_record
TN:
SF:components\SkillCard.tsx
FN:21,SkillCard
FN:49,(anonymous_1)
FN:65,(anonymous_2)
FN:72,(anonymous_3)
FN:79,(anonymous_4)
FN:86,(anonymous_5)
FN:90,(anonymous_6)
FN:94,(anonymous_7)
FN:97,(anonymous_8)
FN:106,(anonymous_9)
FN:112,(anonymous_10)
FN:116,(anonymous_11)
FN:120,(anonymous_12)
FN:121,(anonymous_13)
FN:146,(anonymous_14)
FNF:15
FNH:9
FNDA:3,SkillCard
FNDA:3,(anonymous_1)
FNDA:3,(anonymous_2)
FNDA:0,(anonymous_3)
FNDA:0,(anonymous_4)
FNDA:1,(anonymous_5)
FNDA:1,(anonymous_6)
FNDA:1,(anonymous_7)
FNDA:0,(anonymous_8)
FNDA:0,(anonymous_9)
FNDA:0,(anonymous_10)
FNDA:0,(anonymous_11)
FNDA:3,(anonymous_12)
FNDA:3,(anonymous_13)
FNDA:3,(anonymous_14)
DA:33,3
DA:34,3
DA:35,3
DA:37,3
DA:38,3
DA:39,3
DA:42,3
DA:43,3
DA:44,3
DA:45,3
DA:46,3
DA:49,3
DA:50,3
DA:51,3
DA:57,3
DA:63,3
DA:64,3
DA:65,3
DA:66,3
DA:67,3
DA:72,3
DA:73,0
DA:79,3
DA:80,0
DA:86,3
DA:87,1
DA:90,3
DA:91,1
DA:94,1
DA:97,3
DA:98,0
DA:106,0
DA:112,3
DA:113,0
DA:116,0
DA:120,3
DA:121,3
DA:122,3
DA:123,0
DA:124,0
DA:125,0
DA:127,0
DA:128,0
DA:130,0
DA:131,0
DA:133,0
DA:134,0
DA:135,0
DA:138,3
DA:139,3
DA:143,3
DA:146,3
DA:147,3
DA:148,3
DA:149,3
DA:150,3
DA:152,3
DA:153,0
DA:154,0
DA:155,0
DA:159,3
DA:160,3
DA:161,3
DA:164,3
DA:352,3
LF:65
LH:46
BRDA:30,0,0,0
BRDA:31,1,0,0
BRDA:34,2,0,3
BRDA:34,2,1,0
BRDA:34,3,0,3
BRDA:34,3,1,0
BRDA:35,4,0,3
BRDA:35,4,1,0
BRDA:39,5,0,3
BRDA:39,5,1,0
BRDA:50,6,0,3
BRDA:50,6,1,0
BRDA:122,7,0,0
BRDA:122,7,1,3
BRDA:124,8,0,0
BRDA:124,8,1,0
BRDA:124,9,0,0
BRDA:124,9,1,0
BRDA:125,10,0,0
BRDA:125,10,1,0
BRDA:125,11,0,0
BRDA:125,11,1,0
BRDA:128,12,0,0
BRDA:128,12,1,0
BRDA:130,13,0,0
BRDA:130,13,1,0
BRDA:131,14,0,0
BRDA:131,14,1,0
BRDA:134,15,0,0
BRDA:134,15,1,0
BRDA:135,16,0,0
BRDA:135,16,1,0
BRDA:138,17,0,3
BRDA:138,17,1,0
BRDA:139,18,0,3
BRDA:139,18,1,0
BRDA:152,19,0,3
BRDA:152,19,1,0
BRDA:153,20,0,0
BRDA:153,20,1,0
BRDA:154,21,0,0
BRDA:154,21,1,0
BRDA:159,22,0,3
BRDA:159,22,1,0
BRDA:160,23,0,0
BRDA:160,23,1,3
BRDA:161,24,0,3
BRDA:161,24,1,0
BRDA:184,25,0,3
BRDA:184,25,1,0
BRDA:357,26,0,3
BRDA:357,26,1,0
BRDA:374,27,0,3
BRDA:374,27,1,0
BRDA:376,28,0,3
BRDA:376,28,1,3
BRDA:384,29,0,3
BRDA:384,29,1,3
BRDA:427,30,0,0
BRDA:427,30,1,3
BRDA:454,31,0,3
BRDA:454,31,1,3
BRF:62
BRH:22
end_of_record
TN:
SF:components\UniformLayout.tsx
FN:31,UniformLayout
FNF:1
FNH:0
FNDA:0,UniformLayout
DA:39,0
DA:40,0
DA:41,0
DA:44,0
DA:45,0
DA:47,0
DA:76,0
LF:7
LH:0
BRDA:34,0,0,0
BRDA:40,1,0,0
BRDA:40,1,1,0
BRDA:40,2,0,0
BRDA:40,2,1,0
BRDA:41,3,0,0
BRDA:41,3,1,0
BRDA:44,4,0,0
BRDA:44,4,1,0
BRDA:45,5,0,0
BRDA:45,5,1,0
BRDA:45,6,0,0
BRDA:45,6,1,0
BRDA:57,7,0,0
BRDA:57,7,1,0
BRDA:88,8,0,0
BRDA:88,8,1,0
BRF:17
BRH:0
end_of_record
TN:
SF:components\ui\IconSymbol.ios.tsx
FN:4,IconSymbol
FNF:1
FNH:0
FNDA:0,IconSymbol
DA:17,0
LF:1
LH:0
BRDA:6,0,0,0
BRDA:9,1,0,0
BRF:2
BRH:0
end_of_record
TN:
SF:components\ui\IconSymbol.tsx
FN:28,IconSymbol
FNF:1
FNH:0
FNDA:0,IconSymbol
DA:16,0
DA:40,0
LF:2
LH:0
BRDA:30,0,0,0
BRF:1
BRH:0
end_of_record
TN:
SF:components\ui\TabBarBackground.ios.tsx
FN:5,BlurTabBarBackground
FN:17,useBottomTabOverflow
FNF:2
FNH:0
FNDA:0,BlurTabBarBackground
FNDA:0,useBottomTabOverflow
DA:6,0
DA:18,0
LF:2
LH:0
BRF:0
BRH:0
end_of_record
TN:
SF:components\ui\TabBarBackground.tsx
FN:4,useBottomTabOverflow
FNF:1
FNH:0
FNDA:0,useBottomTabOverflow
DA:5,0
LF:1
LH:0
BRF:0
BRH:0
end_of_record
TN:
SF:context\AuthContext.tsx
FN:21,(anonymous_0)
FN:28,(anonymous_1)
FN:35,(anonymous_2)
FN:48,(anonymous_3)
FN:56,(anonymous_4)
FN:57,(anonymous_5)
FN:92,(anonymous_6)
FN:108,(anonymous_7)
FN:124,(anonymous_8)
FN:148,(anonymous_9)
FNF:10
FNH:7
FNDA:0,(anonymous_0)
FNDA:0,(anonymous_1)
FNDA:0,(anonymous_2)
FNDA:207,(anonymous_3)
FNDA:83,(anonymous_4)
FNDA:83,(anonymous_5)
FNDA:1,(anonymous_6)
FNDA:52,(anonymous_7)
FNDA:14,(anonymous_8)
FNDA:634,(anonymous_9)
DA:18,6
DA:21,6
DA:22,0
DA:23,0
DA:25,0
DA:28,6
DA:29,0
DA:30,0
DA:32,0
DA:35,6
DA:36,0
DA:37,0
DA:39,0
DA:48,6
DA:49,207
DA:50,207
DA:51,207
DA:56,207
DA:57,83
DA:58,83
DA:62,83
DA:65,83
DA:66,83
DA:67,83
DA:70,83
DA:71,82
DA:72,82
DA:73,6
DA:74,6
DA:80,0
DA:83,83
DA:86,83
DA:92,207
DA:93,1
DA:94,1
DA:95,1
DA:96,1
DA:97,1
DA:100,0
DA:101,0
DA:108,207
DA:109,52
DA:110,52
DA:111,52
DA:112,52
DA:113,52
DA:116,0
DA:117,0
DA:124,207
DA:125,14
DA:126,14
DA:127,14
DA:128,14
DA:130,0
DA:131,0
DA:135,207
DA:148,6
DA:149,634
DA:150,634
DA:151,0
DA:153,634
LF:61
LH:44
BRDA:22,0,0,0
BRDA:22,0,1,0
BRDA:29,1,0,0
BRDA:29,1,1,0
BRDA:36,2,0,0
BRDA:36,2,1,0
BRDA:65,3,0,83
BRDA:65,3,1,0
BRDA:70,4,0,82
BRDA:70,4,1,1
BRDA:70,5,0,83
BRDA:70,5,1,83
BRDA:70,5,2,82
BRDA:72,6,0,6
BRDA:72,6,1,76
BRDA:95,7,0,1
BRDA:95,7,1,0
BRDA:111,8,0,52
BRDA:111,8,1,0
BRDA:150,9,0,0
BRDA:150,9,1,634
BRF:21
BRH:11
end_of_record
TN:
SF:context\LanguageContext.tsx
FN:29,(anonymous_0)
FN:36,(anonymous_1)
FN:47,(anonymous_2)
FN:54,(anonymous_3)
FN:63,(anonymous_4)
FN:77,(anonymous_5)
FN:108,(anonymous_6)
FN:117,(anonymous_7)
FN:150,(anonymous_8)
FNF:9
FNH:0
FNDA:0,(anonymous_0)
FNDA:0,(anonymous_1)
FNDA:0,(anonymous_2)
FNDA:0,(anonymous_3)
FNDA:0,(anonymous_4)
FNDA:0,(anonymous_5)
FNDA:0,(anonymous_6)
FNDA:0,(anonymous_7)
FNDA:0,(anonymous_8)
DA:16,0
DA:19,0
DA:29,0
DA:30,0
DA:31,0
DA:32,0
DA:33,0
DA:36,0
DA:37,0
DA:38,0
DA:39,0
DA:40,0
DA:42,0
DA:47,0
DA:50,0
DA:54,0
DA:55,0
DA:56,0
DA:57,0
DA:60,0
DA:63,0
DA:64,0
DA:65,0
DA:68,0
DA:69,0
DA:70,0
DA:72,0
DA:73,0
DA:77,0
DA:78,0
DA:80,0
DA:81,0
DA:84,0
DA:85,0
DA:86,0
DA:87,0
DA:89,0
DA:92,0
DA:93,0
DA:94,0
DA:96,0
DA:97,0
DA:99,0
DA:102,0
DA:105,0
DA:108,0
DA:109,0
DA:114,0
DA:117,0
DA:118,0
DA:119,0
DA:120,0
DA:123,0
DA:128,0
DA:130,0
DA:132,0
DA:136,0
DA:150,0
DA:151,0
DA:152,0
DA:153,0
DA:155,0
LF:62
LH:0
BRDA:38,0,0,0
BRDA:38,0,1,0
BRDA:56,1,0,0
BRDA:56,1,1,0
BRDA:56,2,0,0
BRDA:56,2,1,0
BRDA:60,3,0,0
BRDA:60,3,1,0
BRDA:64,4,0,0
BRDA:64,4,1,0
BRDA:64,5,0,0
BRDA:64,5,1,0
BRDA:78,6,0,0
BRDA:78,6,1,0
BRDA:80,7,0,0
BRDA:80,7,1,0
BRDA:84,8,0,0
BRDA:84,8,1,0
BRDA:92,9,0,0
BRDA:92,9,1,0
BRDA:92,10,0,0
BRDA:92,10,1,0
BRDA:96,11,0,0
BRDA:96,11,1,0
BRDA:123,12,0,0
BRDA:123,12,1,0
BRDA:152,13,0,0
BRDA:152,13,1,0
BRF:28
BRH:0
end_of_record
TN:
SF:context\SkillsContext.tsx
FN:48,(anonymous_0)
FN:52,(anonymous_1)
FN:58,(anonymous_2)
FN:63,(anonymous_3)
FN:74,(anonymous_4)
FN:75,(anonymous_5)
FN:80,(anonymous_6)
FN:106,(anonymous_7)
FN:115,(anonymous_8)
FN:122,(anonymous_9)
FN:150,(anonymous_10)
FN:158,(anonymous_11)
FN:163,(anonymous_12)
FN:164,(anonymous_13)
FN:176,(anonymous_14)
FN:181,(anonymous_15)
FN:181,(anonymous_16)
FN:189,(anonymous_17)
FN:207,(anonymous_18)
FN:211,(anonymous_19)
FN:224,(anonymous_20)
FN:225,(anonymous_21)
FN:244,(anonymous_22)
FN:255,(anonymous_23)
FN:269,(anonymous_24)
FN:270,(anonymous_25)
FN:299,(anonymous_26)
FNF:27
FNH:12
FNDA:337,(anonymous_0)
FNDA:32,(anonymous_1)
FNDA:0,(anonymous_2)
FNDA:0,(anonymous_3)
FNDA:0,(anonymous_4)
FNDA:0,(anonymous_5)
FNDA:0,(anonymous_6)
FNDA:123,(anonymous_7)
FNDA:0,(anonymous_8)
FNDA:428,(anonymous_9)
FNDA:428,(anonymous_10)
FNDA:53,(anonymous_11)
FNDA:52,(anonymous_12)
FNDA:2502,(anonymous_13)
FNDA:3,(anonymous_14)
FNDA:3,(anonymous_15)
FNDA:2,(anonymous_16)
FNDA:0,(anonymous_17)
FNDA:0,(anonymous_18)
FNDA:0,(anonymous_19)
FNDA:0,(anonymous_20)
FNDA:0,(anonymous_21)
FNDA:0,(anonymous_22)
FNDA:0,(anonymous_23)
FNDA:0,(anonymous_24)
FNDA:0,(anonymous_25)
FNDA:249,(anonymous_26)
DA:46,5
DA:48,5
DA:49,337
DA:50,337
DA:52,337
DA:53,32
DA:55,32
DA:56,32
DA:57,32
DA:60,0
DA:63,0
DA:70,0
DA:73,0
DA:74,0
DA:75,0
DA:78,0
DA:79,0
DA:80,0
DA:81,0
DA:84,0
DA:99,32
DA:101,0
DA:106,337
DA:108,123
DA:109,32
DA:110,91
DA:111,91
DA:115,337
DA:116,0
DA:117,0
DA:122,337
DA:125,428
DA:127,428
DA:128,428
DA:137,428
DA:150,428
DA:152,0
DA:153,0
DA:158,337
DA:159,53
DA:161,52
DA:162,52
DA:163,52
DA:164,52
DA:165,2502
DA:171,0
DA:172,0
DA:176,337
DA:177,3
DA:179,3
DA:180,3
DA:181,3
DA:183,0
DA:184,0
DA:189,337
DA:190,0
DA:192,0
DA:193,0
DA:199,0
DA:207,0
DA:208,0
DA:211,0
DA:214,0
DA:215,0
DA:218,0
DA:224,0
DA:225,0
DA:226,0
DA:228,0
DA:238,0
DA:239,0
DA:244,337
DA:245,0
DA:247,0
DA:248,0
DA:255,0
DA:256,0
DA:259,0
DA:260,0
DA:263,0
DA:269,0
DA:270,0
DA:271,0
DA:273,0
DA:283,0
DA:284,0
DA:288,337
DA:299,5
DA:300,249
DA:301,249
DA:302,0
DA:304,249
LF:92
LH:41
BRDA:53,0,0,0
BRDA:53,0,1,32
BRDA:53,1,0,32
BRDA:53,1,1,32
BRDA:63,2,0,0
BRDA:63,2,1,0
BRDA:79,3,0,0
BRDA:79,3,1,0
BRDA:87,4,0,0
BRDA:87,4,1,0
BRDA:94,5,0,0
BRDA:94,5,1,0
BRDA:95,6,0,0
BRDA:95,6,1,0
BRDA:108,7,0,32
BRDA:108,7,1,91
BRDA:108,8,0,123
BRDA:108,8,1,123
BRDA:110,9,0,91
BRDA:110,9,1,0
BRDA:116,10,0,0
BRDA:116,10,1,0
BRDA:125,11,0,0
BRDA:125,11,1,428
BRDA:125,12,0,428
BRDA:125,12,1,428
BRDA:140,13,0,428
BRDA:140,13,1,3
BRDA:147,14,0,428
BRDA:147,14,1,428
BRDA:148,15,0,428
BRDA:148,15,1,428
BRDA:159,16,0,1
BRDA:159,16,1,52
BRDA:165,17,0,52
BRDA:165,17,1,2450
BRDA:177,18,0,0
BRDA:177,18,1,3
BRDA:189,19,0,0
BRDA:190,20,0,0
BRDA:190,20,1,0
BRDA:190,21,0,0
BRDA:190,21,1,0
BRDA:208,22,0,0
BRDA:208,22,1,0
BRDA:211,23,0,0
BRDA:211,23,1,0
BRDA:211,24,0,0
BRDA:211,24,1,0
BRDA:226,25,0,0
BRDA:226,25,1,0
BRDA:245,26,0,0
BRDA:245,26,1,0
BRDA:245,27,0,0
BRDA:245,27,1,0
BRDA:256,28,0,0
BRDA:256,28,1,0
BRDA:271,29,0,0
BRDA:271,29,1,0
BRDA:301,30,0,0
BRDA:301,30,1,249
BRF:61
BRH:23
end_of_record
TN:
SF:context\ThemeContext.tsx
FN:17,(anonymous_0)
FN:24,(anonymous_1)
FN:25,(anonymous_2)
FN:33,(anonymous_3)
FN:34,(anonymous_4)
FN:43,(anonymous_5)
FN:47,(anonymous_6)
FN:59,(anonymous_7)
FNF:8
FNH:7
FNDA:6,(anonymous_0)
FNDA:6,(anonymous_1)
FNDA:6,(anonymous_2)
FNDA:6,(anonymous_3)
FNDA:6,(anonymous_4)
FNDA:6,(anonymous_5)
FNDA:0,(anonymous_6)
FNDA:3,(anonymous_7)
DA:13,2
DA:15,2
DA:17,2
DA:18,6
DA:19,6
DA:24,6
DA:25,6
DA:26,6
DA:27,0
DA:33,6
DA:34,6
DA:35,6
DA:41,6
DA:42,6
DA:43,6
DA:47,6
DA:48,0
DA:49,0
DA:52,6
DA:59,2
DA:60,3
DA:61,3
DA:62,3
LF:23
LH:20
BRDA:20,0,0,0
BRDA:20,0,1,6
BRDA:26,1,0,0
BRDA:26,1,1,6
BRDA:26,2,0,6
BRDA:26,2,1,6
BRDA:26,2,2,6
BRDA:36,3,0,6
BRDA:36,3,1,0
BRDA:37,4,0,0
BRDA:37,4,1,6
BRDA:61,5,0,0
BRDA:61,5,1,3
BRF:13
BRH:8
end_of_record
TN:
SF:services\googleTranslateAPI.ts
FN:9,(anonymous_0)
FN:13,(anonymous_1)
FN:63,(anonymous_2)
FN:73,(anonymous_3)
FN:74,(anonymous_4)
FN:103,(anonymous_5)
FN:107,(anonymous_6)
FN:123,(anonymous_7)
FNF:8
FNH:0
FNDA:0,(anonymous_0)
FNDA:0,(anonymous_1)
FNDA:0,(anonymous_2)
FNDA:0,(anonymous_3)
FNDA:0,(anonymous_4)
FNDA:0,(anonymous_5)
FNDA:0,(anonymous_6)
FNDA:0,(anonymous_7)
DA:7,0
DA:10,0
DA:14,0
DA:15,0
DA:18,0
DA:19,0
DA:23,0
DA:24,0
DA:27,0
DA:28,0
DA:43,0
DA:44,0
DA:47,0
DA:49,0
DA:50,0
DA:55,0
DA:58,0
DA:59,0
DA:64,0
DA:65,0
DA:68,0
DA:69,0
DA:73,0
DA:74,0
DA:76,0
DA:77,0
DA:80,0
DA:81,0
DA:96,0
DA:97,0
DA:100,0
DA:102,0
DA:103,0
DA:106,0
DA:107,0
DA:108,0
DA:109,0
DA:111,0
DA:115,0
DA:118,0
DA:119,0
DA:124,0
LF:42
LH:0
BRDA:14,0,0,0
BRDA:14,0,1,0
BRDA:18,1,0,0
BRDA:18,1,1,0
BRDA:23,2,0,0
BRDA:23,2,1,0
BRDA:43,3,0,0
BRDA:43,3,1,0
BRDA:49,4,0,0
BRDA:49,4,1,0
BRDA:49,5,0,0
BRDA:49,5,1,0
BRDA:49,5,2,0
BRDA:64,6,0,0
BRDA:64,6,1,0
BRDA:68,7,0,0
BRDA:68,7,1,0
BRDA:76,8,0,0
BRDA:76,8,1,0
BRDA:96,9,0,0
BRDA:96,9,1,0
BRDA:102,10,0,0
BRDA:102,10,1,0
BRDA:102,11,0,0
BRDA:102,11,1,0
BRDA:108,12,0,0
BRDA:108,12,1,0
BRF:27
BRH:0
end_of_record
TN:
SF:services\supabaseService.ts
FN:6,(anonymous_0)
FN:24,(anonymous_1)
FN:63,(anonymous_2)
FN:109,(anonymous_3)
FN:117,(anonymous_4)
FN:159,(anonymous_5)
FN:170,(anonymous_6)
FN:183,(anonymous_7)
FN:232,(anonymous_8)
FN:270,(anonymous_9)
FN:287,(anonymous_10)
FN:301,(anonymous_11)
FN:315,(anonymous_12)
FN:326,(anonymous_13)
FN:338,(anonymous_14)
FN:348,(anonymous_15)
FN:359,(anonymous_16)
FN:370,(anonymous_17)
FN:382,(anonymous_18)
FN:392,(anonymous_19)
FN:403,(anonymous_20)
FN:415,(anonymous_21)
FN:430,(anonymous_22)
FN:446,(anonymous_23)
FNF:24
FNH:0
FNDA:0,(anonymous_0)
FNDA:0,(anonymous_1)
FNDA:0,(anonymous_2)
FNDA:0,(anonymous_3)
FNDA:0,(anonymous_4)
FNDA:0,(anonymous_5)
FNDA:0,(anonymous_6)
FNDA:0,(anonymous_7)
FNDA:0,(anonymous_8)
FNDA:0,(anonymous_9)
FNDA:0,(anonymous_10)
FNDA:0,(anonymous_11)
FNDA:0,(anonymous_12)
FNDA:0,(anonymous_13)
FNDA:0,(anonymous_14)
FNDA:0,(anonymous_15)
FNDA:0,(anonymous_16)
FNDA:0,(anonymous_17)
FNDA:0,(anonymous_18)
FNDA:0,(anonymous_19)
FNDA:0,(anonymous_20)
FNDA:0,(anonymous_21)
FNDA:0,(anonymous_22)
FNDA:0,(anonymous_23)
DA:7,0
DA:8,0
DA:11,0
DA:13,0
DA:15,0
DA:17,0
DA:19,0
DA:25,0
DA:33,0
DA:34,0
DA:35,0
DA:39,0
DA:40,0
DA:41,0
DA:49,0
DA:50,0
DA:51,0
DA:54,0
DA:60,0
DA:64,0
DA:69,0
DA:70,0
DA:71,0
DA:75,0
DA:76,0
DA:77,0
DA:83,0
DA:85,0
DA:93,0
DA:94,0
DA:97,0
DA:98,0
DA:101,0
DA:106,0
DA:110,0
DA:111,0
DA:112,0
DA:113,0
DA:118,0
DA:119,0
DA:120,0
DA:121,0
DA:124,0
DA:126,0
DA:127,0
DA:133,0
DA:135,0
DA:143,0
DA:144,0
DA:148,0
DA:152,0
DA:154,0
DA:160,0
DA:166,0
DA:167,0
DA:171,0
DA:178,0
DA:179,0
DA:184,0
DA:186,0
DA:191,0
DA:192,0
DA:193,0
DA:196,0
DA:197,0
DA:198,0
DA:199,0
DA:203,0
DA:210,0
DA:211,0
DA:212,0
DA:216,0
DA:220,0
DA:223,0
DA:225,0
DA:227,0
DA:228,0
DA:233,0
DA:235,0
DA:241,0
DA:242,0
DA:243,0
DA:246,0
DA:248,0
DA:249,0
DA:252,0
DA:256,0
DA:257,0
DA:263,0
DA:265,0
DA:266,0
DA:271,0
DA:272,0
DA:278,0
DA:279,0
DA:281,0
DA:282,0
DA:288,0
DA:297,0
DA:298,0
DA:302,0
DA:311,0
DA:312,0
DA:316,0
DA:322,0
DA:323,0
DA:327,0
DA:334,0
DA:335,0
DA:339,0
DA:344,0
DA:349,0
DA:355,0
DA:356,0
DA:360,0
DA:366,0
DA:367,0
DA:371,0
DA:378,0
DA:379,0
DA:383,0
DA:388,0
DA:393,0
DA:399,0
DA:400,0
DA:404,0
DA:410,0
DA:411,0
DA:416,0
DA:425,0
DA:426,0
DA:431,0
DA:447,0
LF:133
LH:0
BRDA:8,0,0,0
BRDA:8,0,1,0
BRDA:8,0,2,0
BRDA:8,0,3,0
BRDA:8,0,4,0
BRDA:8,0,5,0
BRDA:33,1,0,0
BRDA:33,1,1,0
BRDA:39,2,0,0
BRDA:39,2,1,0
BRDA:46,3,0,0
BRDA:46,3,1,0
BRDA:46,3,2,0
BRDA:49,4,0,0
BRDA:49,4,1,0
BRDA:69,5,0,0
BRDA:69,5,1,0
BRDA:75,6,0,0
BRDA:75,6,1,0
BRDA:83,7,0,0
BRDA:83,7,1,0
BRDA:83,8,0,0
BRDA:83,8,1,0
BRDA:90,9,0,0
BRDA:90,9,1,0
BRDA:93,10,0,0
BRDA:93,10,1,0
BRDA:97,11,0,0
BRDA:97,11,1,0
BRDA:111,12,0,0
BRDA:111,12,1,0
BRDA:120,13,0,0
BRDA:120,13,1,0
BRDA:124,14,0,0
BRDA:124,14,1,0
BRDA:133,15,0,0
BRDA:133,15,1,0
BRDA:133,16,0,0
BRDA:133,16,1,0
BRDA:140,17,0,0
BRDA:140,17,1,0
BRDA:143,18,0,0
BRDA:143,18,1,0
BRDA:166,19,0,0
BRDA:166,19,1,0
BRDA:178,20,0,0
BRDA:178,20,1,0
BRDA:191,21,0,0
BRDA:191,21,1,0
BRDA:210,22,0,0
BRDA:210,22,1,0
BRDA:241,23,0,0
BRDA:241,23,1,0
BRDA:246,24,0,0
BRDA:246,24,1,0
BRDA:256,25,0,0
BRDA:256,25,1,0
BRDA:278,26,0,0
BRDA:278,26,1,0
BRDA:279,27,0,0
BRDA:279,27,1,0
BRDA:297,28,0,0
BRDA:297,28,1,0
BRDA:298,29,0,0
BRDA:298,29,1,0
BRDA:311,30,0,0
BRDA:311,30,1,0
BRDA:322,31,0,0
BRDA:322,31,1,0
BRDA:334,32,0,0
BRDA:334,32,1,0
BRDA:344,33,0,0
BRDA:344,33,1,0
BRDA:355,34,0,0
BRDA:355,34,1,0
BRDA:356,35,0,0
BRDA:356,35,1,0
BRDA:366,36,0,0
BRDA:366,36,1,0
BRDA:378,37,0,0
BRDA:378,37,1,0
BRDA:388,38,0,0
BRDA:388,38,1,0
BRDA:399,39,0,0
BRDA:399,39,1,0
BRDA:400,40,0,0
BRDA:400,40,1,0
BRDA:410,41,0,0
BRDA:410,41,1,0
BRDA:425,42,0,0
BRDA:425,42,1,0
BRDA:426,43,0,0
BRDA:426,43,1,0
BRF:93
BRH:0
end_of_record
TN:
SF:utils\streakCalculator.ts
FN:15,calculateSkillStreak
FN:22,(anonymous_1)
FN:28,(anonymous_2)
FN:34,(anonymous_3)
FN:77,calculateUserStreak
FN:83,(anonymous_5)
FN:85,(anonymous_6)
FN:91,(anonymous_7)
FN:98,(anonymous_8)
FN:141,getActivityData
FN:159,(anonymous_10)
FN:161,(anonymous_11)
FN:171,(anonymous_12)
FN:181,(anonymous_13)
FNF:14
FNH:7
FNDA:2,calculateSkillStreak
FNDA:3,(anonymous_1)
FNDA:0,(anonymous_2)
FNDA:2,(anonymous_3)
FNDA:1,calculateUserStreak
FNDA:2,(anonymous_5)
FNDA:1,(anonymous_6)
FNDA:1,(anonymous_7)
FNDA:0,(anonymous_8)
FNDA:0,getActivityData
FNDA:0,(anonymous_10)
FNDA:0,(anonymous_11)
FNDA:0,(anonymous_12)
FNDA:0,(anonymous_13)
DA:16,2
DA:19,1
DA:22,1
DA:23,3
DA:24,3
DA:28,1
DA:29,0
DA:30,0
DA:34,2
DA:36,1
DA:38,1
DA:39,1
DA:41,1
DA:42,1
DA:45,1
DA:46,1
DA:47,3
DA:50,3
DA:51,1
DA:52,1
DA:53,1
DA:57,2
DA:58,2
DA:59,2
DA:61,2
DA:62,2
DA:63,2
DA:66,0
DA:71,1
DA:78,1
DA:81,1
DA:83,1
DA:85,2
DA:86,1
DA:87,1
DA:91,2
DA:92,1
DA:93,1
DA:98,1
DA:100,1
DA:102,1
DA:103,1
DA:105,1
DA:106,1
DA:109,1
DA:110,1
DA:111,1
DA:114,1
DA:115,1
DA:116,1
DA:117,1
DA:121,0
DA:122,0
DA:123,0
DA:125,0
DA:126,0
DA:127,0
DA:130,0
DA:135,1
DA:142,0
DA:143,0
DA:146,0
DA:147,0
DA:148,0
DA:149,0
DA:150,0
DA:159,0
DA:161,0
DA:162,0
DA:163,0
DA:164,0
DA:165,0
DA:166,0
DA:171,0
DA:172,0
DA:173,0
DA:174,0
DA:175,0
DA:181,0
LF:79
LH:49
BRDA:16,0,0,1
BRDA:16,0,1,1
BRDA:16,1,0,2
BRDA:16,1,1,1
BRDA:23,2,0,3
BRDA:23,2,1,0
BRDA:36,3,0,0
BRDA:36,3,1,1
BRDA:45,4,0,1
BRDA:45,4,1,0
BRDA:45,5,0,1
BRDA:45,5,1,0
BRDA:50,6,0,1
BRDA:50,6,1,2
BRDA:50,7,0,3
BRDA:50,7,1,1
BRDA:50,7,2,0
BRDA:61,8,0,2
BRDA:61,8,1,0
BRDA:78,9,0,0
BRDA:78,9,1,1
BRDA:86,10,0,1
BRDA:86,10,1,0
BRDA:100,11,0,0
BRDA:100,11,1,1
BRDA:109,12,0,1
BRDA:109,12,1,0
BRDA:109,13,0,1
BRDA:109,13,1,0
BRDA:114,14,0,1
BRDA:114,14,1,0
BRDA:114,15,0,1
BRDA:114,15,1,1
BRDA:114,15,2,0
BRDA:125,16,0,0
BRDA:125,16,1,0
BRDA:141,17,0,0
BRDA:162,18,0,0
BRDA:162,18,1,0
BRDA:164,19,0,0
BRDA:164,19,1,0
BRDA:166,20,0,0
BRDA:166,20,1,0
BRDA:174,21,0,0
BRDA:174,21,1,0
BRF:45
BRH:21
end_of_record
TN:
SF:utils\supabase.ts
FN:12,(anonymous_0)
FN:19,(anonymous_1)
FN:26,(anonymous_2)
FNF:3
FNH:0
FNDA:0,(anonymous_0)
FNDA:0,(anonymous_1)
FNDA:0,(anonymous_2)
DA:4,0
DA:5,0
DA:8,0
DA:11,0
DA:13,0
DA:14,0
DA:16,0
DA:20,0
DA:21,0
DA:23,0
DA:27,0
DA:28,0
DA:30,0
DA:35,0
LF:14
LH:0
BRDA:4,0,0,0
BRDA:4,0,1,0
BRDA:5,1,0,0
BRDA:5,1,1,0
BRDA:11,2,0,0
BRDA:11,2,1,0
BRF:6
BRH:0
end_of_record
