TN:
SF:components\AnimatedInput.tsx
FN:22,(anonymous_0)
FN:42,(anonymous_1)
FN:50,(anonymous_2)
FN:58,(anonymous_3)
FNF:4
FNH:0
FNDA:0,(anonymous_0)
FNDA:0,(anonymous_1)
FNDA:0,(anonymous_2)
FNDA:0,(anonymous_3)
DA:22,0
DA:33,0
DA:34,0
DA:35,0
DA:37,0
DA:38,0
DA:39,0
DA:42,0
DA:43,0
DA:44,0
DA:45,0
DA:46,0
DA:50,0
DA:51,0
DA:52,0
DA:53,0
DA:54,0
DA:58,0
DA:59,0
DA:73,0
DA:89,0
DA:135,0
DA:137,0
LF:23
LH:0
BRDA:34,0,0,0
BRDA:34,0,1,0
BRDA:34,1,0,0
BRDA:34,1,1,0
BRDA:35,2,0,0
BRDA:35,2,1,0
BRDA:79,3,0,0
BRDA:79,3,1,0
BRDA:81,4,0,0
BRDA:81,4,1,0
BRDA:92,5,0,0
BRDA:92,5,1,0
BRDA:96,6,0,0
BRDA:96,6,1,0
BRDA:115,7,0,0
BRDA:115,7,1,0
BRDA:126,8,0,0
BRDA:126,8,1,0
BRDA:151,9,0,0
BRDA:151,9,1,0
BRF:20
BRH:0
end_of_record
TN:
SF:components\AnimatedLogo.tsx
FN:16,AnimatedLogo
FN:28,(anonymous_1)
FN:38,(anonymous_2)
FN:79,(anonymous_3)
FNF:4
FNH:0
FNDA:0,AnimatedLogo
FNDA:0,(anonymous_1)
FNDA:0,(anonymous_2)
FNDA:0,(anonymous_3)
DA:23,0
DA:24,0
DA:25,0
DA:28,0
DA:30,0
DA:38,0
DA:40,0
DA:56,0
DA:78,0
DA:79,0
DA:82,0
LF:11
LH:0
BRDA:17,0,0,0
BRDA:19,1,0,0
BRDA:20,2,0,0
BRDA:21,3,0,0
BRF:4
BRH:0
end_of_record
TN:
SF:components\DiaryItem.tsx
FN:16,(anonymous_0)
FNF:1
FNH:0
FNDA:0,(anonymous_0)
DA:16,0
DA:17,0
DA:18,0
DA:19,0
DA:20,0
DA:21,0
DA:36,0
LF:7
LH:0
BRDA:18,0,0,0
BRDA:18,0,1,0
BRDA:18,1,0,0
BRDA:18,1,1,0
BRDA:19,2,0,0
BRDA:19,2,1,0
BRDA:25,3,0,0
BRDA:25,3,1,0
BRDA:25,3,2,0
BRDA:30,4,0,0
BRDA:30,4,1,0
BRF:11
BRH:0
end_of_record
TN:
SF:components\HapticTab.tsx
FN:5,HapticTab
FN:9,(anonymous_1)
FNF:2
FNH:0
FNDA:0,HapticTab
FNDA:0,(anonymous_1)
DA:6,0
DA:10,0
DA:12,0
DA:14,0
LF:4
LH:0
BRDA:10,0,0,0
BRDA:10,0,1,0
BRF:2
BRH:0
end_of_record
TN:
SF:components\LanguageSelector.tsx
FN:14,LanguageSelector
FN:21,(anonymous_1)
FN:103,(anonymous_2)
FN:109,(anonymous_3)
FNF:4
FNH:0
FNDA:0,LanguageSelector
FNDA:0,(anonymous_1)
FNDA:0,(anonymous_2)
FNDA:0,(anonymous_3)
DA:15,0
DA:16,0
DA:17,0
DA:18,0
DA:21,0
DA:22,0
DA:24,0
DA:25,0
DA:26,0
DA:28,0
DA:32,0
DA:91,0
DA:104,0
DA:105,0
DA:109,0
LF:15
LH:0
BRDA:17,0,0,0
BRDA:17,0,1,0
BRDA:17,1,0,0
BRDA:17,1,1,0
BRDA:18,2,0,0
BRDA:18,2,1,0
BRDA:95,3,0,0
BRDA:95,3,1,0
BRDA:108,4,0,0
BRDA:108,4,1,0
BRDA:115,5,0,0
BRDA:115,5,1,0
BRDA:117,6,0,0
BRDA:117,6,1,0
BRDA:120,7,0,0
BRDA:120,7,1,0
BRF:16
BRH:0
end_of_record
TN:
SF:components\Logo.tsx
FN:12,Logo
FNF:1
FNH:0
FNDA:0,Logo
DA:13,0
LF:1
LH:0
BRDA:12,0,0,0
BRF:1
BRH:0
end_of_record
TN:
SF:components\OptimizedSkillCard.tsx
FN:22,(anonymous_0)
FN:50,(anonymous_1)
FN:57,(anonymous_2)
FN:72,(anonymous_3)
FN:75,(anonymous_4)
FN:100,(anonymous_5)
FN:108,(anonymous_6)
FN:124,(anonymous_7)
FN:132,(anonymous_8)
FN:139,(anonymous_9)
FN:146,(anonymous_10)
FN:150,(anonymous_11)
FN:154,(anonymous_12)
FN:157,(anonymous_13)
FN:166,(anonymous_14)
FN:172,(anonymous_15)
FN:176,(anonymous_16)
FN:180,(anonymous_17)
FN:368,(anonymous_18)
FNF:19
FNH:0
FNDA:0,(anonymous_0)
FNDA:0,(anonymous_1)
FNDA:0,(anonymous_2)
FNDA:0,(anonymous_3)
FNDA:0,(anonymous_4)
FNDA:0,(anonymous_5)
FNDA:0,(anonymous_6)
FNDA:0,(anonymous_7)
FNDA:0,(anonymous_8)
FNDA:0,(anonymous_9)
FNDA:0,(anonymous_10)
FNDA:0,(anonymous_11)
FNDA:0,(anonymous_12)
FNDA:0,(anonymous_13)
FNDA:0,(anonymous_14)
FNDA:0,(anonymous_15)
FNDA:0,(anonymous_16)
FNDA:0,(anonymous_17)
FNDA:0,(anonymous_18)
DA:22,0
DA:34,0
DA:35,0
DA:36,0
DA:38,0
DA:39,0
DA:40,0
DA:43,0
DA:44,0
DA:45,0
DA:46,0
DA:47,0
DA:50,0
DA:51,0
DA:52,0
DA:53,0
DA:57,0
DA:58,0
DA:60,0
DA:61,0
DA:62,0
DA:63,0
DA:65,0
DA:66,0
DA:67,0
DA:68,0
DA:72,0
DA:75,0
DA:76,0
DA:77,0
DA:78,0
DA:79,0
DA:81,0
DA:82,0
DA:84,0
DA:85,0
DA:87,0
DA:88,0
DA:89,0
DA:92,0
DA:93,0
DA:98,0
DA:100,0
DA:101,0
DA:102,0
DA:108,0
DA:109,0
DA:110,0
DA:116,0
DA:122,0
DA:123,0
DA:124,0
DA:125,0
DA:126,0
DA:132,0
DA:133,0
DA:139,0
DA:140,0
DA:146,0
DA:147,0
DA:150,0
DA:151,0
DA:154,0
DA:157,0
DA:158,0
DA:166,0
DA:172,0
DA:173,0
DA:176,0
DA:180,0
DA:368,0
DA:369,0
DA:370,0
DA:374,0
DA:489,0
LF:75
LH:0
BRDA:31,0,0,0
BRDA:32,1,0,0
BRDA:35,2,0,0
BRDA:35,2,1,0
BRDA:35,3,0,0
BRDA:35,3,1,0
BRDA:36,4,0,0
BRDA:36,4,1,0
BRDA:40,5,0,0
BRDA:40,5,1,0
BRDA:51,6,0,0
BRDA:51,6,1,0
BRDA:52,7,0,0
BRDA:52,7,1,0
BRDA:58,8,0,0
BRDA:58,8,1,0
BRDA:65,9,0,0
BRDA:65,9,1,0
BRDA:66,10,0,0
BRDA:66,10,1,0
BRDA:67,11,0,0
BRDA:67,11,1,0
BRDA:76,12,0,0
BRDA:76,12,1,0
BRDA:78,13,0,0
BRDA:78,13,1,0
BRDA:78,14,0,0
BRDA:78,14,1,0
BRDA:79,15,0,0
BRDA:79,15,1,0
BRDA:79,16,0,0
BRDA:79,16,1,0
BRDA:82,17,0,0
BRDA:82,17,1,0
BRDA:84,18,0,0
BRDA:84,18,1,0
BRDA:85,19,0,0
BRDA:85,19,1,0
BRDA:88,20,0,0
BRDA:88,20,1,0
BRDA:89,21,0,0
BRDA:89,21,1,0
BRDA:92,22,0,0
BRDA:92,22,1,0
BRDA:93,23,0,0
BRDA:93,23,1,0
BRDA:101,24,0,0
BRDA:101,24,1,0
BRDA:109,25,0,0
BRDA:109,25,1,0
BRDA:200,26,0,0
BRDA:200,26,1,0
BRDA:325,27,0,0
BRDA:325,27,1,0
BRDA:370,28,0,0
BRDA:370,28,1,0
BRDA:379,29,0,0
BRDA:379,29,1,0
BRDA:396,30,0,0
BRDA:396,30,1,0
BRDA:398,31,0,0
BRDA:398,31,1,0
BRDA:406,32,0,0
BRDA:406,32,1,0
BRDA:449,33,0,0
BRDA:449,33,1,0
BRDA:476,34,0,0
BRDA:476,34,1,0
BRF:68
BRH:0
end_of_record
TN:
SF:components\PerformanceDashboard.tsx
FN:27,(anonymous_0)
FN:39,(anonymous_1)
FN:48,(anonymous_2)
FN:50,(anonymous_3)
FN:57,(anonymous_4)
FN:59,(anonymous_5)
FN:62,(anonymous_6)
FN:63,(anonymous_7)
FN:64,(anonymous_8)
FN:87,(anonymous_9)
FN:93,(anonymous_10)
FN:245,(anonymous_11)
FN:281,(anonymous_12)
FN:289,(anonymous_13)
FN:298,(anonymous_14)
FN:323,(anonymous_15)
FNF:16
FNH:0
FNDA:0,(anonymous_0)
FNDA:0,(anonymous_1)
FNDA:0,(anonymous_2)
FNDA:0,(anonymous_3)
FNDA:0,(anonymous_4)
FNDA:0,(anonymous_5)
FNDA:0,(anonymous_6)
FNDA:0,(anonymous_7)
FNDA:0,(anonymous_8)
FNDA:0,(anonymous_9)
FNDA:0,(anonymous_10)
FNDA:0,(anonymous_11)
FNDA:0,(anonymous_12)
FNDA:0,(anonymous_13)
FNDA:0,(anonymous_14)
FNDA:0,(anonymous_15)
DA:27,0
DA:32,0
DA:33,0
DA:34,0
DA:36,0
DA:37,0
DA:39,0
DA:40,0
DA:49,0
DA:50,0
DA:57,0
DA:58,0
DA:59,0
DA:62,0
DA:63,0
DA:64,0
DA:67,0
DA:70,0
DA:71,0
DA:72,0
DA:75,0
DA:76,0
DA:79,0
DA:80,0
DA:81,0
DA:84,0
DA:87,0
DA:88,0
DA:89,0
DA:90,0
DA:93,0
DA:94,0
DA:95,0
DA:96,0
DA:97,0
DA:100,0
DA:101,0
DA:102,0
DA:104,0
DA:239,0
DA:245,0
DA:281,0
DA:289,0
DA:299,0
DA:324,0
LF:45
LH:0
BRDA:33,0,0,0
BRDA:33,0,1,0
BRDA:33,1,0,0
BRDA:33,1,1,0
BRDA:34,2,0,0
BRDA:34,2,1,0
BRDA:64,3,0,0
BRDA:64,3,1,0
BRDA:70,4,0,0
BRDA:70,4,1,0
BRDA:71,5,0,0
BRDA:71,5,1,0
BRDA:72,6,0,0
BRDA:72,6,1,0
BRDA:75,7,0,0
BRDA:75,7,1,0
BRDA:76,8,0,0
BRDA:76,8,1,0
BRDA:79,9,0,0
BRDA:79,9,1,0
BRDA:79,10,0,0
BRDA:79,10,1,0
BRDA:81,11,0,0
BRDA:81,11,1,0
BRDA:88,12,0,0
BRDA:88,12,1,0
BRDA:89,13,0,0
BRDA:89,13,1,0
BRDA:89,14,0,0
BRDA:89,14,1,0
BRDA:94,15,0,0
BRDA:94,15,1,0
BRDA:95,16,0,0
BRDA:95,16,1,0
BRDA:96,17,0,0
BRDA:96,17,1,0
BRDA:248,18,0,0
BRDA:248,18,1,0
BRDA:271,19,0,0
BRDA:271,19,1,0
BRDA:288,20,0,0
BRDA:288,20,1,0
BRDA:295,21,0,0
BRDA:295,21,1,0
BRDA:320,22,0,0
BRDA:320,22,1,0
BRDA:326,23,0,0
BRDA:326,23,1,0
BRF:48
BRH:0
end_of_record
TN:
SF:components\ProfilePicture.tsx
FN:27,(anonymous_0)
FN:45,(anonymous_1)
FN:51,(anonymous_2)
FN:54,(anonymous_3)
FN:60,(anonymous_4)
FN:70,(anonymous_5)
FN:80,(anonymous_6)
FN:97,(anonymous_7)
FN:103,(anonymous_8)
FN:126,(anonymous_9)
FN:149,(anonymous_10)
FN:172,(anonymous_11)
FN:195,(anonymous_12)
FN:210,(anonymous_13)
FN:259,(anonymous_14)
FN:264,(anonymous_15)
FNF:16
FNH:0
FNDA:0,(anonymous_0)
FNDA:0,(anonymous_1)
FNDA:0,(anonymous_2)
FNDA:0,(anonymous_3)
FNDA:0,(anonymous_4)
FNDA:0,(anonymous_5)
FNDA:0,(anonymous_6)
FNDA:0,(anonymous_7)
FNDA:0,(anonymous_8)
FNDA:0,(anonymous_9)
FNDA:0,(anonymous_10)
FNDA:0,(anonymous_11)
FNDA:0,(anonymous_12)
FNDA:0,(anonymous_13)
FNDA:0,(anonymous_14)
FNDA:0,(anonymous_15)
DA:27,0
DA:34,0
DA:35,0
DA:36,0
DA:38,0
DA:39,0
DA:41,0
DA:42,0
DA:45,0
DA:46,0
DA:49,0
DA:50,0
DA:55,0
DA:60,0
DA:61,0
DA:63,0
DA:70,0
DA:71,0
DA:73,0
DA:80,0
DA:81,0
DA:97,0
DA:98,0
DA:99,0
DA:103,0
DA:104,0
DA:107,0
DA:108,0
DA:110,0
DA:113,0
DA:114,0
DA:119,0
DA:122,0
DA:126,0
DA:127,0
DA:129,0
DA:130,0
DA:132,0
DA:133,0
DA:139,0
DA:140,0
DA:143,0
DA:144,0
DA:149,0
DA:150,0
DA:152,0
DA:153,0
DA:155,0
DA:156,0
DA:162,0
DA:163,0
DA:166,0
DA:167,0
DA:172,0
DA:173,0
DA:174,0
DA:175,0
DA:176,0
DA:178,0
DA:180,0
DA:181,0
DA:182,0
DA:183,0
DA:186,0
DA:187,0
DA:188,0
DA:190,0
DA:191,0
DA:195,0
DA:196,0
DA:198,0
DA:210,0
DA:211,0
DA:212,0
DA:213,0
DA:214,0
DA:215,0
DA:216,0
DA:218,0
DA:219,0
DA:221,0
DA:225,0
DA:231,0
DA:237,0
DA:260,0
DA:261,0
DA:262,0
DA:301,0
LF:88
LH:0
BRDA:30,0,0,0
BRDA:32,1,0,0
BRDA:35,2,0,0
BRDA:35,2,1,0
BRDA:35,3,0,0
BRDA:35,3,1,0
BRDA:36,4,0,0
BRDA:36,4,1,0
BRDA:49,5,0,0
BRDA:49,5,1,0
BRDA:61,6,0,0
BRDA:61,6,1,0
BRDA:71,7,0,0
BRDA:71,7,1,0
BRDA:103,8,0,0
BRDA:104,9,0,0
BRDA:104,9,1,0
BRDA:107,10,0,0
BRDA:107,10,1,0
BRDA:113,11,0,0
BRDA:113,11,1,0
BRDA:116,12,0,0
BRDA:116,12,1,0
BRDA:116,13,0,0
BRDA:116,13,1,0
BRDA:127,14,0,0
BRDA:127,14,1,0
BRDA:130,15,0,0
BRDA:130,15,1,0
BRDA:139,16,0,0
BRDA:139,16,1,0
BRDA:139,17,0,0
BRDA:139,17,1,0
BRDA:139,17,2,0
BRDA:150,18,0,0
BRDA:150,18,1,0
BRDA:153,19,0,0
BRDA:153,19,1,0
BRDA:162,20,0,0
BRDA:162,20,1,0
BRDA:162,21,0,0
BRDA:162,21,1,0
BRDA:180,22,0,0
BRDA:180,22,1,0
BRDA:196,23,0,0
BRDA:196,23,1,0
BRDA:205,24,0,0
BRDA:205,24,1,0
BRDA:244,25,0,0
BRDA:244,25,1,0
BRDA:245,26,0,0
BRDA:245,26,1,0
BRDA:247,27,0,0
BRDA:247,27,1,0
BRDA:274,28,0,0
BRDA:274,28,1,0
BRDA:291,29,0,0
BRDA:291,29,1,0
BRDA:291,29,2,0
BRF:59
BRH:0
end_of_record
TN:
SF:components\ProgressBar.tsx
FN:18,(anonymous_0)
FNF:1
FNH:1
FNDA:3,(anonymous_0)
DA:18,1
DA:19,3
DA:20,3
DA:21,3
DA:22,3
DA:23,3
DA:25,3
DA:39,1
LF:8
LH:8
BRDA:18,0,0,2
BRDA:20,1,0,3
BRDA:20,1,1,0
BRDA:20,2,0,3
BRDA:20,2,1,0
BRDA:21,3,0,3
BRDA:21,3,1,0
BRDA:22,4,0,1
BRDA:22,4,1,2
BRF:9
BRH:6
end_of_record
TN:
SF:components\RecentActivity.tsx
FN:19,RecentActivity
FN:25,(anonymous_1)
FN:28,(anonymous_2)
FN:29,(anonymous_3)
FN:34,(anonymous_4)
FN:39,(anonymous_5)
FN:56,(anonymous_6)
FN:60,(anonymous_7)
FNF:8
FNH:0
FNDA:0,RecentActivity
FNDA:0,(anonymous_1)
FNDA:0,(anonymous_2)
FNDA:0,(anonymous_3)
FNDA:0,(anonymous_4)
FNDA:0,(anonymous_5)
FNDA:0,(anonymous_6)
FNDA:0,(anonymous_7)
DA:20,0
DA:21,0
DA:22,0
DA:25,0
DA:26,0
DA:27,0
DA:28,0
DA:30,0
DA:31,0
DA:32,0
DA:34,0
DA:39,0
DA:40,0
DA:41,0
DA:42,0
DA:43,0
DA:44,0
DA:47,0
DA:49,0
DA:57,0
DA:60,0
DA:83,0
LF:22
LH:0
BRDA:21,0,0,0
BRDA:21,0,1,0
BRDA:21,1,0,0
BRDA:21,1,1,0
BRDA:22,2,0,0
BRDA:22,2,1,0
BRDA:40,3,0,0
BRDA:40,3,1,0
BRDA:41,4,0,0
BRDA:41,4,1,0
BRDA:42,5,0,0
BRDA:42,5,1,0
BRDA:43,6,0,0
BRDA:43,6,1,0
BRDA:47,7,0,0
BRDA:47,7,1,0
BRF:16
BRH:0
end_of_record
TN:
SF:components\SkillCard.tsx
FN:21,SkillCard
FN:49,(anonymous_1)
FN:65,(anonymous_2)
FN:72,(anonymous_3)
FN:79,(anonymous_4)
FN:86,(anonymous_5)
FN:90,(anonymous_6)
FN:94,(anonymous_7)
FN:97,(anonymous_8)
FN:106,(anonymous_9)
FN:112,(anonymous_10)
FN:116,(anonymous_11)
FN:120,(anonymous_12)
FN:121,(anonymous_13)
FN:146,(anonymous_14)
FNF:15
FNH:9
FNDA:3,SkillCard
FNDA:3,(anonymous_1)
FNDA:3,(anonymous_2)
FNDA:0,(anonymous_3)
FNDA:0,(anonymous_4)
FNDA:1,(anonymous_5)
FNDA:1,(anonymous_6)
FNDA:1,(anonymous_7)
FNDA:0,(anonymous_8)
FNDA:0,(anonymous_9)
FNDA:0,(anonymous_10)
FNDA:0,(anonymous_11)
FNDA:3,(anonymous_12)
FNDA:3,(anonymous_13)
FNDA:3,(anonymous_14)
DA:33,3
DA:34,3
DA:35,3
DA:37,3
DA:38,3
DA:39,3
DA:42,3
DA:43,3
DA:44,3
DA:45,3
DA:46,3
DA:49,3
DA:50,3
DA:51,3
DA:57,3
DA:63,3
DA:64,3
DA:65,3
DA:66,3
DA:67,3
DA:72,3
DA:73,0
DA:79,3
DA:80,0
DA:86,3
DA:87,1
DA:90,3
DA:91,1
DA:94,1
DA:97,3
DA:98,0
DA:106,0
DA:112,3
DA:113,0
DA:116,0
DA:120,3
DA:121,3
DA:122,3
DA:123,0
DA:124,0
DA:125,0
DA:127,0
DA:128,0
DA:130,0
DA:131,0
DA:133,0
DA:134,0
DA:135,0
DA:138,3
DA:139,3
DA:143,3
DA:146,3
DA:147,3
DA:148,3
DA:149,3
DA:150,3
DA:152,3
DA:153,0
DA:154,0
DA:155,0
DA:159,3
DA:160,3
DA:161,3
DA:164,3
DA:352,3
LF:65
LH:46
BRDA:30,0,0,0
BRDA:31,1,0,0
BRDA:34,2,0,3
BRDA:34,2,1,0
BRDA:34,3,0,3
BRDA:34,3,1,0
BRDA:35,4,0,3
BRDA:35,4,1,0
BRDA:39,5,0,3
BRDA:39,5,1,0
BRDA:50,6,0,3
BRDA:50,6,1,0
BRDA:122,7,0,0
BRDA:122,7,1,3
BRDA:124,8,0,0
BRDA:124,8,1,0
BRDA:124,9,0,0
BRDA:124,9,1,0
BRDA:125,10,0,0
BRDA:125,10,1,0
BRDA:125,11,0,0
BRDA:125,11,1,0
BRDA:128,12,0,0
BRDA:128,12,1,0
BRDA:130,13,0,0
BRDA:130,13,1,0
BRDA:131,14,0,0
BRDA:131,14,1,0
BRDA:134,15,0,0
BRDA:134,15,1,0
BRDA:135,16,0,0
BRDA:135,16,1,0
BRDA:138,17,0,3
BRDA:138,17,1,0
BRDA:139,18,0,3
BRDA:139,18,1,0
BRDA:152,19,0,3
BRDA:152,19,1,0
BRDA:153,20,0,0
BRDA:153,20,1,0
BRDA:154,21,0,0
BRDA:154,21,1,0
BRDA:159,22,0,3
BRDA:159,22,1,0
BRDA:160,23,0,0
BRDA:160,23,1,3
BRDA:161,24,0,3
BRDA:161,24,1,0
BRDA:184,25,0,3
BRDA:184,25,1,0
BRDA:357,26,0,3
BRDA:357,26,1,0
BRDA:374,27,0,3
BRDA:374,27,1,0
BRDA:376,28,0,3
BRDA:376,28,1,3
BRDA:384,29,0,3
BRDA:384,29,1,3
BRDA:427,30,0,0
BRDA:427,30,1,3
BRDA:454,31,0,3
BRDA:454,31,1,3
BRF:62
BRH:22
end_of_record
TN:
SF:components\UniformLayout.tsx
FN:31,UniformLayout
FNF:1
FNH:0
FNDA:0,UniformLayout
DA:39,0
DA:40,0
DA:41,0
DA:44,0
DA:45,0
DA:47,0
DA:76,0
LF:7
LH:0
BRDA:34,0,0,0
BRDA:40,1,0,0
BRDA:40,1,1,0
BRDA:40,2,0,0
BRDA:40,2,1,0
BRDA:41,3,0,0
BRDA:41,3,1,0
BRDA:44,4,0,0
BRDA:44,4,1,0
BRDA:45,5,0,0
BRDA:45,5,1,0
BRDA:45,6,0,0
BRDA:45,6,1,0
BRDA:57,7,0,0
BRDA:57,7,1,0
BRDA:88,8,0,0
BRDA:88,8,1,0
BRF:17
BRH:0
end_of_record
TN:
SF:components\ui\IconSymbol.ios.tsx
FN:4,IconSymbol
FNF:1
FNH:0
FNDA:0,IconSymbol
DA:17,0
LF:1
LH:0
BRDA:6,0,0,0
BRDA:9,1,0,0
BRF:2
BRH:0
end_of_record
TN:
SF:components\ui\IconSymbol.tsx
FN:28,IconSymbol
FNF:1
FNH:0
FNDA:0,IconSymbol
DA:16,0
DA:40,0
LF:2
LH:0
BRDA:30,0,0,0
BRF:1
BRH:0
end_of_record
TN:
SF:components\ui\TabBarBackground.ios.tsx
FN:5,BlurTabBarBackground
FN:17,useBottomTabOverflow
FNF:2
FNH:0
FNDA:0,BlurTabBarBackground
FNDA:0,useBottomTabOverflow
DA:6,0
DA:18,0
LF:2
LH:0
BRF:0
BRH:0
end_of_record
TN:
SF:components\ui\TabBarBackground.tsx
FN:4,useBottomTabOverflow
FNF:1
FNH:0
FNDA:0,useBottomTabOverflow
DA:5,0
LF:1
LH:0
BRF:0
BRH:0
end_of_record
TN:
SF:context\AuthContext.tsx
FN:21,(anonymous_0)
FN:28,(anonymous_1)
FN:35,(anonymous_2)
FN:48,(anonymous_3)
FN:56,(anonymous_4)
FN:57,(anonymous_5)
FN:92,(anonymous_6)
FN:108,(anonymous_7)
FN:124,(anonymous_8)
FN:148,(anonymous_9)
FNF:10
FNH:7
FNDA:0,(anonymous_0)
FNDA:0,(anonymous_1)
FNDA:0,(anonymous_2)
FNDA:237,(anonymous_3)
FNDA:93,(anonymous_4)
FNDA:93,(anonymous_5)
FNDA:1,(anonymous_6)
FNDA:62,(anonymous_7)
FNDA:14,(anonymous_8)
FNDA:800,(anonymous_9)
DA:18,7
DA:21,7
DA:22,0
DA:23,0
DA:25,0
DA:28,7
DA:29,0
DA:30,0
DA:32,0
DA:35,7
DA:36,0
DA:37,0
DA:39,0
DA:48,7
DA:49,237
DA:50,237
DA:51,237
DA:56,237
DA:57,93
DA:58,93
DA:62,93
DA:65,93
DA:66,93
DA:67,93
DA:70,93
DA:71,92
DA:72,92
DA:73,16
DA:74,16
DA:80,0
DA:83,93
DA:86,93
DA:92,237
DA:93,1
DA:94,1
DA:95,1
DA:96,1
DA:97,1
DA:100,0
DA:101,0
DA:108,237
DA:109,62
DA:110,62
DA:111,62
DA:112,62
DA:113,62
DA:116,0
DA:117,0
DA:124,237
DA:125,14
DA:126,14
DA:127,14
DA:128,14
DA:130,0
DA:131,0
DA:135,237
DA:148,7
DA:149,800
DA:150,800
DA:151,0
DA:153,800
LF:61
LH:44
BRDA:22,0,0,0
BRDA:22,0,1,0
BRDA:29,1,0,0
BRDA:29,1,1,0
BRDA:36,2,0,0
BRDA:36,2,1,0
BRDA:65,3,0,93
BRDA:65,3,1,0
BRDA:70,4,0,92
BRDA:70,4,1,1
BRDA:70,5,0,93
BRDA:70,5,1,93
BRDA:70,5,2,92
BRDA:72,6,0,16
BRDA:72,6,1,76
BRDA:95,7,0,1
BRDA:95,7,1,0
BRDA:111,8,0,62
BRDA:111,8,1,0
BRDA:150,9,0,0
BRDA:150,9,1,800
BRF:21
BRH:11
end_of_record
TN:
SF:context\LanguageContext.tsx
FN:29,(anonymous_0)
FN:36,(anonymous_1)
FN:47,(anonymous_2)
FN:54,(anonymous_3)
FN:63,(anonymous_4)
FN:77,(anonymous_5)
FN:108,(anonymous_6)
FN:117,(anonymous_7)
FN:150,(anonymous_8)
FNF:9
FNH:4
FNDA:3,(anonymous_0)
FNDA:0,(anonymous_1)
FNDA:0,(anonymous_2)
FNDA:3,(anonymous_3)
FNDA:0,(anonymous_4)
FNDA:0,(anonymous_5)
FNDA:0,(anonymous_6)
FNDA:1,(anonymous_7)
FNDA:3,(anonymous_8)
DA:16,1
DA:19,1
DA:29,1
DA:30,3
DA:31,3
DA:32,3
DA:33,3
DA:36,3
DA:37,0
DA:38,0
DA:39,0
DA:40,0
DA:42,0
DA:47,3
DA:50,0
DA:54,3
DA:55,3
DA:56,3
DA:57,0
DA:60,3
DA:63,3
DA:64,0
DA:65,0
DA:68,0
DA:69,0
DA:70,0
DA:72,0
DA:73,0
DA:77,3
DA:78,0
DA:80,0
DA:81,0
DA:84,0
DA:85,0
DA:86,0
DA:87,0
DA:89,0
DA:92,0
DA:93,0
DA:94,0
DA:96,0
DA:97,0
DA:99,0
DA:102,0
DA:105,0
DA:108,3
DA:109,0
DA:114,0
DA:117,3
DA:118,1
DA:119,1
DA:120,1
DA:123,1
DA:128,1
DA:130,0
DA:132,1
DA:136,3
DA:150,1
DA:151,3
DA:152,3
DA:153,0
DA:155,3
LF:62
LH:28
BRDA:38,0,0,0
BRDA:38,0,1,0
BRDA:56,1,0,0
BRDA:56,1,1,3
BRDA:56,2,0,3
BRDA:56,2,1,3
BRDA:60,3,0,3
BRDA:60,3,1,3
BRDA:64,4,0,0
BRDA:64,4,1,0
BRDA:64,5,0,0
BRDA:64,5,1,0
BRDA:78,6,0,0
BRDA:78,6,1,0
BRDA:80,7,0,0
BRDA:80,7,1,0
BRDA:84,8,0,0
BRDA:84,8,1,0
BRDA:92,9,0,0
BRDA:92,9,1,0
BRDA:92,10,0,0
BRDA:92,10,1,0
BRDA:96,11,0,0
BRDA:96,11,1,0
BRDA:123,12,0,1
BRDA:123,12,1,0
BRDA:152,13,0,0
BRDA:152,13,1,3
BRF:28
BRH:7
end_of_record
TN:
SF:context\OptimizedSkillsContext.tsx
FN:57,(anonymous_0)
FN:67,(anonymous_1)
FN:68,(anonymous_2)
FN:98,(anonymous_3)
FN:108,(anonymous_4)
FN:116,(anonymous_5)
FN:117,(anonymous_6)
FN:132,(anonymous_7)
FN:138,(anonymous_8)
FN:138,(anonymous_9)
FN:148,(anonymous_10)
FN:169,(anonymous_11)
FN:173,(anonymous_12)
FN:186,(anonymous_13)
FN:187,(anonymous_14)
FN:208,(anonymous_15)
FN:222,(anonymous_16)
FN:236,(anonymous_17)
FN:237,(anonymous_18)
FN:260,(anonymous_19)
FN:275,(anonymous_20)
FN:280,(anonymous_21)
FN:291,(anonymous_22)
FN:292,(anonymous_23)
FN:297,(anonymous_24)
FN:320,(anonymous_25)
FN:334,(anonymous_26)
FN:343,(anonymous_27)
FN:350,(anonymous_28)
FN:355,(anonymous_29)
FN:362,(anonymous_30)
FN:379,(anonymous_31)
FN:384,(anonymous_32)
FN:403,(anonymous_33)
FN:406,(anonymous_34)
FN:418,(anonymous_35)
FN:425,(anonymous_36)
FN:457,(anonymous_37)
FNF:38
FNH:14
FNDA:83,(anonymous_0)
FNDA:63,(anonymous_1)
FNDA:57,(anonymous_2)
FNDA:57,(anonymous_3)
FNDA:0,(anonymous_4)
FNDA:0,(anonymous_5)
FNDA:0,(anonymous_6)
FNDA:0,(anonymous_7)
FNDA:0,(anonymous_8)
FNDA:0,(anonymous_9)
FNDA:0,(anonymous_10)
FNDA:0,(anonymous_11)
FNDA:0,(anonymous_12)
FNDA:0,(anonymous_13)
FNDA:0,(anonymous_14)
FNDA:0,(anonymous_15)
FNDA:0,(anonymous_16)
FNDA:0,(anonymous_17)
FNDA:0,(anonymous_18)
FNDA:20,(anonymous_19)
FNDA:400,(anonymous_20)
FNDA:0,(anonymous_21)
FNDA:0,(anonymous_22)
FNDA:0,(anonymous_23)
FNDA:0,(anonymous_24)
FNDA:0,(anonymous_25)
FNDA:30,(anonymous_26)
FNDA:0,(anonymous_27)
FNDA:73,(anonymous_28)
FNDA:760,(anonymous_29)
FNDA:0,(anonymous_30)
FNDA:108,(anonymous_31)
FNDA:5400,(anonymous_32)
FNDA:0,(anonymous_33)
FNDA:0,(anonymous_34)
FNDA:4,(anonymous_35)
FNDA:1,(anonymous_36)
FNDA:83,(anonymous_37)
DA:55,1
DA:57,1
DA:58,83
DA:59,83
DA:60,83
DA:61,83
DA:62,83
DA:64,83
DA:67,83
DA:69,57
DA:71,57
DA:72,57
DA:74,57
DA:75,57
DA:84,57
DA:98,57
DA:100,0
DA:101,0
DA:102,0
DA:104,57
DA:109,0
DA:111,0
DA:112,0
DA:114,0
DA:115,0
DA:116,0
DA:117,0
DA:118,0
DA:124,0
DA:125,0
DA:126,0
DA:128,0
DA:133,0
DA:134,0
DA:136,0
DA:137,0
DA:138,0
DA:140,0
DA:141,0
DA:142,0
DA:144,0
DA:149,0
DA:151,0
DA:152,0
DA:154,0
DA:155,0
DA:161,0
DA:169,0
DA:170,0
DA:173,0
DA:176,0
DA:177,0
DA:180,0
DA:186,0
DA:187,0
DA:188,0
DA:190,0
DA:200,0
DA:201,0
DA:202,0
DA:204,0
DA:209,0
DA:211,0
DA:212,0
DA:214,0
DA:215,0
DA:222,0
DA:223,0
DA:226,0
DA:227,0
DA:230,0
DA:236,0
DA:237,0
DA:238,0
DA:240,0
DA:250,0
DA:251,0
DA:252,0
DA:254,0
DA:260,83
DA:261,20
DA:263,20
DA:264,20
DA:266,20
DA:267,20
DA:269,20
DA:270,20
DA:271,20
DA:274,20
DA:277,400
DA:280,400
DA:287,400
DA:290,400
DA:291,0
DA:292,0
DA:295,400
DA:296,400
DA:297,0
DA:298,0
DA:301,400
DA:317,20
DA:318,20
DA:320,0
DA:323,20
DA:324,20
DA:326,0
DA:327,0
DA:329,20
DA:334,83
DA:335,30
DA:336,20
DA:337,10
DA:338,10
DA:343,83
DA:344,0
DA:345,0
DA:350,83
DA:351,73
DA:353,73
DA:354,73
DA:355,760
DA:362,0
DA:374,0
DA:375,0
DA:379,83
DA:380,108
DA:382,108
DA:383,108
DA:384,5400
DA:398,0
DA:399,0
DA:403,83
DA:404,0
DA:405,0
DA:406,0
DA:413,0
DA:414,0
DA:418,83
DA:419,4
DA:425,83
DA:426,1
DA:429,83
DA:457,1
DA:458,83
DA:459,83
DA:460,0
DA:462,83
LF:147
LH:65
BRDA:69,0,0,0
BRDA:69,0,1,57
BRDA:87,1,0,57
BRDA:87,1,1,0
BRDA:94,2,0,57
BRDA:94,2,1,57
BRDA:95,3,0,57
BRDA:95,3,1,57
BRDA:101,4,0,0
BRDA:101,4,1,0
BRDA:109,5,0,0
BRDA:109,5,1,0
BRDA:118,6,0,0
BRDA:118,6,1,0
BRDA:125,7,0,0
BRDA:125,7,1,0
BRDA:141,8,0,0
BRDA:141,8,1,0
BRDA:148,9,0,0
BRDA:149,10,0,0
BRDA:149,10,1,0
BRDA:170,11,0,0
BRDA:170,11,1,0
BRDA:173,12,0,0
BRDA:173,12,1,0
BRDA:173,13,0,0
BRDA:173,13,1,0
BRDA:188,14,0,0
BRDA:188,14,1,0
BRDA:201,15,0,0
BRDA:201,15,1,0
BRDA:209,16,0,0
BRDA:209,16,1,0
BRDA:223,17,0,0
BRDA:223,17,1,0
BRDA:238,18,0,0
BRDA:238,18,1,0
BRDA:251,19,0,0
BRDA:251,19,1,0
BRDA:260,20,0,0
BRDA:260,21,0,0
BRDA:261,22,0,0
BRDA:261,22,1,20
BRDA:261,23,0,20
BRDA:261,23,1,20
BRDA:269,24,0,20
BRDA:269,24,1,0
BRDA:280,25,0,400
BRDA:280,25,1,0
BRDA:296,26,0,0
BRDA:296,26,1,400
BRDA:304,27,0,400
BRDA:304,27,1,0
BRDA:311,28,0,400
BRDA:311,28,1,14
BRDA:312,29,0,400
BRDA:312,29,1,3
BRDA:317,30,0,20
BRDA:317,30,1,0
BRDA:327,31,0,0
BRDA:327,31,1,0
BRDA:335,32,0,20
BRDA:335,32,1,10
BRDA:335,33,0,30
BRDA:335,33,1,30
BRDA:337,34,0,10
BRDA:337,34,1,0
BRDA:344,35,0,0
BRDA:344,35,1,0
BRDA:351,36,0,0
BRDA:351,36,1,73
BRDA:358,37,0,760
BRDA:358,37,1,0
BRDA:362,38,0,760
BRDA:362,38,1,0
BRDA:370,39,0,760
BRDA:370,39,1,22
BRDA:371,40,0,760
BRDA:371,40,1,5
BRDA:380,41,0,0
BRDA:380,41,1,108
BRDA:394,42,0,5400
BRDA:394,42,1,187
BRDA:395,43,0,5400
BRDA:395,43,1,46
BRDA:459,44,0,0
BRDA:459,44,1,83
BRF:87
BRH:36
end_of_record
TN:
SF:context\SkillsContext.tsx
FN:48,(anonymous_0)
FN:52,(anonymous_1)
FN:58,(anonymous_2)
FN:63,(anonymous_3)
FN:74,(anonymous_4)
FN:75,(anonymous_5)
FN:80,(anonymous_6)
FN:106,(anonymous_7)
FN:115,(anonymous_8)
FN:122,(anonymous_9)
FN:150,(anonymous_10)
FN:158,(anonymous_11)
FN:163,(anonymous_12)
FN:164,(anonymous_13)
FN:176,(anonymous_14)
FN:181,(anonymous_15)
FN:181,(anonymous_16)
FN:189,(anonymous_17)
FN:207,(anonymous_18)
FN:211,(anonymous_19)
FN:224,(anonymous_20)
FN:225,(anonymous_21)
FN:244,(anonymous_22)
FN:255,(anonymous_23)
FN:269,(anonymous_24)
FN:270,(anonymous_25)
FN:299,(anonymous_26)
FNF:27
FNH:12
FNDA:337,(anonymous_0)
FNDA:32,(anonymous_1)
FNDA:0,(anonymous_2)
FNDA:0,(anonymous_3)
FNDA:0,(anonymous_4)
FNDA:0,(anonymous_5)
FNDA:0,(anonymous_6)
FNDA:123,(anonymous_7)
FNDA:0,(anonymous_8)
FNDA:428,(anonymous_9)
FNDA:428,(anonymous_10)
FNDA:53,(anonymous_11)
FNDA:52,(anonymous_12)
FNDA:2502,(anonymous_13)
FNDA:3,(anonymous_14)
FNDA:3,(anonymous_15)
FNDA:2,(anonymous_16)
FNDA:0,(anonymous_17)
FNDA:0,(anonymous_18)
FNDA:0,(anonymous_19)
FNDA:0,(anonymous_20)
FNDA:0,(anonymous_21)
FNDA:0,(anonymous_22)
FNDA:0,(anonymous_23)
FNDA:0,(anonymous_24)
FNDA:0,(anonymous_25)
FNDA:249,(anonymous_26)
DA:46,5
DA:48,5
DA:49,337
DA:50,337
DA:52,337
DA:53,32
DA:55,32
DA:56,32
DA:57,32
DA:60,0
DA:63,0
DA:70,0
DA:73,0
DA:74,0
DA:75,0
DA:78,0
DA:79,0
DA:80,0
DA:81,0
DA:84,0
DA:99,32
DA:101,0
DA:106,337
DA:108,123
DA:109,32
DA:110,91
DA:111,91
DA:115,337
DA:116,0
DA:117,0
DA:122,337
DA:125,428
DA:127,428
DA:128,428
DA:137,428
DA:150,428
DA:152,0
DA:153,0
DA:158,337
DA:159,53
DA:161,52
DA:162,52
DA:163,52
DA:164,52
DA:165,2502
DA:171,0
DA:172,0
DA:176,337
DA:177,3
DA:179,3
DA:180,3
DA:181,3
DA:183,0
DA:184,0
DA:189,337
DA:190,0
DA:192,0
DA:193,0
DA:199,0
DA:207,0
DA:208,0
DA:211,0
DA:214,0
DA:215,0
DA:218,0
DA:224,0
DA:225,0
DA:226,0
DA:228,0
DA:238,0
DA:239,0
DA:244,337
DA:245,0
DA:247,0
DA:248,0
DA:255,0
DA:256,0
DA:259,0
DA:260,0
DA:263,0
DA:269,0
DA:270,0
DA:271,0
DA:273,0
DA:283,0
DA:284,0
DA:288,337
DA:299,5
DA:300,249
DA:301,249
DA:302,0
DA:304,249
LF:92
LH:41
BRDA:53,0,0,0
BRDA:53,0,1,32
BRDA:53,1,0,32
BRDA:53,1,1,32
BRDA:63,2,0,0
BRDA:63,2,1,0
BRDA:79,3,0,0
BRDA:79,3,1,0
BRDA:87,4,0,0
BRDA:87,4,1,0
BRDA:94,5,0,0
BRDA:94,5,1,0
BRDA:95,6,0,0
BRDA:95,6,1,0
BRDA:108,7,0,32
BRDA:108,7,1,91
BRDA:108,8,0,123
BRDA:108,8,1,123
BRDA:110,9,0,91
BRDA:110,9,1,0
BRDA:116,10,0,0
BRDA:116,10,1,0
BRDA:125,11,0,0
BRDA:125,11,1,428
BRDA:125,12,0,428
BRDA:125,12,1,428
BRDA:140,13,0,428
BRDA:140,13,1,3
BRDA:147,14,0,428
BRDA:147,14,1,428
BRDA:148,15,0,428
BRDA:148,15,1,428
BRDA:159,16,0,1
BRDA:159,16,1,52
BRDA:165,17,0,52
BRDA:165,17,1,2450
BRDA:177,18,0,0
BRDA:177,18,1,3
BRDA:189,19,0,0
BRDA:190,20,0,0
BRDA:190,20,1,0
BRDA:190,21,0,0
BRDA:190,21,1,0
BRDA:208,22,0,0
BRDA:208,22,1,0
BRDA:211,23,0,0
BRDA:211,23,1,0
BRDA:211,24,0,0
BRDA:211,24,1,0
BRDA:226,25,0,0
BRDA:226,25,1,0
BRDA:245,26,0,0
BRDA:245,26,1,0
BRDA:245,27,0,0
BRDA:245,27,1,0
BRDA:256,28,0,0
BRDA:256,28,1,0
BRDA:271,29,0,0
BRDA:271,29,1,0
BRDA:301,30,0,0
BRDA:301,30,1,249
BRF:61
BRH:23
end_of_record
TN:
SF:context\ThemeContext.tsx
FN:17,(anonymous_0)
FN:24,(anonymous_1)
FN:25,(anonymous_2)
FN:33,(anonymous_3)
FN:34,(anonymous_4)
FN:43,(anonymous_5)
FN:47,(anonymous_6)
FN:59,(anonymous_7)
FNF:8
FNH:7
FNDA:6,(anonymous_0)
FNDA:6,(anonymous_1)
FNDA:6,(anonymous_2)
FNDA:6,(anonymous_3)
FNDA:6,(anonymous_4)
FNDA:6,(anonymous_5)
FNDA:0,(anonymous_6)
FNDA:3,(anonymous_7)
DA:13,2
DA:15,2
DA:17,2
DA:18,6
DA:19,6
DA:24,6
DA:25,6
DA:26,6
DA:27,0
DA:33,6
DA:34,6
DA:35,6
DA:41,6
DA:42,6
DA:43,6
DA:47,6
DA:48,0
DA:49,0
DA:52,6
DA:59,2
DA:60,3
DA:61,3
DA:62,3
LF:23
LH:20
BRDA:20,0,0,0
BRDA:20,0,1,6
BRDA:26,1,0,0
BRDA:26,1,1,6
BRDA:26,2,0,6
BRDA:26,2,1,6
BRDA:26,2,2,6
BRDA:36,3,0,6
BRDA:36,3,1,0
BRDA:37,4,0,0
BRDA:37,4,1,6
BRDA:61,5,0,0
BRDA:61,5,1,3
BRF:13
BRH:8
end_of_record
TN:
SF:services\googleTranslateAPI.ts
FN:9,(anonymous_0)
FN:13,(anonymous_1)
FN:63,(anonymous_2)
FN:73,(anonymous_3)
FN:74,(anonymous_4)
FN:103,(anonymous_5)
FN:107,(anonymous_6)
FN:123,(anonymous_7)
FNF:8
FNH:2
FNDA:4,(anonymous_0)
FNDA:5,(anonymous_1)
FNDA:0,(anonymous_2)
FNDA:0,(anonymous_3)
FNDA:0,(anonymous_4)
FNDA:0,(anonymous_5)
FNDA:0,(anonymous_6)
FNDA:0,(anonymous_7)
DA:7,1
DA:10,4
DA:14,5
DA:15,1
DA:18,4
DA:19,1
DA:23,3
DA:24,1
DA:27,2
DA:28,2
DA:43,2
DA:44,1
DA:47,1
DA:49,1
DA:50,1
DA:55,0
DA:58,1
DA:59,1
DA:64,0
DA:65,0
DA:68,0
DA:69,0
DA:73,0
DA:74,0
DA:76,0
DA:77,0
DA:80,0
DA:81,0
DA:96,0
DA:97,0
DA:100,0
DA:102,0
DA:103,0
DA:106,0
DA:107,0
DA:108,0
DA:109,0
DA:111,0
DA:115,0
DA:118,0
DA:119,0
DA:124,0
LF:42
LH:17
BRDA:14,0,0,1
BRDA:14,0,1,4
BRDA:18,1,0,1
BRDA:18,1,1,3
BRDA:23,2,0,1
BRDA:23,2,1,2
BRDA:43,3,0,1
BRDA:43,3,1,1
BRDA:49,4,0,1
BRDA:49,4,1,0
BRDA:49,5,0,1
BRDA:49,5,1,1
BRDA:49,5,2,1
BRDA:64,6,0,0
BRDA:64,6,1,0
BRDA:68,7,0,0
BRDA:68,7,1,0
BRDA:76,8,0,0
BRDA:76,8,1,0
BRDA:96,9,0,0
BRDA:96,9,1,0
BRDA:102,10,0,0
BRDA:102,10,1,0
BRDA:102,11,0,0
BRDA:102,11,1,0
BRDA:108,12,0,0
BRDA:108,12,1,0
BRF:27
BRH:12
end_of_record
TN:
SF:services\optimizedSupabaseService.ts
FN:16,(anonymous_0)
FN:24,(anonymous_1)
FN:37,(anonymous_2)
FN:45,(anonymous_3)
FN:50,(anonymous_4)
FN:64,(anonymous_5)
FN:72,(anonymous_6)
FN:80,(anonymous_7)
FN:90,(anonymous_8)
FN:108,(anonymous_9)
FN:145,(anonymous_10)
FN:169,(anonymous_11)
FN:180,(anonymous_12)
FN:200,(anonymous_13)
FN:205,(anonymous_14)
FN:225,(anonymous_15)
FN:230,(anonymous_16)
FN:246,(anonymous_17)
FN:251,(anonymous_18)
FN:277,(anonymous_19)
FN:286,(anonymous_20)
FN:303,(anonymous_21)
FN:318,(anonymous_22)
FN:330,(anonymous_23)
FN:345,(anonymous_24)
FN:356,(anonymous_25)
FN:362,(anonymous_26)
FN:367,(anonymous_27)
FN:371,(anonymous_28)
FN:375,(anonymous_29)
FN:380,(anonymous_30)
FN:391,(anonymous_31)
FN:403,(anonymous_32)
FN:465,(anonymous_33)
FN:466,(anonymous_34)
FN:501,(anonymous_35)
FN:502,(anonymous_36)
FN:543,(anonymous_37)
FN:544,(anonymous_38)
FN:553,(anonymous_39)
FN:554,(anonymous_40)
FN:561,(anonymous_41)
FN:562,(anonymous_42)
FN:576,(anonymous_43)
FN:577,(anonymous_44)
FN:589,(anonymous_45)
FN:590,(anonymous_46)
FN:606,(anonymous_47)
FN:607,(anonymous_48)
FN:624,(anonymous_49)
FN:625,(anonymous_50)
FN:638,(anonymous_51)
FN:639,(anonymous_52)
FN:656,(anonymous_53)
FN:657,(anonymous_54)
FN:670,(anonymous_55)
FN:671,(anonymous_56)
FN:681,(anonymous_57)
FN:682,(anonymous_58)
FN:698,(anonymous_59)
FN:701,(anonymous_60)
FN:713,(anonymous_61)
FN:716,(anonymous_62)
FN:731,(anonymous_63)
FN:735,(anonymous_64)
FN:746,(anonymous_65)
FNF:66
FNH:0
FNDA:0,(anonymous_0)
FNDA:0,(anonymous_1)
FNDA:0,(anonymous_2)
FNDA:0,(anonymous_3)
FNDA:0,(anonymous_4)
FNDA:0,(anonymous_5)
FNDA:0,(anonymous_6)
FNDA:0,(anonymous_7)
FNDA:0,(anonymous_8)
FNDA:0,(anonymous_9)
FNDA:0,(anonymous_10)
FNDA:0,(anonymous_11)
FNDA:0,(anonymous_12)
FNDA:0,(anonymous_13)
FNDA:0,(anonymous_14)
FNDA:0,(anonymous_15)
FNDA:0,(anonymous_16)
FNDA:0,(anonymous_17)
FNDA:0,(anonymous_18)
FNDA:0,(anonymous_19)
FNDA:0,(anonymous_20)
FNDA:0,(anonymous_21)
FNDA:0,(anonymous_22)
FNDA:0,(anonymous_23)
FNDA:0,(anonymous_24)
FNDA:0,(anonymous_25)
FNDA:0,(anonymous_26)
FNDA:0,(anonymous_27)
FNDA:0,(anonymous_28)
FNDA:0,(anonymous_29)
FNDA:0,(anonymous_30)
FNDA:0,(anonymous_31)
FNDA:0,(anonymous_32)
FNDA:0,(anonymous_33)
FNDA:0,(anonymous_34)
FNDA:0,(anonymous_35)
FNDA:0,(anonymous_36)
FNDA:0,(anonymous_37)
FNDA:0,(anonymous_38)
FNDA:0,(anonymous_39)
FNDA:0,(anonymous_40)
FNDA:0,(anonymous_41)
FNDA:0,(anonymous_42)
FNDA:0,(anonymous_43)
FNDA:0,(anonymous_44)
FNDA:0,(anonymous_45)
FNDA:0,(anonymous_46)
FNDA:0,(anonymous_47)
FNDA:0,(anonymous_48)
FNDA:0,(anonymous_49)
FNDA:0,(anonymous_50)
FNDA:0,(anonymous_51)
FNDA:0,(anonymous_52)
FNDA:0,(anonymous_53)
FNDA:0,(anonymous_54)
FNDA:0,(anonymous_55)
FNDA:0,(anonymous_56)
FNDA:0,(anonymous_57)
FNDA:0,(anonymous_58)
FNDA:0,(anonymous_59)
FNDA:0,(anonymous_60)
FNDA:0,(anonymous_61)
FNDA:0,(anonymous_62)
FNDA:0,(anonymous_63)
FNDA:0,(anonymous_64)
FNDA:0,(anonymous_65)
DA:13,0
DA:14,0
DA:17,0
DA:25,0
DA:26,0
DA:28,0
DA:29,0
DA:30,0
DA:31,0
DA:34,0
DA:38,0
DA:39,0
DA:40,0
DA:46,0
DA:51,0
DA:61,0
DA:62,0
DA:65,0
DA:66,0
DA:68,0
DA:73,0
DA:74,0
DA:75,0
DA:76,0
DA:77,0
DA:81,0
DA:86,0
DA:87,0
DA:91,0
DA:92,0
DA:95,0
DA:97,0
DA:99,0
DA:101,0
DA:103,0
DA:114,0
DA:117,0
DA:118,0
DA:119,0
DA:120,0
DA:121,0
DA:125,0
DA:126,0
DA:129,0
DA:130,0
DA:133,0
DA:134,0
DA:136,0
DA:138,0
DA:139,0
DA:140,0
DA:146,0
DA:148,0
DA:149,0
DA:154,0
DA:156,0
DA:157,0
DA:160,0
DA:162,0
DA:164,0
DA:176,0
DA:178,0
DA:181,0
DA:191,0
DA:192,0
DA:201,0
DA:203,0
DA:206,0
DA:216,0
DA:217,0
DA:226,0
DA:228,0
DA:231,0
DA:237,0
DA:238,0
DA:247,0
DA:249,0
DA:253,0
DA:268,0
DA:269,0
DA:282,0
DA:284,0
DA:287,0
DA:294,0
DA:295,0
DA:304,0
DA:306,0
DA:307,0
DA:312,0
DA:314,0
DA:315,0
DA:318,0
DA:319,0
DA:320,0
DA:323,0
DA:325,0
DA:331,0
DA:333,0
DA:334,0
DA:339,0
DA:341,0
DA:342,0
DA:345,0
DA:346,0
DA:349,0
DA:351,0
DA:357,0
DA:358,0
DA:359,0
DA:363,0
DA:364,0
DA:368,0
DA:372,0
DA:376,0
DA:381,0
DA:393,0
DA:394,0
DA:399,0
DA:404,0
DA:406,0
DA:407,0
DA:408,0
DA:412,0
DA:416,0
DA:419,0
DA:422,0
DA:423,0
DA:424,0
DA:427,0
DA:428,0
DA:429,0
DA:430,0
DA:434,0
DA:442,0
DA:443,0
DA:444,0
DA:448,0
DA:452,0
DA:455,0
DA:457,0
DA:459,0
DA:460,0
DA:466,0
DA:467,0
DA:475,0
DA:478,0
DA:479,0
DA:480,0
DA:488,0
DA:489,0
DA:490,0
DA:493,0
DA:497,0
DA:502,0
DA:503,0
DA:508,0
DA:511,0
DA:512,0
DA:513,0
DA:519,0
DA:520,0
DA:528,0
DA:529,0
DA:531,0
DA:532,0
DA:535,0
DA:539,0
DA:544,0
DA:545,0
DA:546,0
DA:549,0
DA:554,0
DA:555,0
DA:556,0
DA:557,0
DA:562,0
DA:563,0
DA:570,0
DA:571,0
DA:577,0
DA:578,0
DA:584,0
DA:585,0
DA:590,0
DA:591,0
DA:597,0
DA:600,0
DA:602,0
DA:607,0
DA:608,0
DA:615,0
DA:618,0
DA:620,0
DA:625,0
DA:626,0
DA:631,0
DA:634,0
DA:639,0
DA:640,0
DA:646,0
DA:649,0
DA:650,0
DA:652,0
DA:657,0
DA:658,0
DA:665,0
DA:666,0
DA:671,0
DA:672,0
DA:677,0
DA:682,0
DA:683,0
DA:689,0
DA:692,0
DA:694,0
DA:699,0
DA:701,0
DA:702,0
DA:708,0
DA:709,0
DA:714,0
DA:716,0
DA:717,0
DA:726,0
DA:727,0
DA:732,0
DA:736,0
DA:748,0
DA:749,0
DA:750,0
LF:230
LH:0
BRDA:16,0,0,0
BRDA:26,1,0,0
BRDA:26,1,1,0
BRDA:29,2,0,0
BRDA:29,2,1,0
BRDA:39,3,0,0
BRDA:39,3,1,0
BRDA:65,4,0,0
BRDA:65,4,1,0
BRDA:73,5,0,0
BRDA:73,5,1,0
BRDA:92,6,0,0
BRDA:92,6,1,0
BRDA:92,6,2,0
BRDA:92,6,3,0
BRDA:92,6,4,0
BRDA:92,6,5,0
BRDA:117,7,0,0
BRDA:117,7,1,0
BRDA:119,8,0,0
BRDA:119,8,1,0
BRDA:129,9,0,0
BRDA:129,9,1,0
BRDA:129,10,0,0
BRDA:129,10,1,0
BRDA:154,11,0,0
BRDA:154,11,1,0
BRDA:171,12,0,0
BRDA:172,13,0,0
BRDA:173,14,0,0
BRDA:174,15,0,0
BRDA:191,16,0,0
BRDA:191,16,1,0
BRDA:192,17,0,0
BRDA:192,17,1,0
BRDA:216,18,0,0
BRDA:216,18,1,0
BRDA:237,19,0,0
BRDA:237,19,1,0
BRDA:238,20,0,0
BRDA:238,20,1,0
BRDA:268,21,0,0
BRDA:268,21,1,0
BRDA:269,22,0,0
BRDA:269,22,1,0
BRDA:279,23,0,0
BRDA:280,24,0,0
BRDA:294,25,0,0
BRDA:294,25,1,0
BRDA:295,26,0,0
BRDA:295,26,1,0
BRDA:312,27,0,0
BRDA:312,27,1,0
BRDA:339,28,0,0
BRDA:339,28,1,0
BRDA:407,29,0,0
BRDA:407,29,1,0
BRDA:412,30,0,0
BRDA:412,30,1,0
BRDA:416,31,0,0
BRDA:416,31,1,0
BRDA:422,32,0,0
BRDA:422,32,1,0
BRDA:442,33,0,0
BRDA:442,33,1,0
BRDA:475,34,0,0
BRDA:475,34,1,0
BRDA:478,35,0,0
BRDA:478,35,1,0
BRDA:485,36,0,0
BRDA:485,36,1,0
BRDA:485,36,2,0
BRDA:488,37,0,0
BRDA:488,37,1,0
BRDA:508,38,0,0
BRDA:508,38,1,0
BRDA:511,39,0,0
BRDA:511,39,1,0
BRDA:519,40,0,0
BRDA:519,40,1,0
BRDA:519,41,0,0
BRDA:519,41,1,0
BRDA:525,42,0,0
BRDA:525,42,1,0
BRDA:528,43,0,0
BRDA:528,43,1,0
BRDA:531,44,0,0
BRDA:531,44,1,0
BRDA:546,45,0,0
BRDA:546,45,1,0
BRDA:556,46,0,0
BRDA:556,46,1,0
BRDA:570,47,0,0
BRDA:570,47,1,0
BRDA:584,48,0,0
BRDA:584,48,1,0
BRDA:597,49,0,0
BRDA:597,49,1,0
BRDA:615,50,0,0
BRDA:615,50,1,0
BRDA:631,51,0,0
BRDA:631,51,1,0
BRDA:646,52,0,0
BRDA:646,52,1,0
BRDA:665,53,0,0
BRDA:665,53,1,0
BRDA:677,54,0,0
BRDA:677,54,1,0
BRDA:689,55,0,0
BRDA:689,55,1,0
BRDA:708,56,0,0
BRDA:708,56,1,0
BRDA:709,57,0,0
BRDA:709,57,1,0
BRDA:726,58,0,0
BRDA:726,58,1,0
BRDA:727,59,0,0
BRDA:727,59,1,0
BRF:118
BRH:0
end_of_record
TN:
SF:services\performanceMonitor.ts
FN:36,(anonymous_0)
FN:53,(anonymous_1)
FN:61,(anonymous_2)
FN:66,(anonymous_3)
FN:76,(anonymous_4)
FN:85,(anonymous_5)
FN:106,(anonymous_6)
FN:146,(anonymous_7)
FN:161,(anonymous_8)
FN:173,(anonymous_9)
FN:185,(anonymous_10)
FN:201,(anonymous_11)
FN:217,(anonymous_12)
FN:223,(anonymous_13)
FN:229,(anonymous_14)
FN:235,(anonymous_15)
FN:241,(anonymous_16)
FN:247,(anonymous_17)
FN:250,(anonymous_18)
FN:260,(anonymous_19)
FN:265,(anonymous_20)
FN:266,(anonymous_21)
FN:270,(anonymous_22)
FN:275,(anonymous_23)
FN:280,(anonymous_24)
FN:299,(anonymous_25)
FN:322,(anonymous_26)
FN:328,(anonymous_27)
FN:333,(anonymous_28)
FN:339,(anonymous_29)
FNF:30
FNH:0
FNDA:0,(anonymous_0)
FNDA:0,(anonymous_1)
FNDA:0,(anonymous_2)
FNDA:0,(anonymous_3)
FNDA:0,(anonymous_4)
FNDA:0,(anonymous_5)
FNDA:0,(anonymous_6)
FNDA:0,(anonymous_7)
FNDA:0,(anonymous_8)
FNDA:0,(anonymous_9)
FNDA:0,(anonymous_10)
FNDA:0,(anonymous_11)
FNDA:0,(anonymous_12)
FNDA:0,(anonymous_13)
FNDA:0,(anonymous_14)
FNDA:0,(anonymous_15)
FNDA:0,(anonymous_16)
FNDA:0,(anonymous_17)
FNDA:0,(anonymous_18)
FNDA:0,(anonymous_19)
FNDA:0,(anonymous_20)
FNDA:0,(anonymous_21)
FNDA:0,(anonymous_22)
FNDA:0,(anonymous_23)
FNDA:0,(anonymous_24)
FNDA:0,(anonymous_25)
FNDA:0,(anonymous_26)
FNDA:0,(anonymous_27)
FNDA:0,(anonymous_28)
FNDA:0,(anonymous_29)
DA:31,0
DA:33,0
DA:34,0
DA:37,0
DA:54,0
DA:55,0
DA:57,0
DA:62,0
DA:63,0
DA:66,0
DA:67,0
DA:68,0
DA:69,0
DA:72,0
DA:77,0
DA:78,0
DA:79,0
DA:81,0
DA:86,0
DA:87,0
DA:97,0
DA:100,0
DA:101,0
DA:107,0
DA:109,0
DA:110,0
DA:113,0
DA:114,0
DA:121,0
DA:122,0
DA:129,0
DA:130,0
DA:137,0
DA:138,0
DA:147,0
DA:149,0
DA:150,0
DA:151,0
DA:153,0
DA:154,0
DA:155,0
DA:156,0
DA:162,0
DA:164,0
DA:174,0
DA:176,0
DA:186,0
DA:191,0
DA:197,0
DA:202,0
DA:207,0
DA:213,0
DA:219,0
DA:225,0
DA:231,0
DA:237,0
DA:243,0
DA:248,0
DA:250,0
DA:251,0
DA:252,0
DA:254,0
DA:261,0
DA:266,0
DA:271,0
DA:276,0
DA:288,0
DA:289,0
DA:299,0
DA:306,0
DA:307,0
DA:311,0
DA:323,0
DA:324,0
DA:329,0
DA:334,0
DA:335,0
DA:340,0
LF:78
LH:0
BRDA:54,0,0,0
BRDA:54,0,1,0
BRDA:61,1,0,0
BRDA:62,2,0,0
BRDA:62,2,1,0
BRDA:77,3,0,0
BRDA:77,3,1,0
BRDA:89,4,0,0
BRDA:89,4,1,0
BRDA:100,5,0,0
BRDA:100,5,1,0
BRDA:107,6,0,0
BRDA:107,6,1,0
BRDA:113,7,0,0
BRDA:113,7,1,0
BRDA:121,8,0,0
BRDA:121,8,1,0
BRDA:129,9,0,0
BRDA:129,9,1,0
BRDA:137,10,0,0
BRDA:137,10,1,0
BRDA:147,11,0,0
BRDA:147,11,1,0
BRDA:153,12,0,0
BRDA:153,12,1,0
BRDA:153,13,0,0
BRDA:153,13,1,0
BRDA:155,14,0,0
BRDA:155,14,1,0
BRDA:155,15,0,0
BRDA:155,15,1,0
BRDA:165,16,0,0
BRDA:165,16,1,0
BRDA:165,16,2,0
BRDA:165,16,3,0
BRDA:177,17,0,0
BRDA:177,17,1,0
BRDA:177,17,2,0
BRDA:177,17,3,0
BRDA:271,18,0,0
BRDA:271,18,1,0
BRDA:288,19,0,0
BRDA:288,19,1,0
BRDA:307,20,0,0
BRDA:307,20,1,0
BRF:45
BRH:0
end_of_record
TN:
SF:services\supabaseService.ts
FN:6,(anonymous_0)
FN:24,(anonymous_1)
FN:63,(anonymous_2)
FN:109,(anonymous_3)
FN:117,(anonymous_4)
FN:159,(anonymous_5)
FN:170,(anonymous_6)
FN:183,(anonymous_7)
FN:233,(anonymous_8)
FN:271,(anonymous_9)
FN:288,(anonymous_10)
FN:302,(anonymous_11)
FN:316,(anonymous_12)
FN:327,(anonymous_13)
FN:339,(anonymous_14)
FN:349,(anonymous_15)
FN:360,(anonymous_16)
FN:371,(anonymous_17)
FN:383,(anonymous_18)
FN:393,(anonymous_19)
FN:404,(anonymous_20)
FN:416,(anonymous_21)
FN:431,(anonymous_22)
FN:447,(anonymous_23)
FNF:24
FNH:0
FNDA:0,(anonymous_0)
FNDA:0,(anonymous_1)
FNDA:0,(anonymous_2)
FNDA:0,(anonymous_3)
FNDA:0,(anonymous_4)
FNDA:0,(anonymous_5)
FNDA:0,(anonymous_6)
FNDA:0,(anonymous_7)
FNDA:0,(anonymous_8)
FNDA:0,(anonymous_9)
FNDA:0,(anonymous_10)
FNDA:0,(anonymous_11)
FNDA:0,(anonymous_12)
FNDA:0,(anonymous_13)
FNDA:0,(anonymous_14)
FNDA:0,(anonymous_15)
FNDA:0,(anonymous_16)
FNDA:0,(anonymous_17)
FNDA:0,(anonymous_18)
FNDA:0,(anonymous_19)
FNDA:0,(anonymous_20)
FNDA:0,(anonymous_21)
FNDA:0,(anonymous_22)
FNDA:0,(anonymous_23)
DA:7,0
DA:8,0
DA:11,0
DA:13,0
DA:15,0
DA:17,0
DA:19,0
DA:25,0
DA:33,0
DA:34,0
DA:35,0
DA:39,0
DA:40,0
DA:41,0
DA:49,0
DA:50,0
DA:51,0
DA:54,0
DA:60,0
DA:64,0
DA:69,0
DA:70,0
DA:71,0
DA:75,0
DA:76,0
DA:77,0
DA:83,0
DA:85,0
DA:93,0
DA:94,0
DA:97,0
DA:98,0
DA:101,0
DA:106,0
DA:110,0
DA:111,0
DA:112,0
DA:113,0
DA:118,0
DA:119,0
DA:120,0
DA:121,0
DA:124,0
DA:126,0
DA:127,0
DA:133,0
DA:135,0
DA:143,0
DA:144,0
DA:148,0
DA:152,0
DA:154,0
DA:160,0
DA:166,0
DA:167,0
DA:171,0
DA:178,0
DA:179,0
DA:184,0
DA:186,0
DA:189,0
DA:192,0
DA:193,0
DA:194,0
DA:197,0
DA:198,0
DA:199,0
DA:200,0
DA:204,0
DA:211,0
DA:212,0
DA:213,0
DA:217,0
DA:221,0
DA:224,0
DA:226,0
DA:228,0
DA:229,0
DA:234,0
DA:236,0
DA:242,0
DA:243,0
DA:244,0
DA:247,0
DA:249,0
DA:250,0
DA:253,0
DA:257,0
DA:258,0
DA:264,0
DA:266,0
DA:267,0
DA:272,0
DA:273,0
DA:279,0
DA:280,0
DA:282,0
DA:283,0
DA:289,0
DA:298,0
DA:299,0
DA:303,0
DA:312,0
DA:313,0
DA:317,0
DA:323,0
DA:324,0
DA:328,0
DA:335,0
DA:336,0
DA:340,0
DA:345,0
DA:350,0
DA:356,0
DA:357,0
DA:361,0
DA:367,0
DA:368,0
DA:372,0
DA:379,0
DA:380,0
DA:384,0
DA:389,0
DA:394,0
DA:400,0
DA:401,0
DA:405,0
DA:411,0
DA:412,0
DA:417,0
DA:426,0
DA:427,0
DA:432,0
DA:448,0
LF:134
LH:0
BRDA:8,0,0,0
BRDA:8,0,1,0
BRDA:8,0,2,0
BRDA:8,0,3,0
BRDA:8,0,4,0
BRDA:8,0,5,0
BRDA:33,1,0,0
BRDA:33,1,1,0
BRDA:39,2,0,0
BRDA:39,2,1,0
BRDA:46,3,0,0
BRDA:46,3,1,0
BRDA:46,3,2,0
BRDA:49,4,0,0
BRDA:49,4,1,0
BRDA:69,5,0,0
BRDA:69,5,1,0
BRDA:75,6,0,0
BRDA:75,6,1,0
BRDA:83,7,0,0
BRDA:83,7,1,0
BRDA:83,8,0,0
BRDA:83,8,1,0
BRDA:90,9,0,0
BRDA:90,9,1,0
BRDA:93,10,0,0
BRDA:93,10,1,0
BRDA:97,11,0,0
BRDA:97,11,1,0
BRDA:111,12,0,0
BRDA:111,12,1,0
BRDA:120,13,0,0
BRDA:120,13,1,0
BRDA:124,14,0,0
BRDA:124,14,1,0
BRDA:133,15,0,0
BRDA:133,15,1,0
BRDA:133,16,0,0
BRDA:133,16,1,0
BRDA:140,17,0,0
BRDA:140,17,1,0
BRDA:143,18,0,0
BRDA:143,18,1,0
BRDA:166,19,0,0
BRDA:166,19,1,0
BRDA:178,20,0,0
BRDA:178,20,1,0
BRDA:186,21,0,0
BRDA:186,21,1,0
BRDA:192,22,0,0
BRDA:192,22,1,0
BRDA:211,23,0,0
BRDA:211,23,1,0
BRDA:242,24,0,0
BRDA:242,24,1,0
BRDA:247,25,0,0
BRDA:247,25,1,0
BRDA:257,26,0,0
BRDA:257,26,1,0
BRDA:279,27,0,0
BRDA:279,27,1,0
BRDA:280,28,0,0
BRDA:280,28,1,0
BRDA:298,29,0,0
BRDA:298,29,1,0
BRDA:299,30,0,0
BRDA:299,30,1,0
BRDA:312,31,0,0
BRDA:312,31,1,0
BRDA:323,32,0,0
BRDA:323,32,1,0
BRDA:335,33,0,0
BRDA:335,33,1,0
BRDA:345,34,0,0
BRDA:345,34,1,0
BRDA:356,35,0,0
BRDA:356,35,1,0
BRDA:357,36,0,0
BRDA:357,36,1,0
BRDA:367,37,0,0
BRDA:367,37,1,0
BRDA:379,38,0,0
BRDA:379,38,1,0
BRDA:389,39,0,0
BRDA:389,39,1,0
BRDA:400,40,0,0
BRDA:400,40,1,0
BRDA:401,41,0,0
BRDA:401,41,1,0
BRDA:411,42,0,0
BRDA:411,42,1,0
BRDA:426,43,0,0
BRDA:426,43,1,0
BRDA:427,44,0,0
BRDA:427,44,1,0
BRF:95
BRH:0
end_of_record
TN:
SF:utils\streakCalculator.ts
FN:15,calculateSkillStreak
FN:22,(anonymous_1)
FN:28,(anonymous_2)
FN:34,(anonymous_3)
FN:77,calculateUserStreak
FN:83,(anonymous_5)
FN:85,(anonymous_6)
FN:91,(anonymous_7)
FN:98,(anonymous_8)
FN:141,getActivityData
FN:159,(anonymous_10)
FN:161,(anonymous_11)
FN:171,(anonymous_12)
FN:181,(anonymous_13)
FNF:14
FNH:7
FNDA:402,calculateSkillStreak
FNDA:3,(anonymous_1)
FNDA:0,(anonymous_2)
FNDA:2,(anonymous_3)
FNDA:1,calculateUserStreak
FNDA:2,(anonymous_5)
FNDA:1,(anonymous_6)
FNDA:1,(anonymous_7)
FNDA:0,(anonymous_8)
FNDA:0,getActivityData
FNDA:0,(anonymous_10)
FNDA:0,(anonymous_11)
FNDA:0,(anonymous_12)
FNDA:0,(anonymous_13)
DA:16,402
DA:19,1
DA:22,1
DA:23,3
DA:24,3
DA:28,1
DA:29,0
DA:30,0
DA:34,2
DA:36,1
DA:38,1
DA:39,1
DA:41,1
DA:42,1
DA:45,1
DA:46,1
DA:47,3
DA:50,3
DA:51,1
DA:52,1
DA:53,1
DA:57,2
DA:58,2
DA:59,2
DA:61,2
DA:62,2
DA:63,2
DA:66,0
DA:71,1
DA:78,1
DA:81,1
DA:83,1
DA:85,2
DA:86,1
DA:87,1
DA:91,2
DA:92,1
DA:93,1
DA:98,1
DA:100,1
DA:102,1
DA:103,1
DA:105,1
DA:106,1
DA:109,1
DA:110,1
DA:111,1
DA:114,1
DA:115,1
DA:116,1
DA:117,1
DA:121,0
DA:122,0
DA:123,0
DA:125,0
DA:126,0
DA:127,0
DA:130,0
DA:135,1
DA:142,0
DA:143,0
DA:146,0
DA:147,0
DA:148,0
DA:149,0
DA:150,0
DA:159,0
DA:161,0
DA:162,0
DA:163,0
DA:164,0
DA:165,0
DA:166,0
DA:171,0
DA:172,0
DA:173,0
DA:174,0
DA:175,0
DA:181,0
LF:79
LH:49
BRDA:16,0,0,401
BRDA:16,0,1,1
BRDA:16,1,0,402
BRDA:16,1,1,401
BRDA:23,2,0,3
BRDA:23,2,1,0
BRDA:36,3,0,0
BRDA:36,3,1,1
BRDA:45,4,0,1
BRDA:45,4,1,0
BRDA:45,5,0,1
BRDA:45,5,1,0
BRDA:50,6,0,1
BRDA:50,6,1,2
BRDA:50,7,0,3
BRDA:50,7,1,1
BRDA:50,7,2,0
BRDA:61,8,0,2
BRDA:61,8,1,0
BRDA:78,9,0,0
BRDA:78,9,1,1
BRDA:86,10,0,1
BRDA:86,10,1,0
BRDA:100,11,0,0
BRDA:100,11,1,1
BRDA:109,12,0,1
BRDA:109,12,1,0
BRDA:109,13,0,1
BRDA:109,13,1,0
BRDA:114,14,0,1
BRDA:114,14,1,0
BRDA:114,15,0,1
BRDA:114,15,1,1
BRDA:114,15,2,0
BRDA:125,16,0,0
BRDA:125,16,1,0
BRDA:141,17,0,0
BRDA:162,18,0,0
BRDA:162,18,1,0
BRDA:164,19,0,0
BRDA:164,19,1,0
BRDA:166,20,0,0
BRDA:166,20,1,0
BRDA:174,21,0,0
BRDA:174,21,1,0
BRF:45
BRH:21
end_of_record
TN:
SF:utils\supabase.ts
FN:12,(anonymous_0)
FN:19,(anonymous_1)
FN:26,(anonymous_2)
FNF:3
FNH:0
FNDA:0,(anonymous_0)
FNDA:0,(anonymous_1)
FNDA:0,(anonymous_2)
DA:4,0
DA:5,0
DA:8,0
DA:11,0
DA:13,0
DA:14,0
DA:16,0
DA:20,0
DA:21,0
DA:23,0
DA:27,0
DA:28,0
DA:30,0
DA:35,0
LF:14
LH:0
BRDA:4,0,0,0
BRDA:4,0,1,0
BRDA:5,1,0,0
BRDA:5,1,1,0
BRDA:11,2,0,0
BRDA:11,2,1,0
BRF:6
BRH:0
end_of_record
